<?xml version="1.0" encoding="UTF-8" ?>
<testsuite errors="0" failures="0" hostname="DESKTOP-NG34K0M" name="nz.ac.aut.ense701.gameModel.GameTest" skipped="0" tests="34" time="1.515" timestamp="2017-06-01T23:38:10">
  <properties>
    <property name="libs.jsp-compiler.javadoc" value="" />
    <property name="netbeans.autoupdate.country" value="AU" />
    <property name="nb.wait.for.caches" value="true" />
    <property name="javac.test.classpath" value=":build/classes:C:\Program Files\NetBeans 8.1\platform\modules\ext\junit-4.12.jar:C:\Program Files\NetBeans 8.1\platform\modules\ext\hamcrest-core-1.3.jar" />
    <property name="libs.jsf20.maven-pom" value="" />
    <property name="libs.DataBindingME.src" value="C:\Program Files\NetBeans 8.1\mobility\sources\netbeans_databindingme-src.zip" />
    <property name="libs.spring-webmvc4.0.src" value="" />
    <property name="ant.core.lib" value="C:\Program Files\NetBeans 8.1\extide\ant\lib\ant.jar" />
    <property name="javadoc.windowtitle" value="" />
    <property name="libs.jsp-compilation.javadoc" value="" />
    <property name="user.dir" value="C:\Users\TonyAlien\Documents\Software Engineering\New KiwiIsland\KiwiIsland" />
    <property name="libs.javaee-api-7.0.src" value="" />
    <property name="java.vm.version" value="25.74-b02" />
    <property name="libs.DataBindingME.classpath" value="C:\Program Files\NetBeans 8.1\mobility\modules\ext\netbeans_databindingme.jar" />
    <property name="libs.j2me_common_ant.src" value="" />
    <property name="libs.MySQLDriver.classpath" value="C:\Program Files\NetBeans 8.1\ide\modules\ext\mysql-connector-java-5.1.23-bin.jar" />
    <property name="libs.eclipselinkmodelgen.src" value="" />
    <property name="javadoc.notree" value="false" />
    <property name="netbeans.autoupdate.version" value="1.23" />
    <property name="libs.javaee-web-api-6.0.classpath" value="C:\Program Files\NetBeans 8.1\enterprise\modules\ext\javaee-web-api-6.0.jar" />
    <property name="libs.DataBindingME-PIM.maven-pom" value="" />
    <property name="javac.profile.cmd.line.arg" value="" />
    <property name="jdk.home" value="C:\Program Files\Java\jdk1.8.0_74" />
    <property name="libs.javac-api.src" value="" />
    <property name="javadoc.noindex" value="false" />
    <property name="libs.jpa2-persistence.classpath" value="C:\Program Files\NetBeans 8.1\java\modules\ext\hibernate4\hibernate-jpa-2.1-api-1.0.0.Final.jar" />
    <property name="sun.os.patch.level" value="" />
    <property name="do.archive+manifest.available" value="true" />
    <property name="java.vm.specification.name" value="Java Virtual Machine Specification" />
    <property name="ant.file.KiwiIsland-impl" value="C:\Users\TonyAlien\Documents\Software Engineering\New KiwiIsland\KiwiIsland\nbproject\build-impl.xml" />
    <property name="nb.show.statistics.ui" value="usageStatisticsEnabled" />
    <property name="netbeans.autoupdate.variant" value="" />
    <property name="have.tests" value="true" />
    <property name="org.xml.sax.driver" value="com.sun.org.apache.xerces.internal.jaxp.SAXParserImpl$JAXPSAXParser" />
    <property name="libs.hamcrest.classpath" value="C:\Program Files\NetBeans 8.1\platform\modules\ext\hamcrest-core-1.3.jar" />
    <property name="libs.javac-api.javadoc" value="" />
    <property name="os.name" value="Windows 10" />
    <property name="libs.beans-binding.classpath" value="C:\Program Files\NetBeans 8.1\java\modules\ext\beansbinding-1.2.1.jar" />
    <property name="libs.javaee-endorsed-api-7.0.maven-pom" value="" />
    <property name="ap.proc.none.internal" value="" />
    <property name="libs.DataBindingME-SVG.javadoc" value="C:\Program Files\NetBeans 8.1\mobility\modules\docs\netbeans_databindingme_svg-api.zip" />
    <property name="libs.restapi.javadoc" value="" />
    <property name="libs.JWSAntTasks.maven-pom" value="" />
    <property name="libs.jstl.classpath" value="C:\Program Files\NetBeans 8.1\enterprise\modules\ext\jstl-impl.jar;C:\Program Files\NetBeans 8.1\enterprise\modules\ext\jstl-api.jar" />
    <property name="libs.testng.src" value="" />
    <property name="libs.spring-webmvc3.0.src" value="" />
    <property name="libs.restapi.classpath" value="C:\Program Files\NetBeans 8.1\enterprise\modules\ext\jaxrs-2.0\javax.ws.rs-api-2.0.jar" />
    <property name="java.vendor.url.bug" value="http://bugreport.sun.com/bugreport/" />
    <property name="libs.jaxb.maven-pom" value="" />
    <property name="os.arch" value="amd64" />
    <property name="libs.eclipselink.src" value="" />
    <property name="user.name" value="TonyAlien" />
    <property name="libs.jsf12.javadoc" value="C:\Program Files\NetBeans 8.1\enterprise\docs\javaee-doc-api.jar" />
    <property name="copylibs.rebase" value="true" />
    <property name="libs.j2me_common_ant.maven-pom" value="" />
    <property name="libs.spring-webmvc3.0.maven-pom" value="" />
    <property name="libs.swing-layout.maven-pom" value="" />
    <property name="sun.java.command" value="org.apache.tools.ant.taskdefs.optional.junit.JUnitTestRunner nz.ac.aut.ense701.gameModel.GameTest skipNonTests=false filtertrace=true haltOnError=false haltOnFailure=false showoutput=true outputtoformatters=true logfailedtests=true threadid=0 logtestlistenerevents=true formatter=org.apache.tools.ant.taskdefs.optional.junit.BriefJUnitResultFormatter formatter=org.apache.tools.ant.taskdefs.optional.junit.XMLJUnitResultFormatter,C:\Users\TonyAlien\Documents\Software Engineering\New KiwiIsland\KiwiIsland\build\test\results\TEST-nz.ac.aut.ense701.gameModel.GameTest.xml crashfile=C:\Users\TonyAlien\Documents\Software Engineering\New KiwiIsland\KiwiIsland\build\junitvmwatcher8695354073305747599.properties propsfile=C:\Users\TonyAlien\Documents\Software Engineering\New KiwiIsland\KiwiIsland\build\junit3924363445467879789.properties" />
    <property name="build.classes.dir" value="build/classes" />
    <property name="netbeans.accept_license_class" value="org.netbeans.license.AcceptLicense" />
    <property name="build.sysclasspath" value="ignore" />
    <property name="manifest.encoding" value="UTF-8" />
    <property name="ap.supported.internal" value="true" />
    <property name="java.failonerror" value="true" />
    <property name="libs.javaee-endorsed-api-7.0.javadoc" value="C:\Program Files\NetBeans 8.1\enterprise\docs\javaee-doc-api.jar" />
    <property name="libs.jaxws21.javadoc" value="C:\Program Files\NetBeans 8.1\java\docs\jaxws-api-doc.zip" />
    <property name="libs.spring-webmvc4.0.javadoc" value="" />
    <property name="includes" value="nz/ac/aut/ense701/gameModel/**/*Test.java" />
    <property name="user.country" value="AU" />
    <property name="manifest.file" value="manifest.mf" />
    <property name="javadoc.encoding" value="UTF-8" />
    <property name="javac.classpath" value="" />
    <property name="libs.jsp-compilation-syscp.src" value="" />
    <property name="libs.spring-framework400.classpath" value="C:\Program Files\NetBeans 8.1\ide\modules\org-apache-commons-logging.jar;C:\Program Files\NetBeans 8.1\java\modules\ext\cglib-2.2.jar;C:\Program Files\NetBeans 8.1\java\modules\ext\spring-4\spring-aop-4.0.1.RELEASE.jar;C:\Program Files\NetBeans 8.1\java\modules\ext\spring-4\spring-aspects-4.0.1.RELEASE.jar;C:\Program Files\NetBeans 8.1\java\modules\ext\spring-4\spring-beans-4.0.1.RELEASE.jar;C:\Program Files\NetBeans 8.1\java\modules\ext\spring-4\spring-build-src-4.0.1.RELEASE.jar;C:\Program Files\NetBeans 8.1\java\modules\ext\spring-4\spring-context-4.0.1.RELEASE.jar;C:\Program Files\NetBeans 8.1\java\modules\ext\spring-4\spring-context-support-4.0.1.RELEASE.jar;C:\Program Files\NetBeans 8.1\java\modules\ext\spring-4\spring-core-4.0.1.RELEASE.jar;C:\Program Files\NetBeans 8.1\java\modules\ext\spring-4\spring-expression-4.0.1.RELEASE.jar;C:\Program Files\NetBeans 8.1\java\modules\ext\spring-4\spring-framework-bom-4.0.1.RELEASE.jar;C:\Program Files\NetBeans 8.1\java\modules\ext\spring-4\spring-instrument-4.0.1.RELEASE.jar;C:\Program Files\NetBeans 8.1\java\modules\ext\spring-4\spring-instrument-tomcat-4.0.1.RELEASE.jar;C:\Program Files\NetBeans 8.1\java\modules\ext\spring-4\spring-jdbc-4.0.1.RELEASE.jar;C:\Program Files\NetBeans 8.1\java\modules\ext\spring-4\spring-jms-4.0.1.RELEASE.jar;C:\Program Files\NetBeans 8.1\java\modules\ext\spring-4\spring-messaging-4.0.1.RELEASE.jar;C:\Program Files\NetBeans 8.1\java\modules\ext\spring-4\spring-orm-4.0.1.RELEASE.jar;C:\Program Files\NetBeans 8.1\java\modules\ext\spring-4\spring-oxm-4.0.1.RELEASE.jar;C:\Program Files\NetBeans 8.1\java\modules\ext\spring-4\spring-test-4.0.1.RELEASE.jar;C:\Program Files\NetBeans 8.1\java\modules\ext\spring-4\spring-tx-4.0.1.RELEASE.jar;C:\Program Files\NetBeans 8.1\java\modules\ext\spring-4\spring-web-4.0.1.RELEASE.jar;C:\Program Files\NetBeans 8.1\java\modules\ext\spring-4\spring-webmvc-4.0.1.RELEASE.jar;C:\Program Files\NetBeans 8.1\java\modules\ext\spring-4\spring-webmvc-portlet-4.0.1.RELEASE.jar;C:\Program Files\NetBeans 8.1\java\modules\ext\spring-4\spring-websocket-4.0.1.RELEASE.jar" />
    <property name="debug-transport" value="dt_shmem" />
    <property name="netbeans.home" value="C:\Program Files\NetBeans 8.1\platform" />
    <property name="build.compiler.emacs" value="true" />
    <property name="libs.javaee-web-api-6.0.src" value="" />
    <property name="ant.file.type.KiwiIsland-impl" value="file" />
    <property name="libs.jsp-compilation-syscp.classpath" value="C:\Program Files\NetBeans 8.1\extide\ant\lib\ant.jar;C:\Program Files\NetBeans 8.1\enterprise\modules\ext\servlet3.1-jsp2.3-api.jar;C:\Program Files\NetBeans 8.1\enterprise\modules\ext\glassfish-jspparser-4.0.jar;C:\Program Files\NetBeans 8.1\enterprise\modules\ext\jstl-impl.jar;C:\Program Files\NetBeans 8.1\enterprise\modules\ext\jsf-2_2\javax.faces.jar" />
    <property name="java.endorsed.dirs" value="C:\Program Files\Java\jdk1.8.0_74\jre\lib\endorsed" />
    <property name="libs.groovy-all.src" value="" />
    <property name="&gt;&gt;&gt;&gt;&gt;&gt;&gt;" value="85347d38396b94252c9d003ceac57aa1dd49d8b6" />
    <property name="netbeans.dynamic.classpath" value="C:\Program Files\NetBeans 8.1\platform\core\asm-all-5.0.1.jar;C:\Program Files\NetBeans 8.1\platform\core\core-base.jar;C:\Program Files\NetBeans 8.1\platform\core\core.jar;C:\Program Files\NetBeans 8.1\platform\core\org-netbeans-libs-asm.jar;C:\Program Files\NetBeans 8.1\platform\core\org-openide-filesystems-compat8.jar;C:\Program Files\NetBeans 8.1\platform\core\org-openide-filesystems.jar;C:\Program Files\NetBeans 8.1\platform\core\locale\core-base_ja.jar;C:\Program Files\NetBeans 8.1\platform\core\locale\core-base_pt_BR.jar;C:\Program Files\NetBeans 8.1\platform\core\locale\core-base_ru.jar;C:\Program Files\NetBeans 8.1\platform\core\locale\core-base_zh_CN.jar;C:\Program Files\NetBeans 8.1\platform\core\locale\core_ja.jar;C:\Program Files\NetBeans 8.1\platform\core\locale\core_pt_BR.jar;C:\Program Files\NetBeans 8.1\platform\core\locale\core_ru.jar;C:\Program Files\NetBeans 8.1\platform\core\locale\core_zh_CN.jar;C:\Program Files\NetBeans 8.1\platform\core\locale\org-netbeans-libs-asm_ja.jar;C:\Program Files\NetBeans 8.1\platform\core\locale\org-netbeans-libs-asm_pt_BR.jar;C:\Program Files\NetBeans 8.1\platform\core\locale\org-netbeans-libs-asm_ru.jar;C:\Program Files\NetBeans 8.1\platform\core\locale\org-netbeans-libs-asm_zh_CN.jar;C:\Program Files\NetBeans 8.1\platform\core\locale\org-openide-filesystems-compat8_ja.jar;C:\Program Files\NetBeans 8.1\platform\core\locale\org-openide-filesystems-compat8_pt_BR.jar;C:\Program Files\NetBeans 8.1\platform\core\locale\org-openide-filesystems-compat8_ru.jar;C:\Program Files\NetBeans 8.1\platform\core\locale\org-openide-filesystems-compat8_zh_CN.jar;C:\Program Files\NetBeans 8.1\platform\core\locale\org-openide-filesystems_ja.jar;C:\Program Files\NetBeans 8.1\platform\core\locale\org-openide-filesystems_pt_BR.jar;C:\Program Files\NetBeans 8.1\platform\core\locale\org-openide-filesystems_ru.jar;C:\Program Files\NetBeans 8.1\platform\core\locale\org-openide-filesystems_zh_CN.jar;C:\Program Files\NetBeans 8.1\nb\core\org-netbeans-upgrader.jar;C:\Program Files\NetBeans 8.1\nb\core\locale\core_nb.jar;C:\Program Files\NetBeans 8.1\nb\core\locale\core_nb_ja.jar;C:\Program Files\NetBeans 8.1\nb\core\locale\core_nb_pt_BR.jar;C:\Program Files\NetBeans 8.1\nb\core\locale\core_nb_ru.jar;C:\Program Files\NetBeans 8.1\nb\core\locale\core_nb_zh_CN.jar;C:\Program Files\NetBeans 8.1\nb\core\locale\org-netbeans-upgrader_ja.jar;C:\Program Files\NetBeans 8.1\nb\core\locale\org-netbeans-upgrader_pt_BR.jar;C:\Program Files\NetBeans 8.1\nb\core\locale\org-netbeans-upgrader_ru.jar;C:\Program Files\NetBeans 8.1\nb\core\locale\org-netbeans-upgrader_zh_CN.jar" />
    <property name="java.vm.specification.version" value="1.8" />
    <property name="libs.hibernate4-support.src" value="" />
    <property name="libs.primefaces.classpath" value="C:\Program Files\NetBeans 8.1\enterprise\modules\ext\primefaces\primefaces-5.0.jar" />
    <property name="libs.javaee-api-6.0.classpath" value="C:\Program Files\NetBeans 8.1\enterprise\modules\ext\javaee-api-6.0.jar" />
    <property name="libs.groovy-all.maven-pom" value="" />
    <property name="netbeans.productversion" value="NetBeans IDE 8.1 (Build 201510222201)" />
    <property name="libs.jaxws21.src" value="" />
    <property name="application.title" value="KiwiIsland" />
    <property name="do.archive" value="true" />
    <property name="netbeans.autoupdate.language" value="en" />
    <property name="java.vendor" value="Oracle Corporation" />
    <property name="libs.javaee-api-6.0.javadoc" value="C:\Program Files\NetBeans 8.1\enterprise\docs\javaee-doc-api.jar" />
    <property name="jar.index.metainf" value="false" />
    <property name="javac.debug" value="true" />
    <property name="javadoc.splitindex" value="true" />
    <property name="file.separator" value="\" />
    <property name="libs.junit_4.maven-pom" value="" />
    <property name="mkdist.disabled" value="false" />
    <property name="javac.test.processorpath" value=":build/classes:C:\Program Files\NetBeans 8.1\platform\modules\ext\junit-4.12.jar:C:\Program Files\NetBeans 8.1\platform\modules\ext\hamcrest-core-1.3.jar" />
    <property name="netbeans.buildnumber" value="201510222201" />
    <property name="libs.JWSAntTasks.javadoc" value="" />
    <property name="build.generated.sources.dir" value="build/generated-sources" />
    <property name="user.variant" value="" />
    <property name="libs.eclipselinkmodelgen.classpath" value="C:\Program Files\NetBeans 8.1\java\modules\ext\eclipselink\org.eclipse.persistence.jpa.modelgen_2.5.2.v20140319-9ad6abd.jar" />
    <property name="libs.javaee-endorsed-api-7.0.src" value="" />
    <property name="sun.java.launcher" value="SUN_STANDARD" />
    <property name="libs.hibernate4-persistencemodelgen.javadoc" value="" />
    <property name="libs.jaxb.javadoc" value="C:\Program Files\NetBeans 8.1\ide\docs\jaxb-api-doc.zip" />
    <property name="libs.struts.classpath" value="C:\Program Files\NetBeans 8.1\enterprise\modules\ext\struts\antlr-2.7.2.jar;C:\Program Files\NetBeans 8.1\enterprise\modules\ext\struts\bsf-2.3.0.jar;C:\Program Files\NetBeans 8.1\enterprise\modules\ext\struts\commons-beanutils-1.8.0.jar;C:\Program Files\NetBeans 8.1\enterprise\modules\ext\struts\commons-chain-1.2.jar;C:\Program Files\NetBeans 8.1\enterprise\modules\ext\struts\commons-digester-1.8.jar;C:\Program Files\NetBeans 8.1\enterprise\modules\ext\struts\commons-fileupload-1.1.1.jar;C:\Program Files\NetBeans 8.1\enterprise\modules\ext\struts\commons-io-1.1.jar;C:\Program Files\NetBeans 8.1\enterprise\modules\ext\struts\commons-logging-1.0.4.jar;C:\Program Files\NetBeans 8.1\enterprise\modules\ext\struts\commons-validator-1.3.1.jar;C:\Program Files\NetBeans 8.1\enterprise\modules\ext\struts\jstl-1.0.2.jar;C:\Program Files\NetBeans 8.1\enterprise\modules\ext\struts\oro-2.0.8.jar;C:\Program Files\NetBeans 8.1\enterprise\modules\ext\struts\standard-1.0.6.jar;C:\Program Files\NetBeans 8.1\enterprise\modules\ext\struts\struts-core-1.3.10.jar;C:\Program Files\NetBeans 8.1\enterprise\modules\ext\struts\struts-el-1.3.10.jar;C:\Program Files\NetBeans 8.1\enterprise\modules\ext\struts\struts-extras-1.3.10.jar;C:\Program Files\NetBeans 8.1\enterprise\modules\ext\struts\struts-faces-1.3.10.jar;C:\Program Files\NetBeans 8.1\enterprise\modules\ext\struts\struts-mailreader-dao-1.3.10.jar;C:\Program Files\NetBeans 8.1\enterprise\modules\ext\struts\struts-scripting-1.3.10.jar;C:\Program Files\NetBeans 8.1\enterprise\modules\ext\struts\struts-taglib-1.3.10.jar;C:\Program Files\NetBeans 8.1\enterprise\modules\ext\struts\struts-tiles-1.3.10.jar" />
    <property name="ant.home" value="C:\Program Files\NetBeans 8.1\extide\ant" />
    <property name="libs.junit_4.src" value="C:\Program Files\NetBeans 8.1\platform\docs\junit-4.12-sources.jar" />
    <property name="libs.testng.classpath" value="C:\Program Files\NetBeans 8.1\platform\modules\ext\testng-6.8.1-dist.jar" />
    <property name="ant.java.version" value="1.8" />
    <property name="java.library.path" value="C:\Program Files\Java\jdk1.8.0_74\jre\bin;C:\WINDOWS\Sun\Java\bin;C:\WINDOWS\system32;C:\WINDOWS;C:\ProgramData\Oracle\Java\javapath;C:\WINDOWS\system32;C:\WINDOWS;C:\WINDOWS\System32\Wbem;C:\WINDOWS\System32\WindowsPowerShell\v1.0\;C:\Program Files\nodejs\;C:\Python\anaconda;C:\Python\anaconda\Scripts;C:\Python\anaconda\Library\bin;C:\Python\Scripts\;C:\Python\;C:\Users\TonyAlien\AppData\Local\Programs\EmEditor;C:\Users\TonyAlien\AppData\Local\atom\bin;C:\Users\TonyAlien\AppData\Roaming\npm;C:\Users\TonyAlien\AppData\Local\Microsoft\WindowsApps;;." />
    <property name="javadoc.author" value="false" />
    <property name="libs.metro.maven-pom" value="" />
    <property name="java.util.logging.config.class" value="org.netbeans.core.startup.TopLogging" />
    <property name="libs.spring-framework400.src" value="" />
    <property name="libs.PostgreSQLDriver.src" value="" />
    <property name="sun.arch.data.model" value="64" />
    <property name="basedir" value="C:\Users\TonyAlien\Documents\Software Engineering\New KiwiIsland\KiwiIsland" />
    <property name="libs.jpa20-persistence.maven-pom" value="" />
    <property name="jar.compress" value="false" />
    <property name="libs.javaee-web-api-7.0.classpath" value="C:\Program Files\NetBeans 8.1\enterprise\modules\ext\javaee-web-api-7.0.jar" />
    <property name="path.separator" value=";" />
    <property name="libs.javaee-web-api-6.0.javadoc" value="C:\Program Files\NetBeans 8.1\enterprise\docs\javaee-doc-api.jar" />
    <property name="ant.junit.enabletestlistenerevents" value="true" />
    <property name="sun.io.unicode.encoding" value="UnicodeLittle" />
    <property name="libs.jaxws21.classpath" value="C:\Program Files\NetBeans 8.1\ide\modules\ext\jaxb\jaxb-impl.jar;C:\Program Files\NetBeans 8.1\ide\modules\ext\jaxb\jaxb-xjc.jar;C:\Program Files\NetBeans 8.1\java\modules\ext\jaxws22\FastInfoset.jar;C:\Program Files\NetBeans 8.1\java\modules\ext\jaxws22\gmbal-api-only.jar;C:\Program Files\NetBeans 8.1\java\modules\ext\jaxws22\ha-api.jar;C:\Program Files\NetBeans 8.1\java\modules\ext\jaxws22\javax.mail_1.4.jar;C:\Program Files\NetBeans 8.1\java\modules\ext\jaxws22\jaxws-rt.jar;C:\Program Files\NetBeans 8.1\java\modules\ext\jaxws22\jaxws-tools.jar;C:\Program Files\NetBeans 8.1\java\modules\ext\jaxws22\management-api.jar;C:\Program Files\NetBeans 8.1\java\modules\ext\jaxws22\mimepull.jar;C:\Program Files\NetBeans 8.1\java\modules\ext\jaxws22\policy.jar;C:\Program Files\NetBeans 8.1\java\modules\ext\jaxws22\saaj-impl.jar;C:\Program Files\NetBeans 8.1\java\modules\ext\jaxws22\stax-ex.jar;C:\Program Files\NetBeans 8.1\java\modules\ext\jaxws22\stax2-api.jar;C:\Program Files\NetBeans 8.1\java\modules\ext\jaxws22\streambuffer.jar;C:\Program Files\NetBeans 8.1\java\modules\ext\jaxws22\woodstox-core-asl.jar;C:\Program Files\NetBeans 8.1\java\modules\ext\jaxws22\api\jaxws-api.jar;C:\Program Files\NetBeans 8.1\java\modules\ext\jaxws22\api\jsr181-api.jar;C:\Program Files\NetBeans 8.1\java\modules\ext\jaxws22\api\javax.annotation.jar;C:\Program Files\NetBeans 8.1\java\modules\ext\jaxws22\api\saaj-api.jar;C:\Program Files\NetBeans 8.1\ide\modules\ext\jaxb\activation.jar;C:\Program Files\NetBeans 8.1\ide\modules\ext\jaxb\api\jaxb-api.jar;C:\Program Files\NetBeans 8.1\ide\modules\ext\jaxb\api\jsr173_1.0_api.jar" />
    <property name="libs.struts.src" value="" />
    <property name="compile.on.save" value="true" />
    <property name="apple.awt.graphics.UseQuartz" value="true" />
    <property name="user.language" value="en" />
    <property name="testng.mode" value="testng" />
    <property name="libs.JAXB-ENDORSED.maven-pom" value="" />
    <property name="libs.eclipselink.maven-pom" value="" />
    <property name="application.vendor" value="smarks" />
    <property name="test.binaryincludes" value="&lt;nothing&gt;" />
    <property name="manifest.available" value="true" />
    <property name="libs.primefaces.javadoc" value="" />
    <property name="libs.spring-framework300.maven-pom" value="" />
    <property name="run.test.classpath" value=":build/classes:C:\Program Files\NetBeans 8.1\platform\modules\ext\junit-4.12.jar:C:\Program Files\NetBeans 8.1\platform\modules\ext\hamcrest-core-1.3.jar:build/test/classes" />
    <property name="ant.project.invoked-targets" value="test" />
    <property name="test.binaryexcludes" value="" />
    <property name="libs.swing-layout.javadoc" value="C:\Program Files\NetBeans 8.1\platform\docs\swing-layout-1.0.4-doc.zip" />
    <property name="sun.java2d.dpiaware" value="true" />
    <property name="libs.hibernate4-persistence.maven-pom" value="" />
    <property name="libs.DataBindingME-SVG.classpath" value="C:\Program Files\NetBeans 8.1\mobility\modules\ext\netbeans_databindingme_svg.jar" />
    <property name="https.nonProxyHosts" value="localhost|127.0.0.1|DESKTOP-NG34K0M" />
    <property name="libs.PostgreSQLDriver.maven-pom" value="" />
    <property name="java.class.version" value="52.0" />
    <property name="libs.hibernate4-persistencemodelgen.maven-pom" value="" />
    <property name="libs.javaee-endorsed-api-6.0.src" value="" />
    <property name="libs.eclipselink.javadoc" value="C:\Program Files\NetBeans 8.1\java\modules\ext\docs\javax.persistence-2.1.0-doc.zip" />
    <property name="platforms.JDK_1.8.compiler" value="modern" />
    <property name="libs.jsp-compilation.maven-pom" value="" />
    <property name="user.properties.file" value="C:\Users\TonyAlien\AppData\Roaming\NetBeans\8.1\build.properties" />
    <property name="runtime.encoding" value="UTF-8" />
    <property name="libs.javac-api.maven-pom" value="" />
    <property name="file.encoding.pkg" value="sun.io" />
    <property name="sun.cpu.endian" value="little" />
    <property name="libs.JAXB-ENDORSED.javadoc" value="" />
    <property name="libs.JWSAntTasks.classpath" value="C:\Program Files\NetBeans 8.1\java\ant\extra\org-netbeans-modules-javawebstart-anttasks.jar" />
    <property name="libs.spring-webmvc4.0.maven-pom" value="" />
    <property name="libs.spring-framework300.src" value="" />
    <property name="libs.jstl.src" value="" />
    <property name="empty.dir" value="C:\Users\TonyAlien\Documents\Software Engineering\New KiwiIsland\KiwiIsland\build\empty" />
    <property name="&lt;&lt;&lt;&lt;&lt;&lt;&lt;" value="HEAD" />
    <property name="version-output" value="java version &quot;1.8" />
    <property name="test.binarytestincludes" value="" />
    <property name="libs.hibernate4-persistencemodelgen.src" value="" />
    <property name="javadoc.preview" value="true" />
    <property name="libs.jpa20-persistence.javadoc" value="C:\Program Files\NetBeans 8.1\java\modules\ext\docs\javax.persistence-2.1.0-doc.zip" />
    <property name="java.home" value="C:\Program Files\Java\jdk1.8.0_74\jre" />
    <property name="libs.jsp-compilation.src" value="" />
    <property name="debug.test.classpath" value=":build/classes:C:\Program Files\NetBeans 8.1\platform\modules\ext\junit-4.12.jar:C:\Program Files\NetBeans 8.1\platform\modules\ext\hamcrest-core-1.3.jar:build/test/classes" />
    <property name="libs.javaee-endorsed-api-6.0.classpath" value="C:\Program Files\NetBeans 8.1\enterprise\modules\ext\javaee6-endorsed\javax.annotation.jar;C:\Program Files\NetBeans 8.1\enterprise\modules\ext\javaee6-endorsed\jaxb-api-osgi.jar;C:\Program Files\NetBeans 8.1\enterprise\modules\ext\javaee6-endorsed\webservices-api-osgi.jar" />
    <property name="libs.javaee-api-6.0.src" value="" />
    <property name="netbeans.importclass" value="org.netbeans.upgrade.AutoUpgrade" />
    <property name="ant.project.default-target" value="default" />
    <property name="annotation.processing.run.all.processors" value="true" />
    <property name="libs.DataBindingME.maven-pom" value="" />
    <property name="libs.PostgreSQLDriver.javadoc" value="" />
    <property name="libs.restlib.classpath" value="C:\Program Files\NetBeans 8.1\enterprise\modules\ext\jersey2\ext\asm-all-repackaged-2.2.0-b21.jar;C:\Program Files\NetBeans 8.1\enterprise\modules\ext\jersey2\ext\cglib-2.2.0-b21.jar;C:\Program Files\NetBeans 8.1\enterprise\modules\ext\jersey2\ext\guava-14.0.1.jar;C:\Program Files\NetBeans 8.1\enterprise\modules\ext\jersey2\ext\hk2-api-2.2.0-b21.jar;C:\Program Files\NetBeans 8.1\enterprise\modules\ext\jersey2\ext\hk2-locator-2.2.0-b21.jar;C:\Program Files\NetBeans 8.1\enterprise\modules\ext\jersey2\ext\hk2-utils-2.2.0-b21.jar;C:\Program Files\NetBeans 8.1\enterprise\modules\ext\jersey2\ext\javax.annotation-api-1.2.jar;C:\Program Files\NetBeans 8.1\enterprise\modules\ext\jersey2\ext\javax.inject-2.2.0-b21.jar;C:\Program Files\NetBeans 8.1\enterprise\modules\ext\jersey2\ext\javax.servlet-api-3.0.1.jar;C:\Program Files\NetBeans 8.1\enterprise\modules\ext\jersey2\ext\jaxb-api-2.2.7.jar;C:\Program Files\NetBeans 8.1\enterprise\modules\ext\jersey2\ext\jersey-entity-filtering-2.5.1.jar;C:\Program Files\NetBeans 8.1\enterprise\modules\ext\jersey2\ext\jersey-media-moxy-2.5.1.jar;C:\Program Files\NetBeans 8.1\enterprise\modules\ext\jersey2\ext\org.osgi.core-4.2.0.jar;C:\Program Files\NetBeans 8.1\enterprise\modules\ext\jersey2\ext\osgi-resource-locator-1.0.1.jar;C:\Program Files\NetBeans 8.1\enterprise\modules\ext\jersey2\ext\persistence-api-1.0.jar;C:\Program Files\NetBeans 8.1\enterprise\modules\ext\jersey2\ext\validation-api-1.1.0.Final.jar;C:\Program Files\NetBeans 8.1\enterprise\modules\ext\jersey2\jersey-client.jar;C:\Program Files\NetBeans 8.1\enterprise\modules\ext\jersey2\jersey-common.jar;C:\Program Files\NetBeans 8.1\enterprise\modules\ext\jersey2\jersey-container-servlet.jar;C:\Program Files\NetBeans 8.1\enterprise\modules\ext\jersey2\jersey-container-servlet-core.jar;C:\Program Files\NetBeans 8.1\enterprise\modules\ext\jersey2\jersey-server.jar;C:\Program Files\NetBeans 8.1\java\modules\ext\eclipselink\eclipselink.jar" />
    <property name="libs.MySQLDriver.maven-pom" value="" />
    <property name="libs.hibernate4-persistence.javadoc" value="C:\Program Files\NetBeans 8.1\java\modules\ext\docs\javax.persistence-2.1.0-doc.zip" />
    <property name="http.nonProxyHosts" value="localhost|127.0.0.1|DESKTOP-NG34K0M" />
    <property name="libs.junit_4.javadoc" value="C:\Program Files\NetBeans 8.1\platform\docs\junit-4.12-javadoc.jar" />
    <property name="platforms.JDK_1.8.bootclasspath" value="C:\Program Files\Java\jdk1.8.0_131\jre\lib\resources.jar;C:\Program Files\Java\jdk1.8.0_131\jre\lib\rt.jar;C:\Program Files\Java\jdk1.8.0_131\jre\lib\sunrsasign.jar;C:\Program Files\Java\jdk1.8.0_131\jre\lib\jsse.jar;C:\Program Files\Java\jdk1.8.0_131\jre\lib\jce.jar;C:\Program Files\Java\jdk1.8.0_131\jre\lib\charsets.jar;C:\Program Files\Java\jdk1.8.0_131\jre\lib\jfr.jar;C:\Program Files\Java\jdk1.8.0_131\jre\classes;C:\Program Files\Java\jdk1.8.0_131\jre\lib\ext\access-bridge-64.jar;C:\Program Files\Java\jdk1.8.0_131\jre\lib\ext\cldrdata.jar;C:\Program Files\Java\jdk1.8.0_131\jre\lib\ext\dnsns.jar;C:\Program Files\Java\jdk1.8.0_131\jre\lib\ext\jaccess.jar;C:\Program Files\Java\jdk1.8.0_131\jre\lib\ext\jfxrt.jar;C:\Program Files\Java\jdk1.8.0_131\jre\lib\ext\localedata.jar;C:\Program Files\Java\jdk1.8.0_131\jre\lib\ext\nashorn.jar;C:\Program Files\Java\jdk1.8.0_131\jre\lib\ext\sunec.jar;C:\Program Files\Java\jdk1.8.0_131\jre\lib\ext\sunjce_provider.jar;C:\Program Files\Java\jdk1.8.0_131\jre\lib\ext\sunmscapi.jar;C:\Program Files\Java\jdk1.8.0_131\jre\lib\ext\sunpkcs11.jar;C:\Program Files\Java\jdk1.8.0_131\jre\lib\ext\zipfs.jar" />
    <property name="libs.javaee-web-api-6.0.maven-pom" value="" />
    <property name="run.classpath" value=":build/classes" />
    <property name="jna.boot.library.name" value="jnidispatch-410" />
    <property name="libs.javaee-endorsed-api-6.0.javadoc" value="C:\Program Files\NetBeans 8.1\enterprise\docs\javaee-doc-api.jar" />
    <property name="libs.javaee-api-7.0.classpath" value="C:\Program Files\NetBeans 8.1\enterprise\modules\ext\javaee-api-7.0.jar" />
    <property name="sun.awt.datatransfer.timeout" value="1000" />
    <property name="libs.spring-webmvc3.0.javadoc" value="" />
    <property name="libs.jpa2-persistence.maven-pom" value="" />
    <property name="annotation.processing.enabled.in.editor" value="false" />
    <property name="libs.hibernate4-support.classpath" value="C:\Program Files\NetBeans 8.1\java\modules\ext\hibernate4\antlr-2.7.7.jar;C:\Program Files\NetBeans 8.1\java\modules\ext\hibernate4\c3p0-0.9.2.1.jar;C:\Program Files\NetBeans 8.1\java\modules\ext\hibernate4\hibernate-c3p0-4.3.1.Final.jar;C:\Program Files\NetBeans 8.1\java\modules\ext\hibernate4\mchange-commons-java-0.2.3.4.jar;C:\Program Files\NetBeans 8.1\java\modules\ext\hibernate4\dom4j-1.6.1.jar;C:\Program Files\NetBeans 8.1\java\modules\ext\hibernate4\ehcache-core-2.4.3.jar;C:\Program Files\NetBeans 8.1\java\modules\ext\hibernate4\hibernate-ehcache-4.3.1.Final.jar;C:\Program Files\NetBeans 8.1\java\modules\ext\hibernate4\hibernate-core-4.3.1.Final.jar;C:\Program Files\NetBeans 8.1\java\modules\ext\hibernate4\jboss-logging-3.1.3.GA.jar;C:\Program Files\NetBeans 8.1\java\modules\ext\hibernate4\hibernate-commons-annotations-4.0.4.Final.jar;C:\Program Files\NetBeans 8.1\java\modules\ext\hibernate4\hibernate-entitymanager-4.3.1.Final.jar;C:\Program Files\NetBeans 8.1\java\modules\ext\hibernate4\javassist-3.18.1-GA.jar;C:\Program Files\NetBeans 8.1\java\modules\ext\hibernate4\jboss-transaction-api_1.2_spec-1.0.0.Final.jar;C:\Program Files\NetBeans 8.1\java\modules\ext\hibernate4\slf4j-api-1.6.1.jar;C:\Program Files\NetBeans 8.1\java\modules\ext\hibernate4\slf4j-simple-1.6.1.jar" />
    <property name="nb.native.filechooser" value="false" />
    <property name="libs.restapi.src" value="" />
    <property name="sun.management.compiler" value="HotSpot 64-Bit Tiered Compilers" />
    <property name="libs.j2me_common_ant.javadoc" value="" />
    <property name="javac.deprecation" value="false" />
    <property name="javadoc.use" value="true" />
    <property name="sun.java2d.noddraw" value="true" />
    <property name="libs.jsp-compiler.classpath" value="C:\Program Files\NetBeans 8.1\enterprise\ant\extra\jspcompile.jar" />
    <property name="javac.processorpath" value="" />
    <property name="libs.hamcrest.maven-pom" value="" />
    <property name="ant.file.type.KiwiIsland" value="file" />
    <property name="javac.compilerargs" value="-Xlint:unchecked" />
    <property name="ant.file" value="C:\Users\TonyAlien\Documents\Software Engineering\New KiwiIsland\KiwiIsland\build.xml" />
    <property name="libs.beans-binding.maven-pom" value="" />
    <property name="libs.hibernate4-support.javadoc" value="C:\Program Files\NetBeans 8.1\java\modules\ext\docs\javax.persistence-2.1.0-doc.zip" />
    <property name="libs.jsf12.classpath" value="C:\Program Files\NetBeans 8.1\enterprise\modules\ext\jsf-1_2\commons-beanutils.jar;C:\Program Files\NetBeans 8.1\enterprise\modules\ext\jsf-1_2\commons-collections.jar;C:\Program Files\NetBeans 8.1\enterprise\modules\ext\jsf-1_2\commons-digester.jar;C:\Program Files\NetBeans 8.1\enterprise\modules\ext\jsf-1_2\commons-logging.jar;C:\Program Files\NetBeans 8.1\enterprise\modules\ext\jsf-1_2\jsf-api.jar;C:\Program Files\NetBeans 8.1\enterprise\modules\ext\jsf-1_2\jsf-impl.jar" />
    <property name="libs.jstl.maven-pom" value="" />
    <property name="libs.restapi.maven-pom" value="" />
    <property name="libs.beans-binding.src" value="" />
    <property name="java.vm.specification.vendor" value="Oracle Corporation" />
    <property name="libs.DataBindingME-PIM.javadoc" value="C:\Program Files\NetBeans 8.1\mobility\modules\docs\netbeans_databindingme_pim-api.zip" />
    <property name="libs.swing-layout.src" value="C:\Program Files\NetBeans 8.1\platform\docs\swing-layout-1.0.4-src.zip" />
    <property name="org.openide.major.version" value="IDE/1" />
    <property name="java.vm.name" value="Java HotSpot(TM) 64-Bit Server VM" />
    <property name="netbeans.user" value="C:\Users\TonyAlien\AppData\Roaming\NetBeans\8.1" />
    <property name="javadoc.additionalparam" value="" />
    <property name="java.io.tmpdir" value="C:\Users\TONYAL~1\AppData\Local\Temp\" />
    <property name="java.vendor.url" value="http://java.oracle.com/" />
    <property name="endorsed.classpath.cmd.line.arg" value="" />
    <property name="junit.available" value="true" />
    <property name="libs.jsp-compiler.src" value="" />
    <property name="sun.boot.library.path" value="C:\Program Files\Java\jdk1.8.0_74\jre\bin" />
    <property name="have.sources" value="true" />
    <property name="libs.hamcrest.javadoc" value="" />
    <property name="debug.classpath" value=":build/classes" />
    <property name="javac.external.vm" value="false" />
    <property name="javadoc.private" value="false" />
    <property name="test.src.dir" value="test" />
    <property name="libs.jsf20.classpath" value="C:\Program Files\NetBeans 8.1\enterprise\modules\ext\jsf-2_2\javax.faces.jar" />
    <property name="ap.processors.internal" value="" />
    <property name="meta.inf.dir" value="src/META-INF" />
    <property name="javadoc.encoding.used" value="UTF-8" />
    <property name="libs.DataBindingME-SVG.src" value="C:\Program Files\NetBeans 8.1\mobility\sources\netbeans_databindingme_svg-src.zip" />
    <property name="dist.jar" value="dist/KiwiIsland.jar" />
    <property name="libs.spring-framework400.maven-pom" value="" />
    <property name="java.runtime.name" value="Java(TM) SE Runtime Environment" />
    <property name="ant.project.name" value="KiwiIsland" />
    <property name="netbeans.hash.code" value="unique=NB_CND_EXTIDE_GFMOD_GROOVY_JAVA_JC_MOB_PHP_WEBCOMMON_WEBEE0e22259c0-898e-4cd3-8207-21f980afaf05_32fd0de0-4cd2-4ca9-988d-8eb6070e6be9" />
    <property name="netbeans.default_userdir_root" value="C:\Users\TonyAlien\AppData\Roaming\NetBeans" />
    <property name="libs.jsp-compilation-syscp.maven-pom" value="" />
    <property name="junit.selected.version" value="4" />
    <property name="sun.cpu.isalist" value="amd64" />
    <property name="libs.spring-framework400.javadoc" value="" />
    <property name="libs.CopyLibs.javadoc" value="" />
    <property name="org.openide.specification.version" value="6.2" />
    <property name="libs.DataBindingME-PIM.classpath" value="C:\Program Files\NetBeans 8.1\mobility\modules\ext\netbeans_databindingme_pim.jar" />
    <property name="user.home" value="C:\Users\TonyAlien" />
    <property name="annotation.processing.processors.list" value="" />
    <property name="libs.primefaces.maven-pom" value="" />
    <property name="debug-args-line" value="-Xdebug" />
    <property name="libs.javaee-api-6.0.maven-pom" value="" />
    <property name="libs.JWSAntTasks.src" value="" />
    <property name="jar.index" value="false" />
    <property name="libs.CopyLibs.maven-pom" value="" />
    <property name="libs.spring-framework300.javadoc" value="" />
    <property name="java.specification.name" value="Java Platform API Specification" />
    <property name="do.archive+main.class.available" value="true" />
    <property name="java.specification.vendor" value="Oracle Corporation" />
    <property name="libs.javac-api.classpath" value="C:\Program Files\NetBeans 8.1\java\modules\ext\nb-javac-api.jar" />
    <property name="java.version" value="1.8.0_74" />
    <property name="run.jvmargs.ide" value="" />
    <property name="javadoc.version" value="false" />
    <property name="libs.MySQLDriver.javadoc" value="" />
    <property name="org.openide.version" value="deprecated" />
    <property name="platform.java" value="C:\Program Files\Java\jdk1.8.0_74\jre/bin/java" />
    <property name="source.encoding" value="UTF-8" />
    <property name="ap.cmd.line.internal" value="" />
    <property name="libs.eclipselinkmodelgen.maven-pom" value="" />
    <property name="libs.jsp-compilation-syscp.javadoc" value="" />
    <property name="libs.eclipselinkmodelgen.javadoc" value="" />
    <property name="libs.javaee-endorsed-api-7.0.classpath" value="C:\Program Files\NetBeans 8.1\enterprise\modules\ext\javaee7-endorsed\javax.annotation-api.jar;C:\Program Files\NetBeans 8.1\enterprise\modules\ext\javaee7-endorsed\javax.xml.soap-api.jar;C:\Program Files\NetBeans 8.1\enterprise\modules\ext\javaee7-endorsed\jaxb-api-osgi.jar;C:\Program Files\NetBeans 8.1\enterprise\modules\ext\javaee7-endorsed\jaxws-api.jar;C:\Program Files\NetBeans 8.1\enterprise\modules\ext\javaee7-endorsed\jsr181-api.jar" />
    <property name="libs.metro.javadoc" value="C:\Program Files\NetBeans 8.1\enterprise\docs\metro-1.4-doc.zip" />
    <property name="libs.struts.maven-pom" value="" />
    <property name="netbeans.home+have.tests" value="true" />
    <property name="annotation.processing.processor.options" value="" />
    <property name="libs.testng.maven-pom" value="" />
    <property name="libs.jaxb.src" value="" />
    <property name="work.dir" value="C:\Users\TonyAlien\Documents\Software Engineering\New KiwiIsland\KiwiIsland" />
    <property name="libs.jaxb.classpath" value="C:\Program Files\NetBeans 8.1\ide\modules\ext\jaxb\jaxb-impl.jar;C:\Program Files\NetBeans 8.1\ide\modules\ext\jaxb\jaxb-xjc.jar;C:\Program Files\NetBeans 8.1\ide\modules\ext\jaxb\jaxb1-impl.jar;C:\Program Files\NetBeans 8.1\ide\modules\ext\jaxb\activation.jar;C:\Program Files\NetBeans 8.1\ide\modules\ext\jaxb\api\jaxb-api.jar;C:\Program Files\NetBeans 8.1\ide\modules\ext\jaxb\api\jsr173_1.0_api.jar" />
    <property name="do.depend" value="false" />
    <property name="dist.javadoc.dir" value="dist/javadoc" />
    <property name="libs.j2me_common_ant.classpath" value="C:\Program Files\NetBeans 8.1\mobility\modules\org-netbeans-modules-j2me-common-ant.jar;C:\Program Files\NetBeans 8.1\java\modules\org-netbeans-modules-classfile.jar" />
    <property name="libs.spring-webmvc3.0.classpath" value="C:\Program Files\NetBeans 8.1\java\modules\ext\spring-3.0\spring-webmvc-3.2.7.RELEASE.jar" />
    <property name="libs.swing-layout.classpath" value="C:\Program Files\NetBeans 8.1\platform\modules\ext\swing-layout-1.0.4.jar" />
    <property name="libs.javaee-web-api-7.0.maven-pom" value="" />
    <property name="libs.restlib.src" value="" />
    <property name="build.generated.dir" value="build/generated" />
    <property name="javac.source" value="1.8" />
    <property name="line.separator" value="&#xd;&#xa;" />
    <property name="java.specification.version" value="1.8" />
    <property name="libs.jaxws21.maven-pom" value="" />
    <property name="java.vm.info" value="mixed mode" />
    <property name="nb.junit.batch" value="true" />
    <property name="junit.forkmode" value="perTest" />
    <property name="sun.boot.class.path" value="C:\Program Files\Java\jdk1.8.0_74\jre\lib\resources.jar;C:\Program Files\Java\jdk1.8.0_74\jre\lib\rt.jar;C:\Program Files\Java\jdk1.8.0_74\jre\lib\sunrsasign.jar;C:\Program Files\Java\jdk1.8.0_74\jre\lib\jsse.jar;C:\Program Files\Java\jdk1.8.0_74\jre\lib\jce.jar;C:\Program Files\Java\jdk1.8.0_74\jre\lib\charsets.jar;C:\Program Files\Java\jdk1.8.0_74\jre\lib\jfr.jar;C:\Program Files\Java\jdk1.8.0_74\jre\classes" />
    <property name="javac.target" value="1.8" />
    <property name="built-jar.properties" value="C:\Users\TonyAlien\Documents\Software Engineering\New KiwiIsland\KiwiIsland\build\built-jar.properties" />
    <property name="build.test.classes.dir" value="build/test/classes" />
    <property name="src.dir" value="src" />
    <property name="sun.awt.keepWorkingSetOnMinimize" value="true" />
    <property name="libs.jpa2-persistence.src" value="" />
    <property name="annotation.processing.enabled" value="true" />
    <property name="${libs.beans-binding.classpath}" value="C:\Program Files\NetBeans 8.1\platform\modules\ext\junit-4.12.jar" />
    <property name="libs.jsf20.src" value="" />
    <property name="libs.jpa20-persistence.src" value="" />
    <property name="libs.DataBindingME-SVG.maven-pom" value="" />
    <property name="libs.jsf12.src" value="" />
    <property name="libs.struts.javadoc" value="C:\Program Files\NetBeans 8.1\enterprise\docs\struts-1.3.10-javadoc.zip" />
    <property name="ignore.failing.tests" value="true" />
    <property name="libs.javaee-web-api-7.0.src" value="" />
    <property name="libs.primefaces.src" value="" />
    <property name="dist.dir" value="dist" />
    <property name="libs.groovy-all.javadoc" value="" />
    <property name="testng.debug.mode" value="" />
    <property name="libs.groovy-all.classpath" value="C:\Program Files\NetBeans 8.1\groovy\modules\ext\groovy-all.jar" />
    <property name="javac.fork" value="false" />
    <property name="java.awt.printerjob" value="sun.awt.windows.WPrinterJob" />
    <property name="default.javac.source" value="1.8" />
    <property name="debug-transport-by-os" value="dt_shmem" />
    <property name="sun.jnu.encoding" value="Cp1252" />
    <property name="libs.MySQLDriver.src" value="" />
    <property name="build.test.results.dir" value="build/test/results" />
    <property name="java.runtime.version" value="1.8.0_74-b02" />
    <property name="default.javac.target" value="1.8" />
    <property name="libs.junit_4.classpath" value="C:\Program Files\NetBeans 8.1\platform\modules\ext\junit-4.12.jar" />
    <property name="user.timezone" value="" />
    <property name="nb.junit.single" value="false" />
    <property name="do.jar" value="true" />
    <property name="libs.javaee-endorsed-api-6.0.maven-pom" value="" />
    <property name="netbeans.dirs" value="C:\Program Files\NetBeans 8.1\nb;C:\Program Files\NetBeans 8.1\ergonomics;C:\Program Files\NetBeans 8.1\ide;C:\Program Files\NetBeans 8.1\extide;C:\Program Files\NetBeans 8.1\java;C:\Program Files\NetBeans 8.1\apisupport;C:\Program Files\NetBeans 8.1\webcommon;C:\Program Files\NetBeans 8.1\websvccommon;C:\Program Files\NetBeans 8.1\enterprise;C:\Program Files\NetBeans 8.1\mobility;C:\Program Files\NetBeans 8.1\profiler;C:\Program Files\NetBeans 8.1\python;C:\Program Files\NetBeans 8.1\php;C:\Program Files\NetBeans 8.1\identity;C:\Program Files\NetBeans 8.1\harness;C:\Program Files\NetBeans 8.1\cnd;C:\Program Files\NetBeans 8.1\cndext;C:\Program Files\NetBeans 8.1\dlight;C:\Program Files\NetBeans 8.1\groovy;C:\Program Files\NetBeans 8.1\extra;C:\Program Files\NetBeans 8.1\javacard;C:\Program Files\NetBeans 8.1\javafx" />
    <property name="libs.jsf20.javadoc" value="C:\Program Files\NetBeans 8.1\enterprise\docs\javaee-doc-api.jar" />
    <property name="libs.jstl.javadoc" value="C:\Program Files\NetBeans 8.1\enterprise\docs\javaee-doc-api.jar" />
    <property name="java.ext.dirs" value="C:\Program Files\Java\jdk1.8.0_74\jre\lib\ext;C:\WINDOWS\Sun\Java\lib\ext" />
    <property name="libs.metro.src" value="" />
    <property name="endorsed.classpath" value="" />
    <property name="excludes" value="" />
    <property name="libs.metro.classpath" value="C:\Program Files\NetBeans 8.1\ide\modules\ext\jaxb\activation.jar;C:\Program Files\NetBeans 8.1\enterprise\modules\ext\metro\webservices-api.jar;C:\Program Files\NetBeans 8.1\enterprise\modules\ext\metro\webservices-extra-api.jar;C:\Program Files\NetBeans 8.1\enterprise\modules\ext\metro\webservices-extra.jar;C:\Program Files\NetBeans 8.1\enterprise\modules\ext\metro\webservices-rt.jar;C:\Program Files\NetBeans 8.1\enterprise\modules\ext\metro\webservices-tools.jar" />
    <property name="libs.restlib.maven-pom" value="" />
    <property name="libs.jpa2-persistence.javadoc" value="C:\Program Files\NetBeans 8.1\java\modules\ext\docs\javax.persistence-2.1.0-doc.zip" />
    <property name="libs.DataBindingME.javadoc" value="C:\Program Files\NetBeans 8.1\mobility\modules\docs\netbeans_databindingme-api.zip" />
    <property name="apple.laf.useScreenMenuBar" value="true" />
    <property name="java.class.path" value="C:\Users\TonyAlien\Documents\Software Engineering\New KiwiIsland\KiwiIsland\build\classes;C:\Program Files\NetBeans 8.1\platform\modules\ext\junit-4.12.jar;C:\Program Files\NetBeans 8.1\platform\modules\ext\hamcrest-core-1.3.jar;C:\Users\TonyAlien\Documents\Software Engineering\New KiwiIsland\KiwiIsland\build\test\classes;C:\Program Files\NetBeans 8.1\extide\ant\lib\ant-launcher.jar;C:\Program Files\NetBeans 8.1\extide\ant\lib\ant.jar;C:\Program Files\NetBeans 8.1\extide\ant\lib\ant-junit.jar;C:\Program Files\NetBeans 8.1\extide\ant\lib\ant-junit4.jar" />
    <property name="do.mkdist" value="true" />
    <property name="libs.jpa20-persistence.classpath" value="C:\Program Files\NetBeans 8.1\java\modules\ext\eclipselink\javax.persistence_2.1.0.v201304241213.jar" />
    <property name="os.version" value="10.0" />
    <property name="application.args" value="" />
    <property name="libs.javaee-api-7.0.maven-pom" value="" />
    <property name="main.class.available" value="true" />
    <property name="sun.awt.enableExtraMouseButtons" value="true" />
    <property name="sun.desktop" value="windows" />
    <property name="libs.hibernate4-persistence.src" value="" />
    <property name="libs.hibernate4-support.maven-pom" value="" />
    <property name="libs.restlib.javadoc" value="" />
    <property name="nb.internal.action.name" value="test" />
    <property name="libs.JAXB-ENDORSED.classpath" value="C:\Program Files\NetBeans 8.1\ide\modules\ext\jaxb\api\jaxb-api.jar" />
    <property name="libs.javaee-api-7.0.javadoc" value="C:\Program Files\NetBeans 8.1\enterprise\docs\javaee-doc-api.jar" />
    <property name="libs.eclipselink.classpath" value="C:\Program Files\NetBeans 8.1\java\modules\ext\eclipselink\eclipselink.jar;C:\Program Files\NetBeans 8.1\java\modules\ext\eclipselink\javax.persistence_2.1.0.v201304241213.jar;C:\Program Files\NetBeans 8.1\java\modules\ext\eclipselink\org.eclipse.persistence.jpa.jpql_2.5.2.v20140319-9ad6abd.jar" />
    <property name="libs.beans-binding.javadoc" value="C:\Program Files\NetBeans 8.1\java\docs\beansbinding-1.2.1-doc.zip" />
    <property name="java.awt.graphicsenv" value="sun.awt.Win32GraphicsEnvironment" />
    <property name="java.vm.vendor" value="Oracle Corporation" />
    <property name="libs.CopyLibs.classpath" value="C:\Program Files\NetBeans 8.1\java\ant\extra\org-netbeans-modules-java-j2seproject-copylibstask.jar" />
    <property name="libs.spring-framework300.classpath" value="C:\Program Files\NetBeans 8.1\ide\modules\org-apache-commons-logging.jar;C:\Program Files\NetBeans 8.1\java\modules\ext\cglib-2.2.jar;C:\Program Files\NetBeans 8.1\java\modules\ext\spring-3.0\spring-aop-3.2.7.RELEASE.jar;C:\Program Files\NetBeans 8.1\java\modules\ext\spring-3.0\spring-aspects-3.2.7.RELEASE.jar;C:\Program Files\NetBeans 8.1\java\modules\ext\spring-3.0\spring-beans-3.2.7.RELEASE.jar;C:\Program Files\NetBeans 8.1\java\modules\ext\spring-3.0\spring-build-src-3.2.7.RELEASE.jar;C:\Program Files\NetBeans 8.1\java\modules\ext\spring-3.0\spring-context-3.2.7.RELEASE.jar;C:\Program Files\NetBeans 8.1\java\modules\ext\spring-3.0\spring-context-support-3.2.7.RELEASE.jar;C:\Program Files\NetBeans 8.1\java\modules\ext\spring-3.0\spring-core-3.2.7.RELEASE.jar;C:\Program Files\NetBeans 8.1\java\modules\ext\spring-3.0\spring-expression-3.2.7.RELEASE.jar;C:\Program Files\NetBeans 8.1\java\modules\ext\spring-3.0\spring-framework-bom-3.2.7.RELEASE.jar;C:\Program Files\NetBeans 8.1\java\modules\ext\spring-3.0\spring-instrument-3.2.7.RELEASE.jar;C:\Program Files\NetBeans 8.1\java\modules\ext\spring-3.0\spring-instrument-tomcat-3.2.7.RELEASE.jar;C:\Program Files\NetBeans 8.1\java\modules\ext\spring-3.0\spring-jdbc-3.2.7.RELEASE.jar;C:\Program Files\NetBeans 8.1\java\modules\ext\spring-3.0\spring-jms-3.2.7.RELEASE.jar;C:\Program Files\NetBeans 8.1\java\modules\ext\spring-3.0\spring-orm-3.2.7.RELEASE.jar;C:\Program Files\NetBeans 8.1\java\modules\ext\spring-3.0\spring-oxm-3.2.7.RELEASE.jar;C:\Program Files\NetBeans 8.1\java\modules\ext\spring-3.0\spring-struts-3.2.7.RELEASE.jar;C:\Program Files\NetBeans 8.1\java\modules\ext\spring-3.0\spring-test-3.2.7.RELEASE.jar;C:\Program Files\NetBeans 8.1\java\modules\ext\spring-3.0\spring-tx-3.2.7.RELEASE.jar;C:\Program Files\NetBeans 8.1\java\modules\ext\spring-3.0\spring-web-3.2.7.RELEASE.jar;C:\Program Files\NetBeans 8.1\java\modules\ext\spring-3.0\spring-webmvc-3.2.7.RELEASE.jar;C:\Program Files\NetBeans 8.1\java\modules\ext\spring-3.0\spring-webmvc-portlet-3.2.7.RELEASE.jar" />
    <property name="libs.jsp-compiler.maven-pom" value="" />
    <property name="libs.hamcrest.src" value="" />
    <property name="run.jvmargs" value="" />
    <property name="libs.hibernate4-persistence.classpath" value="C:\Program Files\NetBeans 8.1\java\modules\ext\hibernate4\antlr-2.7.7.jar;C:\Program Files\NetBeans 8.1\java\modules\ext\hibernate4\c3p0-0.9.2.1.jar;C:\Program Files\NetBeans 8.1\java\modules\ext\hibernate4\hibernate-c3p0-4.3.1.Final.jar;C:\Program Files\NetBeans 8.1\java\modules\ext\hibernate4\mchange-commons-java-0.2.3.4.jar;C:\Program Files\NetBeans 8.1\java\modules\ext\hibernate4\dom4j-1.6.1.jar;C:\Program Files\NetBeans 8.1\java\modules\ext\hibernate4\ehcache-core-2.4.3.jar;C:\Program Files\NetBeans 8.1\java\modules\ext\hibernate4\hibernate-ehcache-4.3.1.Final.jar;C:\Program Files\NetBeans 8.1\java\modules\ext\hibernate4\hibernate-core-4.3.1.Final.jar;C:\Program Files\NetBeans 8.1\java\modules\ext\hibernate4\jboss-logging-3.1.3.GA.jar;C:\Program Files\NetBeans 8.1\java\modules\ext\hibernate4\hibernate-commons-annotations-4.0.4.Final.jar;C:\Program Files\NetBeans 8.1\java\modules\ext\hibernate4\hibernate-entitymanager-4.3.1.Final.jar;C:\Program Files\NetBeans 8.1\java\modules\ext\hibernate4\javassist-3.18.1-GA.jar;C:\Program Files\NetBeans 8.1\java\modules\ext\hibernate4\jboss-transaction-api_1.2_spec-1.0.0.Final.jar;C:\Program Files\NetBeans 8.1\java\modules\ext\hibernate4\slf4j-api-1.6.1.jar;C:\Program Files\NetBeans 8.1\java\modules\ext\hibernate4\slf4j-simple-1.6.1.jar;C:\Program Files\NetBeans 8.1\java\modules\ext\hibernate4\hibernate-jpa-2.1-api-1.0.0.Final.jar" />
    <property name="libs.JAXB-ENDORSED.src" value="" />
    <property name="libs.testng.javadoc" value="C:\Program Files\NetBeans 8.1\platform\docs\testng-6.8.1-javadoc.zip" />
    <property name="libs.DataBindingME-PIM.src" value="C:\Program Files\NetBeans 8.1\mobility\sources\netbeans_databindingme_pim-src.zip" />
    <property name="platforms.JDK_1.8.home" value="C:\Program Files\Java\jdk1.8.0_131" />
    <property name="user.script" value="" />
    <property name="libs.PostgreSQLDriver.classpath" value="C:\Program Files\NetBeans 8.1\ide\modules\ext\postgresql-9.2-1002.jdbc4.jar" />
    <property name="libs.jsf12.maven-pom" value="" />
    <property name="libs.hibernate4-persistencemodelgen.classpath" value="C:\Program Files\NetBeans 8.1\java\modules\ext\hibernate4\hibernate-jpamodelgen-4.3.1.Final.jar" />
    <property name="annotation.processing.source.output" value="build/generated-sources/ap-source-output" />
    <property name="ant.file.KiwiIsland" value="C:\Users\TonyAlien\Documents\Software Engineering\New KiwiIsland\KiwiIsland\build.xml" />
    <property name="main.class" value="nz.ac.aut.ense701.main.Main" />
    <property name="libs.CopyLibs.src" value="" />
    <property name="build.dir" value="build" />
    <property name="libs.jsp-compilation.classpath" value="C:\Program Files\NetBeans 8.1\extide\ant\lib\ant.jar;C:\Program Files\NetBeans 8.1\enterprise\modules\ext\servlet3.1-jsp2.3-api.jar;C:\Program Files\NetBeans 8.1\enterprise\modules\ext\glassfish-jspparser-4.0.jar;C:\Program Files\NetBeans 8.1\enterprise\modules\ext\jsf-2_2\javax.faces.jar;C:\Program Files\NetBeans 8.1\enterprise\modules\ext\jstl-api.jar;C:\Program Files\NetBeans 8.1\extide\ant\lib\ant-launcher.jar" />
    <property name="ant.version" value="Apache Ant(TM) version 1.9.4 compiled on April 29 2014" />
    <property name="build.classes.excludes" value="**/*.java,**/*.form" />
    <property name="file.encoding" value="Cp1252" />
    <property name="javadoc.nonavbar" value="false" />
    <property name="jdkBug6558476" value="false" />
    <property name="libs.spring-webmvc4.0.classpath" value="C:\Program Files\NetBeans 8.1\java\modules\ext\spring-4\spring-webmvc-4.0.1.RELEASE.jar" />
    <property name="platform.active" value="default_platform" />
    <property name="awt.toolkit" value="sun.awt.windows.WToolkit" />
    <property name="libs.javaee-web-api-7.0.javadoc" value="C:\Program Files\NetBeans 8.1\enterprise\docs\javaee-doc-api.jar" />
    <property name="" value="======" />
  </properties>
  <testcase classname="nz.ac.aut.ense701.gameModel.GameTest" name="testGetNumRows" time="0.025" />
  <testcase classname="nz.ac.aut.ense701.gameModel.GameTest" name="testCollectValid" time="0.022" />
  <testcase classname="nz.ac.aut.ense701.gameModel.GameTest" name="testPlayerMoveValidNoHazards" time="0.007" />
  <testcase classname="nz.ac.aut.ense701.gameModel.GameTest" name="testIsPlayerMovePossibleInvalidMove" time="0.094" />
  <testcase classname="nz.ac.aut.ense701.gameModel.GameTest" name="testCanUseFoodValid" time="0.005" />
  <testcase classname="nz.ac.aut.ense701.gameModel.GameTest" name="testCanUseToolNoTrap" time="0.095" />
  <testcase classname="nz.ac.aut.ense701.gameModel.GameTest" name="testPlayerMoveNonFatalHazardDead" time="0.004" />
  <testcase classname="nz.ac.aut.ense701.gameModel.GameTest" name="testUseItemTrapFinalPredator" time="0.096" />
  <testcase classname="nz.ac.aut.ense701.gameModel.GameTest" name="testUseItemBrokenTrap" time="0.094" />
  <testcase classname="nz.ac.aut.ense701.gameModel.GameTest" name="testGetNumColumns" time="0.002" />
  <testcase classname="nz.ac.aut.ense701.gameModel.GameTest" name="testPlayerMoveFatalHazard" time="0.095" />
  <testcase classname="nz.ac.aut.ense701.gameModel.GameTest" name="testPlayerMoveDeadPlayer" time="0.003" />
  <testcase classname="nz.ac.aut.ense701.gameModel.GameTest" name="testPlayerMoveToInvalidPosition" time="0.1" />
  <testcase classname="nz.ac.aut.ense701.gameModel.GameTest" name="testCanUseTrapNoPredator" time="0.002" />
  <testcase classname="nz.ac.aut.ense701.gameModel.GameTest" name="testDropValid" time="0.098" />
  <testcase classname="nz.ac.aut.ense701.gameModel.GameTest" name="testGetKiwiCountInitial" time="0.002" />
  <testcase classname="nz.ac.aut.ense701.gameModel.GameTest" name="testIsPlayerMovePossibleValidMove" time="0.103" />
  <testcase classname="nz.ac.aut.ense701.gameModel.GameTest" name="testCanCollectNotCollectable" time="0.007" />
  <testcase classname="nz.ac.aut.ense701.gameModel.GameTest" name="testCanUseToolTrapNotBroken" time="0.004" />
  <testcase classname="nz.ac.aut.ense701.gameModel.GameTest" name="testUseItemToolFixTrap" time="0.094" />
  <testcase classname="nz.ac.aut.ense701.gameModel.GameTest" name="testCanCollectCollectable" time="0.005" />
  <testcase classname="nz.ac.aut.ense701.gameModel.GameTest" name="testGetInitialState" time="0.005" />
  <testcase classname="nz.ac.aut.ense701.gameModel.GameTest" name="testUseItemFoodCausesIncrease" time="0.004" />
  <testcase classname="nz.ac.aut.ense701.gameModel.GameTest" name="testPlayerMoveNotEnoughStamina" time="0.094" />
  <testcase classname="nz.ac.aut.ense701.gameModel.GameTest" name="testUseItemFoodNoIncrease" time="0.004" />
  <testcase classname="nz.ac.aut.ense701.gameModel.GameTest" name="testGetPlayerValues" time="0.004" />
  <testcase classname="nz.ac.aut.ense701.gameModel.GameTest" name="testCanUseTrapValid" time="0.095" />
  <testcase classname="nz.ac.aut.ense701.gameModel.GameTest" name="testGetPlayer" time="0.005" />
  <testcase classname="nz.ac.aut.ense701.gameModel.GameTest" name="testCollectNotCollectable" time="0.099" />
  <testcase classname="nz.ac.aut.ense701.gameModel.GameTest" name="testUseItemTrap" time="0.007" />
  <testcase classname="nz.ac.aut.ense701.gameModel.GameTest" name="testDropNotValidPositionFull" time="0.006" />
  <testcase classname="nz.ac.aut.ense701.gameModel.GameTest" name="testCountKiwi" time="0.099" />
  <testcase classname="nz.ac.aut.ense701.gameModel.GameTest" name="testCanUseTool" time="0.009" />
  <testcase classname="nz.ac.aut.ense701.gameModel.GameTest" name="testPlayerMoveNonFatalHazardNotDead" time="0.007" />
  <system-out><![CDATA[---------------------------------------------------
| T  | P  |@   |    |    |    |    | KH |    | K  |
|~~~~|~~~~|....|....|....|~~~~|^^^^|^^^^|^^^^|^^^^|
---------------------------------------------------
| H  |    |    | K  |    | P  |    |    | PK |    |
|~~~~|####|^^^^|^^^^|^^^^|^^^^|^^^^|^^^^|^^^^|^^^^|
---------------------------------------------------
|    |    |    | K  |    | P  | P  | FE |    |    |
|####|####|####|####|^^^^|^^^^|^^^^|^^^^|^^^^|~~~~|
---------------------------------------------------
| K  |    |    | H  |    |    | H  |    |    |    |
|....|####|####|####|****|****|^^^^|....|~~~~|~~~~|
---------------------------------------------------
|    |    |    |    | H  | T  | T  |    |    |    |
|....|^^^^|^^^^|^^^^|****|****|^^^^|....|~~~~|~~~~|
---------------------------------------------------
|    |    |    |    |    |    |    |    |    |    |
|....|****|****|****|****|****|####|####|####|~~~~|
---------------------------------------------------
|    | H  | K  |    | F  | F  |    | E  |    |    |
|....|****|****|****|****|****|****|####|####|####|
---------------------------------------------------
| P  |    |    |    |    | K  |    |    | H  |    |
|****|****|****|****|****|~~~~|****|****|~~~~|~~~~|
---------------------------------------------------
| E  |    | K  |    | E  | T  | F  | KP | F  |    |
|....|....|****|****|~~~~|~~~~|~~~~|****|****|....|
---------------------------------------------------
|    |    | F  |    |    |    |    |    |    |    |
|~~~~|....|****|****|****|~~~~|****|****|****|....|
---------------------------------------------------
---------------------------------------------------
|    |    |@   | F  | T  |    |    | PK |    |    |
|~~~~|~~~~|....|....|....|~~~~|^^^^|^^^^|^^^^|^^^^|
---------------------------------------------------
|    |    |    |    | H  |    |    |    |    |    |
|~~~~|####|^^^^|^^^^|^^^^|^^^^|^^^^|^^^^|^^^^|^^^^|
---------------------------------------------------
|    |    | H  |    | E  |    | P  |    | K  |    |
|####|####|####|####|^^^^|^^^^|^^^^|^^^^|^^^^|~~~~|
---------------------------------------------------
| T  |    |    |    | P  | H  |    |    |    |    |
|....|####|####|####|****|****|^^^^|....|~~~~|~~~~|
---------------------------------------------------
| F  | P  |    |    |    |    | F  |    |    |    |
|....|^^^^|^^^^|^^^^|****|****|^^^^|....|~~~~|~~~~|
---------------------------------------------------
| H  |    | P  | T  | E  |    |    |    |    |    |
|....|****|****|****|****|****|####|####|####|~~~~|
---------------------------------------------------
|    |    | K  |    | P  | H  | K  | E  | F  |    |
|....|****|****|****|****|****|****|####|####|####|
---------------------------------------------------
| K  |    |    | F  | H  |    | H  | K  | T  |    |
|****|****|****|****|****|~~~~|****|****|~~~~|~~~~|
---------------------------------------------------
|    |    | E  | K  |    |    |    |    | F  |    |
|....|....|****|****|~~~~|~~~~|~~~~|****|****|....|
---------------------------------------------------
|    |    |    | K  | K  |    | K  | P  |    |    |
|~~~~|....|****|****|****|~~~~|****|****|****|....|
---------------------------------------------------
---------------------------------------------------
| F  | H  |@   |    |    |    |    | PK |    | F  |
|~~~~|~~~~|....|....|....|~~~~|^^^^|^^^^|^^^^|^^^^|
---------------------------------------------------
| PE |    |    |    |    | FF |    |    |    |    |
|~~~~|####|^^^^|^^^^|^^^^|^^^^|^^^^|^^^^|^^^^|^^^^|
---------------------------------------------------
|    | E  |    | E  |    |    |    |    | H  |    |
|####|####|####|####|^^^^|^^^^|^^^^|^^^^|^^^^|~~~~|
---------------------------------------------------
|    |    | EPF|    |    | P  | KK |    |    |    |
|....|####|####|####|****|****|^^^^|....|~~~~|~~~~|
---------------------------------------------------
|    |    |    |    |    |    |    |    | K  |    |
|....|^^^^|^^^^|^^^^|****|****|^^^^|....|~~~~|~~~~|
---------------------------------------------------
|    | P  |    |    |    | K  |    |    |    |    |
|....|****|****|****|****|****|####|####|####|~~~~|
---------------------------------------------------
|    |    |    | K  | T  |    | K  | F  | H  | H  |
|....|****|****|****|****|****|****|####|####|####|
---------------------------------------------------
|    |    |    |    | H  | P  |    |    |    | K  |
|****|****|****|****|****|~~~~|****|****|~~~~|~~~~|
---------------------------------------------------
|    | H  | T  |    |    |    |    | K  |    | K  |
|....|....|****|****|~~~~|~~~~|~~~~|****|****|....|
---------------------------------------------------
|    |    | T  | P  |    | H  | T  |    |    |    |
|~~~~|....|****|****|****|~~~~|****|****|****|....|
---------------------------------------------------
---------------------------------------------------
|    |    |@   | F  | T  |    |    | KP |    |    |
|~~~~|~~~~|....|....|....|~~~~|^^^^|^^^^|^^^^|^^^^|
---------------------------------------------------
|    |    |    |    | H  |    |    |    |    |    |
|~~~~|####|^^^^|^^^^|^^^^|^^^^|^^^^|^^^^|^^^^|^^^^|
---------------------------------------------------
|    |    | H  |    | E  |    | P  |    | K  |    |
|####|####|####|####|^^^^|^^^^|^^^^|^^^^|^^^^|~~~~|
---------------------------------------------------
| T  |    |    |    | P  | H  |    |    |    |    |
|....|####|####|####|****|****|^^^^|....|~~~~|~~~~|
---------------------------------------------------
| F  | P  |    |    |    |    | F  |    |    |    |
|....|^^^^|^^^^|^^^^|****|****|^^^^|....|~~~~|~~~~|
---------------------------------------------------
| H  |    | P  | T  | E  |    |    |    |    |    |
|....|****|****|****|****|****|####|####|####|~~~~|
---------------------------------------------------
|    |    | K  |    | P  | H  | K  | E  | F  |    |
|....|****|****|****|****|****|****|####|####|####|
---------------------------------------------------
| K  |    |    | F  | H  |    | H  | K  | T  |    |
|****|****|****|****|****|~~~~|****|****|~~~~|~~~~|
---------------------------------------------------
|    |    | E  | K  |    |    |    |    | F  |    |
|....|....|****|****|~~~~|~~~~|~~~~|****|****|....|
---------------------------------------------------
|    |    |    | K  | K  |    | K  | P  |    |    |
|~~~~|....|****|****|****|~~~~|****|****|****|....|
---------------------------------------------------
---------------------------------------------------
|    |    |@   | K  |    |    |    | HK | E  | K  |
|~~~~|~~~~|....|....|....|~~~~|^^^^|^^^^|^^^^|^^^^|
---------------------------------------------------
|    |    |    |    | H  |    | E  | E  |    |    |
|~~~~|####|^^^^|^^^^|^^^^|^^^^|^^^^|^^^^|^^^^|^^^^|
---------------------------------------------------
| F  |    |    |    | K  |    | E  | H  | H  | KF |
|####|####|####|####|^^^^|^^^^|^^^^|^^^^|^^^^|~~~~|
---------------------------------------------------
|    |    |    |    | P  |    |    |    |    |    |
|....|####|####|####|****|****|^^^^|....|~~~~|~~~~|
---------------------------------------------------
| K  | TPT|    |    | K  |    |    |    | FK | P  |
|....|^^^^|^^^^|^^^^|****|****|^^^^|....|~~~~|~~~~|
---------------------------------------------------
|    |    |    | P  |    |    | F  | P  |    |    |
|....|****|****|****|****|****|####|####|####|~~~~|
---------------------------------------------------
|    |    | FT |    |    |    |    |    |    | P  |
|....|****|****|****|****|****|****|####|####|####|
---------------------------------------------------
|    |    |    |    |    |    |    |    |    | P  |
|****|****|****|****|****|~~~~|****|****|~~~~|~~~~|
---------------------------------------------------
| H  |    |    |    | K  |    |    | H  | K  |    |
|....|....|****|****|~~~~|~~~~|~~~~|****|****|....|
---------------------------------------------------
| H  |    |    |    | F  |    |    |    | T  |    |
|~~~~|....|****|****|****|~~~~|****|****|****|....|
---------------------------------------------------
---------------------------------------------------
|    |    |@   | F  | T  |    |    | KP |    |    |
|~~~~|~~~~|....|....|....|~~~~|^^^^|^^^^|^^^^|^^^^|
---------------------------------------------------
|    |    |    |    | H  |    |    |    |    |    |
|~~~~|####|^^^^|^^^^|^^^^|^^^^|^^^^|^^^^|^^^^|^^^^|
---------------------------------------------------
|    |    | H  |    | E  |    | P  |    | K  |    |
|####|####|####|####|^^^^|^^^^|^^^^|^^^^|^^^^|~~~~|
---------------------------------------------------
| T  |    |    |    | P  | H  |    |    |    |    |
|....|####|####|####|****|****|^^^^|....|~~~~|~~~~|
---------------------------------------------------
| F  | P  |    |    |    |    | F  |    |    |    |
|....|^^^^|^^^^|^^^^|****|****|^^^^|....|~~~~|~~~~|
---------------------------------------------------
| H  |    | P  | T  | E  |    |    |    |    |    |
|....|****|****|****|****|****|####|####|####|~~~~|
---------------------------------------------------
|    |    | K  |    | P  | H  | K  | E  | F  |    |
|....|****|****|****|****|****|****|####|####|####|
---------------------------------------------------
| K  |    |    | F  | H  |    | H  | K  | T  |    |
|****|****|****|****|****|~~~~|****|****|~~~~|~~~~|
---------------------------------------------------
|    |    | E  | K  |    |    |    |    | F  |    |
|....|....|****|****|~~~~|~~~~|~~~~|****|****|....|
---------------------------------------------------
|    |    |    | K  | K  |    | K  | P  |    |    |
|~~~~|....|****|****|****|~~~~|****|****|****|....|
---------------------------------------------------
---------------------------------------------------
|    | P  |@   |    |    | E  |    | K  |    | E  |
|~~~~|~~~~|....|....|....|~~~~|^^^^|^^^^|^^^^|^^^^|
---------------------------------------------------
| K  |    |    |    |    |    |    |    |    |    |
|~~~~|####|^^^^|^^^^|^^^^|^^^^|^^^^|^^^^|^^^^|^^^^|
---------------------------------------------------
|    | H  | K  | H  | H  | K  | K  |    |    |    |
|####|####|####|####|^^^^|^^^^|^^^^|^^^^|^^^^|~~~~|
---------------------------------------------------
|    |    |    |    | F  | H  |    |    | TP | T  |
|....|####|####|####|****|****|^^^^|....|~~~~|~~~~|
---------------------------------------------------
|    | E  | T  | P  | K  | K  | KF |    |    | K  |
|....|^^^^|^^^^|^^^^|****|****|^^^^|....|~~~~|~~~~|
---------------------------------------------------
|    |    |    |    |    |    |    |    | TP |    |
|....|****|****|****|****|****|####|####|####|~~~~|
---------------------------------------------------
| H  |    | PF |    |    |    |    |    |    |    |
|....|****|****|****|****|****|****|####|####|####|
---------------------------------------------------
| H  | H  |    |    | E  |    |    |    | P  |    |
|****|****|****|****|****|~~~~|****|****|~~~~|~~~~|
---------------------------------------------------
|    | P  |    |    | F  | F  |    |    |    |    |
|....|....|****|****|~~~~|~~~~|~~~~|****|****|....|
---------------------------------------------------
|    |    |    | F  |    |    |    | K  |    |    |
|~~~~|....|****|****|****|~~~~|****|****|****|....|
---------------------------------------------------
---------------------------------------------------
|    |    |@   | F  | T  |    |    | PK |    |    |
|~~~~|~~~~|....|....|....|~~~~|^^^^|^^^^|^^^^|^^^^|
---------------------------------------------------
|    |    |    |    | H  |    |    |    |    |    |
|~~~~|####|^^^^|^^^^|^^^^|^^^^|^^^^|^^^^|^^^^|^^^^|
---------------------------------------------------
|    |    | H  |    | E  |    | P  |    | K  |    |
|####|####|####|####|^^^^|^^^^|^^^^|^^^^|^^^^|~~~~|
---------------------------------------------------
| T  |    |    |    | P  | H  |    |    |    |    |
|....|####|####|####|****|****|^^^^|....|~~~~|~~~~|
---------------------------------------------------
| F  | P  |    |    |    |    | F  |    |    |    |
|....|^^^^|^^^^|^^^^|****|****|^^^^|....|~~~~|~~~~|
---------------------------------------------------
| H  |    | P  | T  | E  |    |    |    |    |    |
|....|****|****|****|****|****|####|####|####|~~~~|
---------------------------------------------------
|    |    | K  |    | P  | H  | K  | E  | F  |    |
|....|****|****|****|****|****|****|####|####|####|
---------------------------------------------------
| K  |    |    | F  | H  |    | H  | K  | T  |    |
|****|****|****|****|****|~~~~|****|****|~~~~|~~~~|
---------------------------------------------------
|    |    | E  | K  |    |    |    |    | F  |    |
|....|....|****|****|~~~~|~~~~|~~~~|****|****|....|
---------------------------------------------------
|    |    |    | K  | K  |    | K  | P  |    |    |
|~~~~|....|****|****|****|~~~~|****|****|****|....|
---------------------------------------------------
---------------------------------------------------
| H  | T  |@   |    |    |    |    | K  |    | H  |
|~~~~|~~~~|....|....|....|~~~~|^^^^|^^^^|^^^^|^^^^|
---------------------------------------------------
|    |    | E  | K  |    |    |    |    |    |    |
|~~~~|####|^^^^|^^^^|^^^^|^^^^|^^^^|^^^^|^^^^|^^^^|
---------------------------------------------------
|    |    |    |    | H  |    |    |    |    |    |
|####|####|####|####|^^^^|^^^^|^^^^|^^^^|^^^^|~~~~|
---------------------------------------------------
| P  | F  |    |    |    |    | K  | F  | K  | K  |
|....|####|####|####|****|****|^^^^|....|~~~~|~~~~|
---------------------------------------------------
|    | F  |    | H  | K  | H  |    |    | P  |    |
|....|^^^^|^^^^|^^^^|****|****|^^^^|....|~~~~|~~~~|
---------------------------------------------------
|    |    |    | P  | T  | KK |    | E  | P  | P  |
|....|****|****|****|****|****|####|####|####|~~~~|
---------------------------------------------------
|    |    |    |    |    |    |    |    |    |    |
|....|****|****|****|****|****|****|####|####|####|
---------------------------------------------------
|    |    | E  | F  |    |    |    |    | P  |    |
|****|****|****|****|****|~~~~|****|****|~~~~|~~~~|
---------------------------------------------------
|    |    |    | E  |    | TT |    | F  | K  | P  |
|....|....|****|****|~~~~|~~~~|~~~~|****|****|....|
---------------------------------------------------
|    | F  | H  | H  |    |    | K  |    |    |    |
|~~~~|....|****|****|****|~~~~|****|****|****|....|
---------------------------------------------------
---------------------------------------------------
|    |    |@   | F  | T  |    |    | KP |    |    |
|~~~~|~~~~|....|....|....|~~~~|^^^^|^^^^|^^^^|^^^^|
---------------------------------------------------
|    |    |    |    | H  |    |    |    |    |    |
|~~~~|####|^^^^|^^^^|^^^^|^^^^|^^^^|^^^^|^^^^|^^^^|
---------------------------------------------------
|    |    | H  |    | E  |    | P  |    | K  |    |
|####|####|####|####|^^^^|^^^^|^^^^|^^^^|^^^^|~~~~|
---------------------------------------------------
| T  |    |    |    | P  | H  |    |    |    |    |
|....|####|####|####|****|****|^^^^|....|~~~~|~~~~|
---------------------------------------------------
| F  | P  |    |    |    |    | F  |    |    |    |
|....|^^^^|^^^^|^^^^|****|****|^^^^|....|~~~~|~~~~|
---------------------------------------------------
| H  |    | P  | T  | E  |    |    |    |    |    |
|....|****|****|****|****|****|####|####|####|~~~~|
---------------------------------------------------
|    |    | K  |    | P  | H  | K  | E  | F  |    |
|....|****|****|****|****|****|****|####|####|####|
---------------------------------------------------
| K  |    |    | F  | H  |    | H  | K  | T  |    |
|****|****|****|****|****|~~~~|****|****|~~~~|~~~~|
---------------------------------------------------
|    |    | E  | K  |    |    |    |    | F  |    |
|....|....|****|****|~~~~|~~~~|~~~~|****|****|....|
---------------------------------------------------
|    |    |    | K  | K  |    | K  | P  |    |    |
|~~~~|....|****|****|****|~~~~|****|****|****|....|
---------------------------------------------------
---------------------------------------------------
|    |    |@   |    |    |    |    | K  | H  |    |
|~~~~|~~~~|....|....|....|~~~~|^^^^|^^^^|^^^^|^^^^|
---------------------------------------------------
| H  |    |    | H  |    |    |    | E  | T  | F  |
|~~~~|####|^^^^|^^^^|^^^^|^^^^|^^^^|^^^^|^^^^|^^^^|
---------------------------------------------------
| H  |    |    |    |    |    |    | P  | T  |    |
|####|####|####|####|^^^^|^^^^|^^^^|^^^^|^^^^|~~~~|
---------------------------------------------------
| P  | K  |    |    | P  |    |    | H  |    |    |
|....|####|####|####|****|****|^^^^|....|~~~~|~~~~|
---------------------------------------------------
|    |    | EP |    |    |    |    | F  |    |    |
|....|^^^^|^^^^|^^^^|****|****|^^^^|....|~~~~|~~~~|
---------------------------------------------------
|    | K  |    |    | H  |    |    |    | KE | T  |
|....|****|****|****|****|****|####|####|####|~~~~|
---------------------------------------------------
|    | F  |    |    |    |    |    |    | F  |    |
|....|****|****|****|****|****|****|####|####|####|
---------------------------------------------------
|    |    |    |    | E  |    | K  |    |    | P  |
|****|****|****|****|****|~~~~|****|****|~~~~|~~~~|
---------------------------------------------------
|    |    |    | K  |    | K  |    |    |    | K  |
|....|....|****|****|~~~~|~~~~|~~~~|****|****|....|
---------------------------------------------------
| P  | K  |    | K  | H  | T  | FP |    | F  |    |
|~~~~|....|****|****|****|~~~~|****|****|****|....|
---------------------------------------------------
---------------------------------------------------
|    |    |@   | F  | T  |    |    | PK |    |    |
|~~~~|~~~~|....|....|....|~~~~|^^^^|^^^^|^^^^|^^^^|
---------------------------------------------------
|    |    |    |    | H  |    |    |    |    |    |
|~~~~|####|^^^^|^^^^|^^^^|^^^^|^^^^|^^^^|^^^^|^^^^|
---------------------------------------------------
|    |    | H  |    | E  |    | P  |    | K  |    |
|####|####|####|####|^^^^|^^^^|^^^^|^^^^|^^^^|~~~~|
---------------------------------------------------
| T  |    |    |    | P  | H  |    |    |    |    |
|....|####|####|####|****|****|^^^^|....|~~~~|~~~~|
---------------------------------------------------
| F  | P  |    |    |    |    | F  |    |    |    |
|....|^^^^|^^^^|^^^^|****|****|^^^^|....|~~~~|~~~~|
---------------------------------------------------
| H  |    | P  | T  | E  |    |    |    |    |    |
|....|****|****|****|****|****|####|####|####|~~~~|
---------------------------------------------------
|    |    | K  |    | P  | H  | K  | E  | F  |    |
|....|****|****|****|****|****|****|####|####|####|
---------------------------------------------------
| K  |    |    | F  | H  |    | H  | K  | T  |    |
|****|****|****|****|****|~~~~|****|****|~~~~|~~~~|
---------------------------------------------------
|    |    | E  | K  |    |    |    |    | F  |    |
|....|....|****|****|~~~~|~~~~|~~~~|****|****|....|
---------------------------------------------------
|    |    |    | K  | K  |    | K  | P  |    |    |
|~~~~|....|****|****|****|~~~~|****|****|****|....|
---------------------------------------------------
---------------------------------------------------
|    |    |@   |    |    |    |    | K  |    |    |
|~~~~|~~~~|....|....|....|~~~~|^^^^|^^^^|^^^^|^^^^|
---------------------------------------------------
|    | E  |    | TT |    |    | PP |    | P  |    |
|~~~~|####|^^^^|^^^^|^^^^|^^^^|^^^^|^^^^|^^^^|^^^^|
---------------------------------------------------
|    | K  |    | H  | K  | E  |    |    |    |    |
|####|####|####|####|^^^^|^^^^|^^^^|^^^^|^^^^|~~~~|
---------------------------------------------------
| E  | H  |    |    |    |    | F  |    |    |    |
|....|####|####|####|****|****|^^^^|....|~~~~|~~~~|
---------------------------------------------------
| H  |    | F  |    | T  |    |    |    |    |    |
|....|^^^^|^^^^|^^^^|****|****|^^^^|....|~~~~|~~~~|
---------------------------------------------------
|    |    |    |    | K  | PF | K  |    |    |    |
|....|****|****|****|****|****|####|####|####|~~~~|
---------------------------------------------------
| H  | F  |    | K  |    |    | FK |    | KF | T  |
|....|****|****|****|****|****|****|####|####|####|
---------------------------------------------------
|    |    | H  |    |    |    |    |    |    |    |
|****|****|****|****|****|~~~~|****|****|~~~~|~~~~|
---------------------------------------------------
|    |    | P  |    |    | PE |    | K  | H  |    |
|....|....|****|****|~~~~|~~~~|~~~~|****|****|....|
---------------------------------------------------
| H  |    | K  |    |    |    |    |    |    | P  |
|~~~~|....|****|****|****|~~~~|****|****|****|....|
---------------------------------------------------
---------------------------------------------------
|    |    |@   | F  | T  |    |    | PK |    |    |
|~~~~|~~~~|....|....|....|~~~~|^^^^|^^^^|^^^^|^^^^|
---------------------------------------------------
|    |    |    |    | H  |    |    |    |    |    |
|~~~~|####|^^^^|^^^^|^^^^|^^^^|^^^^|^^^^|^^^^|^^^^|
---------------------------------------------------
|    |    | H  |    | E  |    | P  |    | K  |    |
|####|####|####|####|^^^^|^^^^|^^^^|^^^^|^^^^|~~~~|
---------------------------------------------------
| T  |    |    |    | P  | H  |    |    |    |    |
|....|####|####|####|****|****|^^^^|....|~~~~|~~~~|
---------------------------------------------------
| F  | P  |    |    |    |    | F  |    |    |    |
|....|^^^^|^^^^|^^^^|****|****|^^^^|....|~~~~|~~~~|
---------------------------------------------------
| H  |    | P  | T  | E  |    |    |    |    |    |
|....|****|****|****|****|****|####|####|####|~~~~|
---------------------------------------------------
|    |    | K  |    | P  | H  | K  | E  | F  |    |
|....|****|****|****|****|****|****|####|####|####|
---------------------------------------------------
| K  |    |    | F  | H  |    | H  | K  | T  |    |
|****|****|****|****|****|~~~~|****|****|~~~~|~~~~|
---------------------------------------------------
|    |    | E  | K  |    |    |    |    | F  |    |
|....|....|****|****|~~~~|~~~~|~~~~|****|****|....|
---------------------------------------------------
|    |    |    | K  | K  |    | K  | P  |    |    |
|~~~~|....|****|****|****|~~~~|****|****|****|....|
---------------------------------------------------
---------------------------------------------------
|    |    |@   |    |    |    |    | K  |    |    |
|~~~~|~~~~|....|....|....|~~~~|^^^^|^^^^|^^^^|^^^^|
---------------------------------------------------
| K  |    | T  |    |    |    |    | P  | K  |    |
|~~~~|####|^^^^|^^^^|^^^^|^^^^|^^^^|^^^^|^^^^|^^^^|
---------------------------------------------------
|    |    | K  |    |    |    | F  |    |    | E  |
|####|####|####|####|^^^^|^^^^|^^^^|^^^^|^^^^|~~~~|
---------------------------------------------------
|    |    |    | KF | F  |    |    |    | H  |    |
|....|####|####|####|****|****|^^^^|....|~~~~|~~~~|
---------------------------------------------------
|    | EKP|    |    |    |    |    | F  |    |    |
|....|^^^^|^^^^|^^^^|****|****|^^^^|....|~~~~|~~~~|
---------------------------------------------------
| H  | F  |    | K  | F  |    |    | H  |    | P  |
|....|****|****|****|****|****|####|####|####|~~~~|
---------------------------------------------------
|    |    | H  |    |    | PTT|    |    |    | E  |
|....|****|****|****|****|****|****|####|####|####|
---------------------------------------------------
|    | P  |    |    |    | ET |    |    |    |    |
|****|****|****|****|****|~~~~|****|****|~~~~|~~~~|
---------------------------------------------------
| H  |    |    |    |    |    |    | KPK|    | H  |
|....|....|****|****|~~~~|~~~~|~~~~|****|****|....|
---------------------------------------------------
|    |    |    |    |    | H  | P  |    | K  |    |
|~~~~|....|****|****|****|~~~~|****|****|****|....|
---------------------------------------------------
---------------------------------------------------
|    |    |@   | F  | T  |    |    | KP |    |    |
|~~~~|~~~~|....|....|....|~~~~|^^^^|^^^^|^^^^|^^^^|
---------------------------------------------------
|    |    |    |    | H  |    |    |    |    |    |
|~~~~|####|^^^^|^^^^|^^^^|^^^^|^^^^|^^^^|^^^^|^^^^|
---------------------------------------------------
|    |    | H  |    | E  |    | P  |    | K  |    |
|####|####|####|####|^^^^|^^^^|^^^^|^^^^|^^^^|~~~~|
---------------------------------------------------
| T  |    |    |    | P  | H  |    |    |    |    |
|....|####|####|####|****|****|^^^^|....|~~~~|~~~~|
---------------------------------------------------
| F  | P  |    |    |    |    | F  |    |    |    |
|....|^^^^|^^^^|^^^^|****|****|^^^^|....|~~~~|~~~~|
---------------------------------------------------
| H  |    | P  | T  | E  |    |    |    |    |    |
|....|****|****|****|****|****|####|####|####|~~~~|
---------------------------------------------------
|    |    | K  |    | P  | H  | K  | E  | F  |    |
|....|****|****|****|****|****|****|####|####|####|
---------------------------------------------------
| K  |    |    | F  | H  |    | H  | K  | T  |    |
|****|****|****|****|****|~~~~|****|****|~~~~|~~~~|
---------------------------------------------------
|    |    | E  | K  |    |    |    |    | F  |    |
|....|....|****|****|~~~~|~~~~|~~~~|****|****|....|
---------------------------------------------------
|    |    |    | K  | K  |    | K  | P  |    |    |
|~~~~|....|****|****|****|~~~~|****|****|****|....|
---------------------------------------------------
---------------------------------------------------
|    |    |@   | F  | T  |    |    | KP |    |    |
|~~~~|~~~~|....|....|....|~~~~|^^^^|^^^^|^^^^|^^^^|
---------------------------------------------------
|    |    |    |    | H  |    |    |    |    |    |
|~~~~|####|^^^^|^^^^|^^^^|^^^^|^^^^|^^^^|^^^^|^^^^|
---------------------------------------------------
|    |    | H  |    | E  |    | P  |    | K  |    |
|####|####|####|####|^^^^|^^^^|^^^^|^^^^|^^^^|~~~~|
---------------------------------------------------
| T  |    |    |    | P  | H  |    |    |    |    |
|....|####|####|####|****|****|^^^^|....|~~~~|~~~~|
---------------------------------------------------
| F  | P  |    |    |    |    | F  |    |    |    |
|....|^^^^|^^^^|^^^^|****|****|^^^^|....|~~~~|~~~~|
---------------------------------------------------
| H  |    | P  | T  | E  |    |    |    |    |    |
|....|****|****|****|****|****|####|####|####|~~~~|
---------------------------------------------------
|    |    | K  |    | P  | H  | K  | E  | F  |    |
|....|****|****|****|****|****|****|####|####|####|
---------------------------------------------------
| K  |    |    | F  | H  |    | H  | K  | T  |    |
|****|****|****|****|****|~~~~|****|****|~~~~|~~~~|
---------------------------------------------------
|    |    | E  | K  |    |    |    |    | F  |    |
|....|....|****|****|~~~~|~~~~|~~~~|****|****|....|
---------------------------------------------------
|    |    |    | K  | K  |    | K  | P  |    |    |
|~~~~|....|****|****|****|~~~~|****|****|****|....|
---------------------------------------------------
---------------------------------------------------
| K  | EE |@   |    |    | H  | P  | K  |    |    |
|~~~~|~~~~|....|....|....|~~~~|^^^^|^^^^|^^^^|^^^^|
---------------------------------------------------
| H  |    |    |    |    |    |    |    |    | T  |
|~~~~|####|^^^^|^^^^|^^^^|^^^^|^^^^|^^^^|^^^^|^^^^|
---------------------------------------------------
|    |    |    | K  |    | P  | F  |    |    |    |
|####|####|####|####|^^^^|^^^^|^^^^|^^^^|^^^^|~~~~|
---------------------------------------------------
|    | K  |    |    | K  |    |    |    |    |    |
|....|####|####|####|****|****|^^^^|....|~~~~|~~~~|
---------------------------------------------------
|    | P  | FT | E  |    | H  |    |    |    | PP |
|....|^^^^|^^^^|^^^^|****|****|^^^^|....|~~~~|~~~~|
---------------------------------------------------
|    |    |    |    |    |    |    |    | F  |    |
|....|****|****|****|****|****|####|####|####|~~~~|
---------------------------------------------------
|    |    |    | T  | H  | H  |    |    |    | E  |
|....|****|****|****|****|****|****|####|####|####|
---------------------------------------------------
|    |    |    | K  |    | TP |    |    |    | P  |
|****|****|****|****|****|~~~~|****|****|~~~~|~~~~|
---------------------------------------------------
|    |    | K  |    | H  | F  |    |    |    | KF |
|....|....|****|****|~~~~|~~~~|~~~~|****|****|....|
---------------------------------------------------
| F  | H  |    |    |    |    |    | K  | K  |    |
|~~~~|....|****|****|****|~~~~|****|****|****|....|
---------------------------------------------------
---------------------------------------------------
|    |    |@   | F  | T  |    |    | KP |    |    |
|~~~~|~~~~|....|....|....|~~~~|^^^^|^^^^|^^^^|^^^^|
---------------------------------------------------
|    |    |    |    | H  |    |    |    |    |    |
|~~~~|####|^^^^|^^^^|^^^^|^^^^|^^^^|^^^^|^^^^|^^^^|
---------------------------------------------------
|    |    | H  |    | E  |    | P  |    | K  |    |
|####|####|####|####|^^^^|^^^^|^^^^|^^^^|^^^^|~~~~|
---------------------------------------------------
| T  |    |    |    | P  | H  |    |    |    |    |
|....|####|####|####|****|****|^^^^|....|~~~~|~~~~|
---------------------------------------------------
| F  | P  |    |    |    |    | F  |    |    |    |
|....|^^^^|^^^^|^^^^|****|****|^^^^|....|~~~~|~~~~|
---------------------------------------------------
| H  |    | P  | T  | E  |    |    |    |    |    |
|....|****|****|****|****|****|####|####|####|~~~~|
---------------------------------------------------
|    |    | K  |    | P  | H  | K  | E  | F  |    |
|....|****|****|****|****|****|****|####|####|####|
---------------------------------------------------
| K  |    |    | F  | H  |    | H  | K  | T  |    |
|****|****|****|****|****|~~~~|****|****|~~~~|~~~~|
---------------------------------------------------
|    |    | E  | K  |    |    |    |    | F  |    |
|....|....|****|****|~~~~|~~~~|~~~~|****|****|....|
---------------------------------------------------
|    |    |    | K  | K  |    | K  | P  |    |    |
|~~~~|....|****|****|****|~~~~|****|****|****|....|
---------------------------------------------------
---------------------------------------------------
| P  |    |@   |    |    | F  |    | K  |    |    |
|~~~~|~~~~|....|....|....|~~~~|^^^^|^^^^|^^^^|^^^^|
---------------------------------------------------
|    |    | P  |    | F  |    | T  | E  |    | H  |
|~~~~|####|^^^^|^^^^|^^^^|^^^^|^^^^|^^^^|^^^^|^^^^|
---------------------------------------------------
| H  |    |    | K  |    | KK |    |    |    |    |
|####|####|####|####|^^^^|^^^^|^^^^|^^^^|^^^^|~~~~|
---------------------------------------------------
| K  | H  | K  | K  | H  |    | P  |    |    |    |
|....|####|####|####|****|****|^^^^|....|~~~~|~~~~|
---------------------------------------------------
|    | H  |    | P  | EF |    |    |    | K  | E  |
|....|^^^^|^^^^|^^^^|****|****|^^^^|....|~~~~|~~~~|
---------------------------------------------------
|    | E  | T  | FT |    | P  | H  |    |    |    |
|....|****|****|****|****|****|####|####|####|~~~~|
---------------------------------------------------
|    |    |    |    |    |    |    |    | T  | F  |
|....|****|****|****|****|****|****|####|####|####|
---------------------------------------------------
|    |    |    | H  | P  |    |    |    |    |    |
|****|****|****|****|****|~~~~|****|****|~~~~|~~~~|
---------------------------------------------------
|    |    | K  |    |    | P  |    |    |    | K  |
|....|....|****|****|~~~~|~~~~|~~~~|****|****|....|
---------------------------------------------------
|    |    |    |    |    |    |    | F  |    |    |
|~~~~|....|****|****|****|~~~~|****|****|****|....|
---------------------------------------------------
---------------------------------------------------
|    |    |@   | F  | T  |    |    | KP |    |    |
|~~~~|~~~~|....|....|....|~~~~|^^^^|^^^^|^^^^|^^^^|
---------------------------------------------------
|    |    |    |    | H  |    |    |    |    |    |
|~~~~|####|^^^^|^^^^|^^^^|^^^^|^^^^|^^^^|^^^^|^^^^|
---------------------------------------------------
|    |    | H  |    | E  |    | P  |    | K  |    |
|####|####|####|####|^^^^|^^^^|^^^^|^^^^|^^^^|~~~~|
---------------------------------------------------
| T  |    |    |    | P  | H  |    |    |    |    |
|....|####|####|####|****|****|^^^^|....|~~~~|~~~~|
---------------------------------------------------
| F  | P  |    |    |    |    | F  |    |    |    |
|....|^^^^|^^^^|^^^^|****|****|^^^^|....|~~~~|~~~~|
---------------------------------------------------
| H  |    | P  | T  | E  |    |    |    |    |    |
|....|****|****|****|****|****|####|####|####|~~~~|
---------------------------------------------------
|    |    | K  |    | P  | H  | K  | E  | F  |    |
|....|****|****|****|****|****|****|####|####|####|
---------------------------------------------------
| K  |    |    | F  | H  |    | H  | K  | T  |    |
|****|****|****|****|****|~~~~|****|****|~~~~|~~~~|
---------------------------------------------------
|    |    | E  | K  |    |    |    |    | F  |    |
|....|....|****|****|~~~~|~~~~|~~~~|****|****|....|
---------------------------------------------------
|    |    |    | K  | K  |    | K  | P  |    |    |
|~~~~|....|****|****|****|~~~~|****|****|****|....|
---------------------------------------------------
---------------------------------------------------
| E  | E  |@   | K  | F  |    |    | K  |    |    |
|~~~~|~~~~|....|....|....|~~~~|^^^^|^^^^|^^^^|^^^^|
---------------------------------------------------
| TF |    | K  | P  |    | P  |    |    | F  |    |
|~~~~|####|^^^^|^^^^|^^^^|^^^^|^^^^|^^^^|^^^^|^^^^|
---------------------------------------------------
|    | P  | H  |    |    |    |    | K  |    |    |
|####|####|####|####|^^^^|^^^^|^^^^|^^^^|^^^^|~~~~|
---------------------------------------------------
| H  |    |    | H  | T  |    |    | F  |    | H  |
|....|####|####|####|****|****|^^^^|....|~~~~|~~~~|
---------------------------------------------------
|    |    |    | K  |    |    | F  | P  |    |    |
|....|^^^^|^^^^|^^^^|****|****|^^^^|....|~~~~|~~~~|
---------------------------------------------------
| PF | K  |    |    |    |    | E  |    |    |    |
|....|****|****|****|****|****|####|####|####|~~~~|
---------------------------------------------------
| H  |    | H  |    |    |    |    |    |    | K  |
|....|****|****|****|****|****|****|####|####|####|
---------------------------------------------------
| P  |    |    | K  |    |    |    | H  | K  |    |
|****|****|****|****|****|~~~~|****|****|~~~~|~~~~|
---------------------------------------------------
|    |    |    |    |    |    |    |    |    |    |
|....|....|****|****|~~~~|~~~~|~~~~|****|****|....|
---------------------------------------------------
| T  | T  |    | E  |    |    |    | K  | P  |    |
|~~~~|....|****|****|****|~~~~|****|****|****|....|
---------------------------------------------------
---------------------------------------------------
|    |    |@   | F  | T  |    |    | KP |    |    |
|~~~~|~~~~|....|....|....|~~~~|^^^^|^^^^|^^^^|^^^^|
---------------------------------------------------
|    |    |    |    | H  |    |    |    |    |    |
|~~~~|####|^^^^|^^^^|^^^^|^^^^|^^^^|^^^^|^^^^|^^^^|
---------------------------------------------------
|    |    | H  |    | E  |    | P  |    | K  |    |
|####|####|####|####|^^^^|^^^^|^^^^|^^^^|^^^^|~~~~|
---------------------------------------------------
| T  |    |    |    | P  | H  |    |    |    |    |
|....|####|####|####|****|****|^^^^|....|~~~~|~~~~|
---------------------------------------------------
| F  | P  |    |    |    |    | F  |    |    |    |
|....|^^^^|^^^^|^^^^|****|****|^^^^|....|~~~~|~~~~|
---------------------------------------------------
| H  |    | P  | T  | E  |    |    |    |    |    |
|....|****|****|****|****|****|####|####|####|~~~~|
---------------------------------------------------
|    |    | K  |    | P  | H  | K  | E  | F  |    |
|....|****|****|****|****|****|****|####|####|####|
---------------------------------------------------
| K  |    |    | F  | H  |    | H  | K  | T  |    |
|****|****|****|****|****|~~~~|****|****|~~~~|~~~~|
---------------------------------------------------
|    |    | E  | K  |    |    |    |    | F  |    |
|....|....|****|****|~~~~|~~~~|~~~~|****|****|....|
---------------------------------------------------
|    |    |    | K  | K  |    | K  | P  |    |    |
|~~~~|....|****|****|****|~~~~|****|****|****|....|
---------------------------------------------------
---------------------------------------------------
|    |    |@   | K  |    |    |    | K  |    |    |
|~~~~|~~~~|....|....|....|~~~~|^^^^|^^^^|^^^^|^^^^|
---------------------------------------------------
|    |    |    | F  | H  |    |    |    |    | H  |
|~~~~|####|^^^^|^^^^|^^^^|^^^^|^^^^|^^^^|^^^^|^^^^|
---------------------------------------------------
|    |    |    |    |    |    |    | K  | E  | K  |
|####|####|####|####|^^^^|^^^^|^^^^|^^^^|^^^^|~~~~|
---------------------------------------------------
| P  |    |    |    | E  |    | F  | P  |    | H  |
|....|####|####|####|****|****|^^^^|....|~~~~|~~~~|
---------------------------------------------------
|    |    |    |    | T  |    |    |    | F  | T  |
|....|^^^^|^^^^|^^^^|****|****|^^^^|....|~~~~|~~~~|
---------------------------------------------------
|    |    | H  |    |    | K  | F  | P  | K  |    |
|....|****|****|****|****|****|####|####|####|~~~~|
---------------------------------------------------
| P  |    |    | T  |    |    |    |    |    |    |
|....|****|****|****|****|****|****|####|####|####|
---------------------------------------------------
|    | H  |    | H  |    |    | F  |    |    | H  |
|****|****|****|****|****|~~~~|****|****|~~~~|~~~~|
---------------------------------------------------
|    |    | T  | F  |    | P  | K  | E  | K  |    |
|....|....|****|****|~~~~|~~~~|~~~~|****|****|....|
---------------------------------------------------
|    |    |    | K  | EP | P  |    | K  |    |    |
|~~~~|....|****|****|****|~~~~|****|****|****|....|
---------------------------------------------------
---------------------------------------------------
|    |    |@   | F  | T  |    |    | PK |    |    |
|~~~~|~~~~|....|....|....|~~~~|^^^^|^^^^|^^^^|^^^^|
---------------------------------------------------
|    |    |    |    | H  |    |    |    |    |    |
|~~~~|####|^^^^|^^^^|^^^^|^^^^|^^^^|^^^^|^^^^|^^^^|
---------------------------------------------------
|    |    | H  |    | E  |    | P  |    | K  |    |
|####|####|####|####|^^^^|^^^^|^^^^|^^^^|^^^^|~~~~|
---------------------------------------------------
| T  |    |    |    | P  | H  |    |    |    |    |
|....|####|####|####|****|****|^^^^|....|~~~~|~~~~|
---------------------------------------------------
| F  | P  |    |    |    |    | F  |    |    |    |
|....|^^^^|^^^^|^^^^|****|****|^^^^|....|~~~~|~~~~|
---------------------------------------------------
| H  |    | P  | T  | E  |    |    |    |    |    |
|....|****|****|****|****|****|####|####|####|~~~~|
---------------------------------------------------
|    |    | K  |    | P  | H  | K  | E  | F  |    |
|....|****|****|****|****|****|****|####|####|####|
---------------------------------------------------
| K  |    |    | F  | H  |    | H  | K  | T  |    |
|****|****|****|****|****|~~~~|****|****|~~~~|~~~~|
---------------------------------------------------
|    |    | E  | K  |    |    |    |    | F  |    |
|....|....|****|****|~~~~|~~~~|~~~~|****|****|....|
---------------------------------------------------
|    |    |    | K  | K  |    | K  | P  |    |    |
|~~~~|....|****|****|****|~~~~|****|****|****|....|
---------------------------------------------------
---------------------------------------------------
|    | TPK|@   |    |    |    |    | K  | H  | H  |
|~~~~|~~~~|....|....|....|~~~~|^^^^|^^^^|^^^^|^^^^|
---------------------------------------------------
|    |    | K  |    |    |    |    |    |    |    |
|~~~~|####|^^^^|^^^^|^^^^|^^^^|^^^^|^^^^|^^^^|^^^^|
---------------------------------------------------
|    | F  |    | F  |    |    |    |    |    |    |
|####|####|####|####|^^^^|^^^^|^^^^|^^^^|^^^^|~~~~|
---------------------------------------------------
|    |    |    |    | H  |    |    |    | F  |    |
|....|####|####|####|****|****|^^^^|....|~~~~|~~~~|
---------------------------------------------------
| H  | K  |    | K  |    |    | H  | F  |    | K  |
|....|^^^^|^^^^|^^^^|****|****|^^^^|....|~~~~|~~~~|
---------------------------------------------------
|    | F  |    |    |    |    | EP |    |    | KT |
|....|****|****|****|****|****|####|####|####|~~~~|
---------------------------------------------------
|    |    |    | K  |    |    | E  |    |    |    |
|....|****|****|****|****|****|****|####|####|####|
---------------------------------------------------
| TK |    |    |    | P  |    |    |    |    |    |
|****|****|****|****|****|~~~~|****|****|~~~~|~~~~|
---------------------------------------------------
|    | P  | E  | H  | KE |    |    |    | T  |    |
|....|....|****|****|~~~~|~~~~|~~~~|****|****|....|
---------------------------------------------------
|    |    |    |    | P  | P  |    | F  |    | H  |
|~~~~|....|****|****|****|~~~~|****|****|****|....|
---------------------------------------------------
---------------------------------------------------
|    |    |@   | F  | T  |    |    | PK |    |    |
|~~~~|~~~~|....|....|....|~~~~|^^^^|^^^^|^^^^|^^^^|
---------------------------------------------------
|    |    |    |    | H  |    |    |    |    |    |
|~~~~|####|^^^^|^^^^|^^^^|^^^^|^^^^|^^^^|^^^^|^^^^|
---------------------------------------------------
|    |    | H  |    | E  |    | P  |    | K  |    |
|####|####|####|####|^^^^|^^^^|^^^^|^^^^|^^^^|~~~~|
---------------------------------------------------
| T  |    |    |    | P  | H  |    |    |    |    |
|....|####|####|####|****|****|^^^^|....|~~~~|~~~~|
---------------------------------------------------
| F  | P  |    |    |    |    | F  |    |    |    |
|....|^^^^|^^^^|^^^^|****|****|^^^^|....|~~~~|~~~~|
---------------------------------------------------
| H  |    | P  | T  | E  |    |    |    |    |    |
|....|****|****|****|****|****|####|####|####|~~~~|
---------------------------------------------------
|    |    | K  |    | P  | H  | K  | E  | F  |    |
|....|****|****|****|****|****|****|####|####|####|
---------------------------------------------------
| K  |    |    | F  | H  |    | H  | K  | T  |    |
|****|****|****|****|****|~~~~|****|****|~~~~|~~~~|
---------------------------------------------------
|    |    | E  | K  |    |    |    |    | F  |    |
|....|....|****|****|~~~~|~~~~|~~~~|****|****|....|
---------------------------------------------------
|    |    |    | K  | K  |    | K  | P  |    |    |
|~~~~|....|****|****|****|~~~~|****|****|****|....|
---------------------------------------------------
---------------------------------------------------
|    |    |@   |    | H  |    |    | K  |    |    |
|~~~~|~~~~|....|....|....|~~~~|^^^^|^^^^|^^^^|^^^^|
---------------------------------------------------
|    |    |    | PK | P  |    | H  |    |    |    |
|~~~~|####|^^^^|^^^^|^^^^|^^^^|^^^^|^^^^|^^^^|^^^^|
---------------------------------------------------
|    |    |    |    |    |    | H  |    |    |    |
|####|####|####|####|^^^^|^^^^|^^^^|^^^^|^^^^|~~~~|
---------------------------------------------------
| K  |    | PK | H  |    |    | T  |    |    |    |
|....|####|####|####|****|****|^^^^|....|~~~~|~~~~|
---------------------------------------------------
| K  |    |    |    | F  |    | E  | H  |    | E  |
|....|^^^^|^^^^|^^^^|****|****|^^^^|....|~~~~|~~~~|
---------------------------------------------------
|    | F  | P  |    |    | FE |    |    |    |    |
|....|****|****|****|****|****|####|####|####|~~~~|
---------------------------------------------------
| T  |    |    |    | T  |    |    |    | T  |    |
|....|****|****|****|****|****|****|####|####|####|
---------------------------------------------------
|    |    |    | K  | H  | P  |    |    |    |    |
|****|****|****|****|****|~~~~|****|****|~~~~|~~~~|
---------------------------------------------------
|    | K  | F  |    | P  | K  | PF |    | K  | K  |
|....|....|****|****|~~~~|~~~~|~~~~|****|****|....|
---------------------------------------------------
|    |    |    |    |    |    | H  |    | EF |    |
|~~~~|....|****|****|****|~~~~|****|****|****|....|
---------------------------------------------------
---------------------------------------------------
|    |    |@   | F  | T  |    |    | KP |    |    |
|~~~~|~~~~|....|....|....|~~~~|^^^^|^^^^|^^^^|^^^^|
---------------------------------------------------
|    |    |    |    | H  |    |    |    |    |    |
|~~~~|####|^^^^|^^^^|^^^^|^^^^|^^^^|^^^^|^^^^|^^^^|
---------------------------------------------------
|    |    | H  |    | E  |    | P  |    | K  |    |
|####|####|####|####|^^^^|^^^^|^^^^|^^^^|^^^^|~~~~|
---------------------------------------------------
| T  |    |    |    | P  | H  |    |    |    |    |
|....|####|####|####|****|****|^^^^|....|~~~~|~~~~|
---------------------------------------------------
| F  | P  |    |    |    |    | F  |    |    |    |
|....|^^^^|^^^^|^^^^|****|****|^^^^|....|~~~~|~~~~|
---------------------------------------------------
| H  |    | P  | T  | E  |    |    |    |    |    |
|....|****|****|****|****|****|####|####|####|~~~~|
---------------------------------------------------
|    |    | K  |    | P  | H  | K  | E  | F  |    |
|....|****|****|****|****|****|****|####|####|####|
---------------------------------------------------
| K  |    |    | F  | H  |    | H  | K  | T  |    |
|****|****|****|****|****|~~~~|****|****|~~~~|~~~~|
---------------------------------------------------
|    |    | E  | K  |    |    |    |    | F  |    |
|....|....|****|****|~~~~|~~~~|~~~~|****|****|....|
---------------------------------------------------
|    |    |    | K  | K  |    | K  | P  |    |    |
|~~~~|....|****|****|****|~~~~|****|****|****|....|
---------------------------------------------------
---------------------------------------------------
|    | F  |@K  |    | PP | K  |    | K  |    |    |
|~~~~|~~~~|....|....|....|~~~~|^^^^|^^^^|^^^^|^^^^|
---------------------------------------------------
|    |    |    |    | K  | K  |    |    |    | H  |
|~~~~|####|^^^^|^^^^|^^^^|^^^^|^^^^|^^^^|^^^^|^^^^|
---------------------------------------------------
|    | F  |    |    |    | H  |    |    | H  |    |
|####|####|####|####|^^^^|^^^^|^^^^|^^^^|^^^^|~~~~|
---------------------------------------------------
| P  |    |    | K  | E  | P  |    |    | H  |    |
|....|####|####|####|****|****|^^^^|....|~~~~|~~~~|
---------------------------------------------------
| T  |    |    |    |    |    | E  | E  | F  | K  |
|....|^^^^|^^^^|^^^^|****|****|^^^^|....|~~~~|~~~~|
---------------------------------------------------
|    | H  |    |    |    |    |    |    | P  | F  |
|....|****|****|****|****|****|####|####|####|~~~~|
---------------------------------------------------
|    |    |    |    |    |    |    | T  |    | PF |
|....|****|****|****|****|****|****|####|####|####|
---------------------------------------------------
|    | H  |    |    | TK |    | K  |    | P  |    |
|****|****|****|****|****|~~~~|****|****|~~~~|~~~~|
---------------------------------------------------
|    |    |    |    | F  |    |    |    | K  |    |
|....|....|****|****|~~~~|~~~~|~~~~|****|****|....|
---------------------------------------------------
|    |    |    | T  |    |    | H  | E  |    |    |
|~~~~|....|****|****|****|~~~~|****|****|****|....|
---------------------------------------------------
---------------------------------------------------
|    |    |@   | F  | T  |    |    | KP |    |    |
|~~~~|~~~~|....|....|....|~~~~|^^^^|^^^^|^^^^|^^^^|
---------------------------------------------------
|    |    |    |    | H  |    |    |    |    |    |
|~~~~|####|^^^^|^^^^|^^^^|^^^^|^^^^|^^^^|^^^^|^^^^|
---------------------------------------------------
|    |    | H  |    | E  |    | P  |    | K  |    |
|####|####|####|####|^^^^|^^^^|^^^^|^^^^|^^^^|~~~~|
---------------------------------------------------
| T  |    |    |    | P  | H  |    |    |    |    |
|....|####|####|####|****|****|^^^^|....|~~~~|~~~~|
---------------------------------------------------
| F  | P  |    |    |    |    | F  |    |    |    |
|....|^^^^|^^^^|^^^^|****|****|^^^^|....|~~~~|~~~~|
---------------------------------------------------
| H  |    | P  | T  | E  |    |    |    |    |    |
|....|****|****|****|****|****|####|####|####|~~~~|
---------------------------------------------------
|    |    | K  |    | P  | H  | K  | E  | F  |    |
|....|****|****|****|****|****|****|####|####|####|
---------------------------------------------------
| K  |    |    | F  | H  |    | H  | K  | T  |    |
|****|****|****|****|****|~~~~|****|****|~~~~|~~~~|
---------------------------------------------------
|    |    | E  | K  |    |    |    |    | F  |    |
|....|....|****|****|~~~~|~~~~|~~~~|****|****|....|
---------------------------------------------------
|    |    |    | K  | K  |    | K  | P  |    |    |
|~~~~|....|****|****|****|~~~~|****|****|****|....|
---------------------------------------------------
---------------------------------------------------
|    |    |@   | T  | K  |    |    | K  | H  | E  |
|~~~~|~~~~|....|....|....|~~~~|^^^^|^^^^|^^^^|^^^^|
---------------------------------------------------
| P  |    | H  |    |    | H  |    |    |    | E  |
|~~~~|####|^^^^|^^^^|^^^^|^^^^|^^^^|^^^^|^^^^|^^^^|
---------------------------------------------------
|    | K  | T  | F  |    | P  |    | F  |    | K  |
|####|####|####|####|^^^^|^^^^|^^^^|^^^^|^^^^|~~~~|
---------------------------------------------------
|    |    |    |    |    |    |    | P  |    |    |
|....|####|####|####|****|****|^^^^|....|~~~~|~~~~|
---------------------------------------------------
|    |    |    |    |    |    | F  |    | H  | K  |
|....|^^^^|^^^^|^^^^|****|****|^^^^|....|~~~~|~~~~|
---------------------------------------------------
|    |    |    |    |    |    |    |    | H  | P  |
|....|****|****|****|****|****|####|####|####|~~~~|
---------------------------------------------------
| K  |    |    |    |    |    | EF |    |    | F  |
|....|****|****|****|****|****|****|####|####|####|
---------------------------------------------------
| K  |    | T  |    | K  | TP |    |    | F  | H  |
|****|****|****|****|****|~~~~|****|****|~~~~|~~~~|
---------------------------------------------------
|    | K  |    |    | K  |    |    |    |    | H  |
|....|....|****|****|~~~~|~~~~|~~~~|****|****|....|
---------------------------------------------------
|    |    |    |    |    |    |    | E  | PP |    |
|~~~~|....|****|****|****|~~~~|****|****|****|....|
---------------------------------------------------
---------------------------------------------------
|    |    |@   | F  | T  |    |    | KP |    |    |
|~~~~|~~~~|....|....|....|~~~~|^^^^|^^^^|^^^^|^^^^|
---------------------------------------------------
|    |    |    |    | H  |    |    |    |    |    |
|~~~~|####|^^^^|^^^^|^^^^|^^^^|^^^^|^^^^|^^^^|^^^^|
---------------------------------------------------
|    |    | H  |    | E  |    | P  |    | K  |    |
|####|####|####|####|^^^^|^^^^|^^^^|^^^^|^^^^|~~~~|
---------------------------------------------------
| T  |    |    |    | P  | H  |    |    |    |    |
|....|####|####|####|****|****|^^^^|....|~~~~|~~~~|
---------------------------------------------------
| F  | P  |    |    |    |    | F  |    |    |    |
|....|^^^^|^^^^|^^^^|****|****|^^^^|....|~~~~|~~~~|
---------------------------------------------------
| H  |    | P  | T  | E  |    |    |    |    |    |
|....|****|****|****|****|****|####|####|####|~~~~|
---------------------------------------------------
|    |    | K  |    | P  | H  | K  | E  | F  |    |
|....|****|****|****|****|****|****|####|####|####|
---------------------------------------------------
| K  |    |    | F  | H  |    | H  | K  | T  |    |
|****|****|****|****|****|~~~~|****|****|~~~~|~~~~|
---------------------------------------------------
|    |    | E  | K  |    |    |    |    | F  |    |
|....|....|****|****|~~~~|~~~~|~~~~|****|****|....|
---------------------------------------------------
|    |    |    | K  | K  |    | K  | P  |    |    |
|~~~~|....|****|****|****|~~~~|****|****|****|....|
---------------------------------------------------
---------------------------------------------------
|    |    |@   |    |    | TE |    | KK |    | P  |
|~~~~|~~~~|....|....|....|~~~~|^^^^|^^^^|^^^^|^^^^|
---------------------------------------------------
| F  |    |    | TK |    | PP | EFK| F  |    |    |
|~~~~|####|^^^^|^^^^|^^^^|^^^^|^^^^|^^^^|^^^^|^^^^|
---------------------------------------------------
|    |    |    | F  |    |    | H  |    |    |    |
|####|####|####|####|^^^^|^^^^|^^^^|^^^^|^^^^|~~~~|
---------------------------------------------------
| E  | KF |    | H  | E  |    |    |    |    | P  |
|....|####|####|####|****|****|^^^^|....|~~~~|~~~~|
---------------------------------------------------
|    |    |    |    |    |    |    |    | K  | K  |
|....|^^^^|^^^^|^^^^|****|****|^^^^|....|~~~~|~~~~|
---------------------------------------------------
| T  |    |    | T  |    | K  |    |    |    |    |
|....|****|****|****|****|****|####|####|####|~~~~|
---------------------------------------------------
|    |    |    |    |    | H  | P  |    |    |    |
|....|****|****|****|****|****|****|####|####|####|
---------------------------------------------------
|    |    |    |    |    |    |    |    |    |    |
|****|****|****|****|****|~~~~|****|****|~~~~|~~~~|
---------------------------------------------------
|    |    |    |    | H  | P  |    | K  |    | H  |
|....|....|****|****|~~~~|~~~~|~~~~|****|****|....|
---------------------------------------------------
| H  | KP |    |    | H  | F  |    |    |    |    |
|~~~~|....|****|****|****|~~~~|****|****|****|....|
---------------------------------------------------
---------------------------------------------------
|    |    |@   | F  | T  |    |    | PK |    |    |
|~~~~|~~~~|....|....|....|~~~~|^^^^|^^^^|^^^^|^^^^|
---------------------------------------------------
|    |    |    |    | H  |    |    |    |    |    |
|~~~~|####|^^^^|^^^^|^^^^|^^^^|^^^^|^^^^|^^^^|^^^^|
---------------------------------------------------
|    |    | H  |    | E  |    | P  |    | K  |    |
|####|####|####|####|^^^^|^^^^|^^^^|^^^^|^^^^|~~~~|
---------------------------------------------------
| T  |    |    |    | P  | H  |    |    |    |    |
|....|####|####|####|****|****|^^^^|....|~~~~|~~~~|
---------------------------------------------------
| F  | P  |    |    |    |    | F  |    |    |    |
|....|^^^^|^^^^|^^^^|****|****|^^^^|....|~~~~|~~~~|
---------------------------------------------------
| H  |    | P  | T  | E  |    |    |    |    |    |
|....|****|****|****|****|****|####|####|####|~~~~|
---------------------------------------------------
|    |    | K  |    | P  | H  | K  | E  | F  |    |
|....|****|****|****|****|****|****|####|####|####|
---------------------------------------------------
| K  |    |    | F  | H  |    | H  | K  | T  |    |
|****|****|****|****|****|~~~~|****|****|~~~~|~~~~|
---------------------------------------------------
|    |    | E  | K  |    |    |    |    | F  |    |
|....|....|****|****|~~~~|~~~~|~~~~|****|****|....|
---------------------------------------------------
|    |    |    | K  | K  |    | K  | P  |    |    |
|~~~~|....|****|****|****|~~~~|****|****|****|....|
---------------------------------------------------
---------------------------------------------------
|    |    |@   |    |    |    |    | K  |    | P  |
|~~~~|~~~~|....|....|....|~~~~|^^^^|^^^^|^^^^|^^^^|
---------------------------------------------------
|    |    |    |    | F  |    |    |    |    |    |
|~~~~|####|^^^^|^^^^|^^^^|^^^^|^^^^|^^^^|^^^^|^^^^|
---------------------------------------------------
|    | KE |    |    |    | P  |    | E  | E  |    |
|####|####|####|####|^^^^|^^^^|^^^^|^^^^|^^^^|~~~~|
---------------------------------------------------
|    |    |    | H  | P  |    |    |    |    | FK |
|....|####|####|####|****|****|^^^^|....|~~~~|~~~~|
---------------------------------------------------
|    |    | H  |    | T  | P  | P  | F  | F  |    |
|....|^^^^|^^^^|^^^^|****|****|^^^^|....|~~~~|~~~~|
---------------------------------------------------
|    | H  | H  |    | H  |    |    |    |    | KF |
|....|****|****|****|****|****|####|####|####|~~~~|
---------------------------------------------------
|    |    |    |    |    |    |    |    |    | T  |
|....|****|****|****|****|****|****|####|####|####|
---------------------------------------------------
|    |    | P  |    | H  |    | KF |    |    |    |
|****|****|****|****|****|~~~~|****|****|~~~~|~~~~|
---------------------------------------------------
|    |    |    | T  | P  | K  |    | KK |    | T  |
|....|....|****|****|~~~~|~~~~|~~~~|****|****|....|
---------------------------------------------------
| EK |    | H  |    | K  |    |    |    |    |    |
|~~~~|....|****|****|****|~~~~|****|****|****|....|
---------------------------------------------------
---------------------------------------------------
|    |    |@   | F  | T  |    |    | KP |    |    |
|~~~~|~~~~|....|....|....|~~~~|^^^^|^^^^|^^^^|^^^^|
---------------------------------------------------
|    |    |    |    | H  |    |    |    |    |    |
|~~~~|####|^^^^|^^^^|^^^^|^^^^|^^^^|^^^^|^^^^|^^^^|
---------------------------------------------------
|    |    | H  |    | E  |    | P  |    | K  |    |
|####|####|####|####|^^^^|^^^^|^^^^|^^^^|^^^^|~~~~|
---------------------------------------------------
| T  |    |    |    | P  | H  |    |    |    |    |
|....|####|####|####|****|****|^^^^|....|~~~~|~~~~|
---------------------------------------------------
| F  | P  |    |    |    |    | F  |    |    |    |
|....|^^^^|^^^^|^^^^|****|****|^^^^|....|~~~~|~~~~|
---------------------------------------------------
| H  |    | P  | T  | E  |    |    |    |    |    |
|....|****|****|****|****|****|####|####|####|~~~~|
---------------------------------------------------
|    |    | K  |    | P  | H  | K  | E  | F  |    |
|....|****|****|****|****|****|****|####|####|####|
---------------------------------------------------
| K  |    |    | F  | H  |    | H  | K  | T  |    |
|****|****|****|****|****|~~~~|****|****|~~~~|~~~~|
---------------------------------------------------
|    |    | E  | K  |    |    |    |    | F  |    |
|....|....|****|****|~~~~|~~~~|~~~~|****|****|....|
---------------------------------------------------
|    |    |    | K  | K  |    | K  | P  |    |    |
|~~~~|....|****|****|****|~~~~|****|****|****|....|
---------------------------------------------------
---------------------------------------------------
| K  | F  |@E  |    |    |    | H  | K  |    |    |
|~~~~|~~~~|....|....|....|~~~~|^^^^|^^^^|^^^^|^^^^|
---------------------------------------------------
|    |    |    |    | K  | FT |    | K  |    |    |
|~~~~|####|^^^^|^^^^|^^^^|^^^^|^^^^|^^^^|^^^^|^^^^|
---------------------------------------------------
|    |    |    |    |    |    | P  |    | H  | H  |
|####|####|####|####|^^^^|^^^^|^^^^|^^^^|^^^^|~~~~|
---------------------------------------------------
|    | H  | T  |    | P  |    | E  |    |    |    |
|....|####|####|####|****|****|^^^^|....|~~~~|~~~~|
---------------------------------------------------
| K  | P  | F  |    |    |    |    | H  |    | K  |
|....|^^^^|^^^^|^^^^|****|****|^^^^|....|~~~~|~~~~|
---------------------------------------------------
|    |    |    |    |    |    |    | H  |    |    |
|....|****|****|****|****|****|####|####|####|~~~~|
---------------------------------------------------
|    | TP |    | K  |    | T  | E  | F  |    | P  |
|....|****|****|****|****|****|****|####|####|####|
---------------------------------------------------
|    |    |    | KP | F  | K  |    |    |    |    |
|****|****|****|****|****|~~~~|****|****|~~~~|~~~~|
---------------------------------------------------
|    | E  |    |    |    |    |    |    | H  | K  |
|....|....|****|****|~~~~|~~~~|~~~~|****|****|....|
---------------------------------------------------
|    |    |    | F  |    | P  |    |    |    |    |
|~~~~|....|****|****|****|~~~~|****|****|****|....|
---------------------------------------------------
---------------------------------------------------
|    |    |@   | F  | T  |    |    | PK |    |    |
|~~~~|~~~~|....|....|....|~~~~|^^^^|^^^^|^^^^|^^^^|
---------------------------------------------------
|    |    |    |    | H  |    |    |    |    |    |
|~~~~|####|^^^^|^^^^|^^^^|^^^^|^^^^|^^^^|^^^^|^^^^|
---------------------------------------------------
|    |    | H  |    | E  |    | P  |    | K  |    |
|####|####|####|####|^^^^|^^^^|^^^^|^^^^|^^^^|~~~~|
---------------------------------------------------
| T  |    |    |    | P  | H  |    |    |    |    |
|....|####|####|####|****|****|^^^^|....|~~~~|~~~~|
---------------------------------------------------
| F  | P  |    |    |    |    | F  |    |    |    |
|....|^^^^|^^^^|^^^^|****|****|^^^^|....|~~~~|~~~~|
---------------------------------------------------
| H  |    | P  | T  | E  |    |    |    |    |    |
|....|****|****|****|****|****|####|####|####|~~~~|
---------------------------------------------------
|    |    | K  |    | P  | H  | K  | E  | F  |    |
|....|****|****|****|****|****|****|####|####|####|
---------------------------------------------------
| K  |    |    | F  | H  |    | H  | K  | T  |    |
|****|****|****|****|****|~~~~|****|****|~~~~|~~~~|
---------------------------------------------------
|    |    | E  | K  |    |    |    |    | F  |    |
|....|....|****|****|~~~~|~~~~|~~~~|****|****|....|
---------------------------------------------------
|    |    |    | K  | K  |    | K  | P  |    |    |
|~~~~|....|****|****|****|~~~~|****|****|****|....|
---------------------------------------------------
---------------------------------------------------
|    |    |@   |    | H  | H  |    | K  |    |    |
|~~~~|~~~~|....|....|....|~~~~|^^^^|^^^^|^^^^|^^^^|
---------------------------------------------------
|    | KP |    | H  |    | F  |    | PF |    |    |
|~~~~|####|^^^^|^^^^|^^^^|^^^^|^^^^|^^^^|^^^^|^^^^|
---------------------------------------------------
| E  |    |    |    |    |    | ET |    |    |    |
|####|####|####|####|^^^^|^^^^|^^^^|^^^^|^^^^|~~~~|
---------------------------------------------------
| T  | K  | H  |    |    | T  |    |    |    |    |
|....|####|####|####|****|****|^^^^|....|~~~~|~~~~|
---------------------------------------------------
|    | H  |    |    | P  | P  |    |    | F  |    |
|....|^^^^|^^^^|^^^^|****|****|^^^^|....|~~~~|~~~~|
---------------------------------------------------
|    |    |    |    |    |    |    | H  | P  |    |
|....|****|****|****|****|****|####|####|####|~~~~|
---------------------------------------------------
| K  |    |    |    |    | K  |    |    |    |    |
|....|****|****|****|****|****|****|####|####|####|
---------------------------------------------------
|    | E  | K  | KK |    |    | P  |    | K  |    |
|****|****|****|****|****|~~~~|****|****|~~~~|~~~~|
---------------------------------------------------
|    | K  |    | F  |    |    |    |    | TF |    |
|....|....|****|****|~~~~|~~~~|~~~~|****|****|....|
---------------------------------------------------
|    | H  |    | P  |    |    |    | F  | E  |    |
|~~~~|....|****|****|****|~~~~|****|****|****|....|
---------------------------------------------------
---------------------------------------------------
|    |    |@   | F  | T  |    |    | PK |    |    |
|~~~~|~~~~|....|....|....|~~~~|^^^^|^^^^|^^^^|^^^^|
---------------------------------------------------
|    |    |    |    | H  |    |    |    |    |    |
|~~~~|####|^^^^|^^^^|^^^^|^^^^|^^^^|^^^^|^^^^|^^^^|
---------------------------------------------------
|    |    | H  |    | E  |    | P  |    | K  |    |
|####|####|####|####|^^^^|^^^^|^^^^|^^^^|^^^^|~~~~|
---------------------------------------------------
| T  |    |    |    | P  | H  |    |    |    |    |
|....|####|####|####|****|****|^^^^|....|~~~~|~~~~|
---------------------------------------------------
| F  | P  |    |    |    |    | F  |    |    |    |
|....|^^^^|^^^^|^^^^|****|****|^^^^|....|~~~~|~~~~|
---------------------------------------------------
| H  |    | P  | T  | E  |    |    |    |    |    |
|....|****|****|****|****|****|####|####|####|~~~~|
---------------------------------------------------
|    |    | K  |    | P  | H  | K  | E  | F  |    |
|....|****|****|****|****|****|****|####|####|####|
---------------------------------------------------
| K  |    |    | F  | H  |    | H  | K  | T  |    |
|****|****|****|****|****|~~~~|****|****|~~~~|~~~~|
---------------------------------------------------
|    |    | E  | K  |    |    |    |    | F  |    |
|....|....|****|****|~~~~|~~~~|~~~~|****|****|....|
---------------------------------------------------
|    |    |    | K  | K  |    | K  | P  |    |    |
|~~~~|....|****|****|****|~~~~|****|****|****|....|
---------------------------------------------------
---------------------------------------------------
|    | K  |@   |    |    |    |    | KK | E  |    |
|~~~~|~~~~|....|....|....|~~~~|^^^^|^^^^|^^^^|^^^^|
---------------------------------------------------
|    |    | P  |    |    | H  |    |    |    |    |
|~~~~|####|^^^^|^^^^|^^^^|^^^^|^^^^|^^^^|^^^^|^^^^|
---------------------------------------------------
| P  | F  |    |    |    |    |    |    | K  |    |
|####|####|####|####|^^^^|^^^^|^^^^|^^^^|^^^^|~~~~|
---------------------------------------------------
|    | F  |    |    | H  |    |    | H  | K  |    |
|....|####|####|####|****|****|^^^^|....|~~~~|~~~~|
---------------------------------------------------
|    |    |    | F  | P  | T  | F  |    |    |    |
|....|^^^^|^^^^|^^^^|****|****|^^^^|....|~~~~|~~~~|
---------------------------------------------------
| H  | E  |    | K  | H  | E  |    |    |    | K  |
|....|****|****|****|****|****|####|####|####|~~~~|
---------------------------------------------------
|    |    |    |    |    | F  |    |    | T  |    |
|....|****|****|****|****|****|****|####|####|####|
---------------------------------------------------
|    | T  |    |    |    | K  | H  |    |    | P  |
|****|****|****|****|****|~~~~|****|****|~~~~|~~~~|
---------------------------------------------------
|    |    | E  |    | KF | P  |    | P  |    |    |
|....|....|****|****|~~~~|~~~~|~~~~|****|****|....|
---------------------------------------------------
|    |    | KT |    |    |    |    | H  |    | P  |
|~~~~|....|****|****|****|~~~~|****|****|****|....|
---------------------------------------------------
---------------------------------------------------
|    |    |@   | F  | T  |    |    | PK |    |    |
|~~~~|~~~~|....|....|....|~~~~|^^^^|^^^^|^^^^|^^^^|
---------------------------------------------------
|    |    |    |    | H  |    |    |    |    |    |
|~~~~|####|^^^^|^^^^|^^^^|^^^^|^^^^|^^^^|^^^^|^^^^|
---------------------------------------------------
|    |    | H  |    | E  |    | P  |    | K  |    |
|####|####|####|####|^^^^|^^^^|^^^^|^^^^|^^^^|~~~~|
---------------------------------------------------
| T  |    |    |    | P  | H  |    |    |    |    |
|....|####|####|####|****|****|^^^^|....|~~~~|~~~~|
---------------------------------------------------
| F  | P  |    |    |    |    | F  |    |    |    |
|....|^^^^|^^^^|^^^^|****|****|^^^^|....|~~~~|~~~~|
---------------------------------------------------
| H  |    | P  | T  | E  |    |    |    |    |    |
|....|****|****|****|****|****|####|####|####|~~~~|
---------------------------------------------------
|    |    | K  |    | P  | H  | K  | E  | F  |    |
|....|****|****|****|****|****|****|####|####|####|
---------------------------------------------------
| K  |    |    | F  | H  |    | H  | K  | T  |    |
|****|****|****|****|****|~~~~|****|****|~~~~|~~~~|
---------------------------------------------------
|    |    | E  | K  |    |    |    |    | F  |    |
|....|....|****|****|~~~~|~~~~|~~~~|****|****|....|
---------------------------------------------------
|    |    |    | K  | K  |    | K  | P  |    |    |
|~~~~|....|****|****|****|~~~~|****|****|****|....|
---------------------------------------------------
---------------------------------------------------
| E  | H  |@T  | F  |    |    |    | K  | T  | K  |
|~~~~|~~~~|....|....|....|~~~~|^^^^|^^^^|^^^^|^^^^|
---------------------------------------------------
|    |    |    |    |    |    |    |    |    | K  |
|~~~~|####|^^^^|^^^^|^^^^|^^^^|^^^^|^^^^|^^^^|^^^^|
---------------------------------------------------
|    | K  |    |    |    |    | E  |    |    |    |
|####|####|####|####|^^^^|^^^^|^^^^|^^^^|^^^^|~~~~|
---------------------------------------------------
|    |    |    | K  |    | P  | T  | H  |    | K  |
|....|####|####|####|****|****|^^^^|....|~~~~|~~~~|
---------------------------------------------------
| K  |    |    | K  |    | KP |    | H  |    |    |
|....|^^^^|^^^^|^^^^|****|****|^^^^|....|~~~~|~~~~|
---------------------------------------------------
|    |    | H  |    |    | H  |    | K  |    |    |
|....|****|****|****|****|****|####|####|####|~~~~|
---------------------------------------------------
| H  |    |    |    |    |    |    |    |    |    |
|....|****|****|****|****|****|****|####|####|####|
---------------------------------------------------
|    | P  |    |    |    | F  |    | F  | F  |    |
|****|****|****|****|****|~~~~|****|****|~~~~|~~~~|
---------------------------------------------------
|    | EPF|    |    | P  |    | F  |    | T  |    |
|....|....|****|****|~~~~|~~~~|~~~~|****|****|....|
---------------------------------------------------
| PP | E  |    | H  |    |    |    |    |    |    |
|~~~~|....|****|****|****|~~~~|****|****|****|....|
---------------------------------------------------
---------------------------------------------------
|    |    |@   | F  | T  |    |    | PK |    |    |
|~~~~|~~~~|....|....|....|~~~~|^^^^|^^^^|^^^^|^^^^|
---------------------------------------------------
|    |    |    |    | H  |    |    |    |    |    |
|~~~~|####|^^^^|^^^^|^^^^|^^^^|^^^^|^^^^|^^^^|^^^^|
---------------------------------------------------
|    |    | H  |    | E  |    | P  |    | K  |    |
|####|####|####|####|^^^^|^^^^|^^^^|^^^^|^^^^|~~~~|
---------------------------------------------------
| T  |    |    |    | P  | H  |    |    |    |    |
|....|####|####|####|****|****|^^^^|....|~~~~|~~~~|
---------------------------------------------------
| F  | P  |    |    |    |    | F  |    |    |    |
|....|^^^^|^^^^|^^^^|****|****|^^^^|....|~~~~|~~~~|
---------------------------------------------------
| H  |    | P  | T  | E  |    |    |    |    |    |
|....|****|****|****|****|****|####|####|####|~~~~|
---------------------------------------------------
|    |    | K  |    | P  | H  | K  | E  | F  |    |
|....|****|****|****|****|****|****|####|####|####|
---------------------------------------------------
| K  |    |    | F  | H  |    | H  | K  | T  |    |
|****|****|****|****|****|~~~~|****|****|~~~~|~~~~|
---------------------------------------------------
|    |    | E  | K  |    |    |    |    | F  |    |
|....|....|****|****|~~~~|~~~~|~~~~|****|****|....|
---------------------------------------------------
|    |    |    | K  | K  |    | K  | P  |    |    |
|~~~~|....|****|****|****|~~~~|****|****|****|....|
---------------------------------------------------
---------------------------------------------------
|    |    |@   | P  |    |    | K  | K  | H  |    |
|~~~~|~~~~|....|....|....|~~~~|^^^^|^^^^|^^^^|^^^^|
---------------------------------------------------
| H  |    |    | K  |    |    |    | K  |    |    |
|~~~~|####|^^^^|^^^^|^^^^|^^^^|^^^^|^^^^|^^^^|^^^^|
---------------------------------------------------
| K  |    |    |    | P  | H  |    |    | F  |    |
|####|####|####|####|^^^^|^^^^|^^^^|^^^^|^^^^|~~~~|
---------------------------------------------------
|    | P  | P  |    |    |    |    | FP |    |    |
|....|####|####|####|****|****|^^^^|....|~~~~|~~~~|
---------------------------------------------------
| E  | TF | P  |    | E  |    |    |    |    |    |
|....|^^^^|^^^^|^^^^|****|****|^^^^|....|~~~~|~~~~|
---------------------------------------------------
| F  |    |    | E  |    |    | T  | K  | P  |    |
|....|****|****|****|****|****|####|####|####|~~~~|
---------------------------------------------------
| H  | F  |    |    |    |    |    |    |    |    |
|....|****|****|****|****|****|****|####|####|####|
---------------------------------------------------
|    |    |    |    |    |    | H  | K  |    | K  |
|****|****|****|****|****|~~~~|****|****|~~~~|~~~~|
---------------------------------------------------
|    | T  |    |    |    | KT | K  |    | E  | H  |
|....|....|****|****|~~~~|~~~~|~~~~|****|****|....|
---------------------------------------------------
|    |    |    | H  |    | F  |    |    |    |    |
|~~~~|....|****|****|****|~~~~|****|****|****|....|
---------------------------------------------------
---------------------------------------------------
|    |    |@   | F  | T  |    |    | KP |    |    |
|~~~~|~~~~|....|....|....|~~~~|^^^^|^^^^|^^^^|^^^^|
---------------------------------------------------
|    |    |    |    | H  |    |    |    |    |    |
|~~~~|####|^^^^|^^^^|^^^^|^^^^|^^^^|^^^^|^^^^|^^^^|
---------------------------------------------------
|    |    | H  |    | E  |    | P  |    | K  |    |
|####|####|####|####|^^^^|^^^^|^^^^|^^^^|^^^^|~~~~|
---------------------------------------------------
| T  |    |    |    | P  | H  |    |    |    |    |
|....|####|####|####|****|****|^^^^|....|~~~~|~~~~|
---------------------------------------------------
| F  | P  |    |    |    |    | F  |    |    |    |
|....|^^^^|^^^^|^^^^|****|****|^^^^|....|~~~~|~~~~|
---------------------------------------------------
| H  |    | P  | T  | E  |    |    |    |    |    |
|....|****|****|****|****|****|####|####|####|~~~~|
---------------------------------------------------
|    |    | K  |    | P  | H  | K  | E  | F  |    |
|....|****|****|****|****|****|****|####|####|####|
---------------------------------------------------
| K  |    |    | F  | H  |    | H  | K  | T  |    |
|****|****|****|****|****|~~~~|****|****|~~~~|~~~~|
---------------------------------------------------
|    |    | E  | K  |    |    |    |    | F  |    |
|....|....|****|****|~~~~|~~~~|~~~~|****|****|....|
---------------------------------------------------
|    |    |    | K  | K  |    | K  | P  |    |    |
|~~~~|....|****|****|****|~~~~|****|****|****|....|
---------------------------------------------------
---------------------------------------------------
|    |    |@   | E  | ET | H  |    | K  |    | K  |
|~~~~|~~~~|....|....|....|~~~~|^^^^|^^^^|^^^^|^^^^|
---------------------------------------------------
| K  |    |    |    |    |    | H  |    |    |    |
|~~~~|####|^^^^|^^^^|^^^^|^^^^|^^^^|^^^^|^^^^|^^^^|
---------------------------------------------------
|    | K  |    | H  |    |    | KF |    |    |    |
|####|####|####|####|^^^^|^^^^|^^^^|^^^^|^^^^|~~~~|
---------------------------------------------------
|    | T  |    |    | KF |    | P  |    |    |    |
|....|####|####|####|****|****|^^^^|....|~~~~|~~~~|
---------------------------------------------------
| P  |    |    |    |    | P  |    |    |    | H  |
|....|^^^^|^^^^|^^^^|****|****|^^^^|....|~~~~|~~~~|
---------------------------------------------------
| P  |    |    |    |    |    |    | E  |    |    |
|....|****|****|****|****|****|####|####|####|~~~~|
---------------------------------------------------
|    |    |    |    | F  |    | K  |    |    | P  |
|....|****|****|****|****|****|****|####|####|####|
---------------------------------------------------
|    |    | H  | T  | FK |    | F  |    |    |    |
|****|****|****|****|****|~~~~|****|****|~~~~|~~~~|
---------------------------------------------------
| P  |    |    |    | H  | P  |    | K  |    | KE |
|....|....|****|****|~~~~|~~~~|~~~~|****|****|....|
---------------------------------------------------
|    | T  | H  |    |    |    | F  |    |    |    |
|~~~~|....|****|****|****|~~~~|****|****|****|....|
---------------------------------------------------
---------------------------------------------------
|    |    |@   | F  | T  |    |    | KP |    |    |
|~~~~|~~~~|....|....|....|~~~~|^^^^|^^^^|^^^^|^^^^|
---------------------------------------------------
|    |    |    |    | H  |    |    |    |    |    |
|~~~~|####|^^^^|^^^^|^^^^|^^^^|^^^^|^^^^|^^^^|^^^^|
---------------------------------------------------
|    |    | H  |    | E  |    | P  |    | K  |    |
|####|####|####|####|^^^^|^^^^|^^^^|^^^^|^^^^|~~~~|
---------------------------------------------------
| T  |    |    |    | P  | H  |    |    |    |    |
|....|####|####|####|****|****|^^^^|....|~~~~|~~~~|
---------------------------------------------------
| F  | P  |    |    |    |    | F  |    |    |    |
|....|^^^^|^^^^|^^^^|****|****|^^^^|....|~~~~|~~~~|
---------------------------------------------------
| H  |    | P  | T  | E  |    |    |    |    |    |
|....|****|****|****|****|****|####|####|####|~~~~|
---------------------------------------------------
|    |    | K  |    | P  | H  | K  | E  | F  |    |
|....|****|****|****|****|****|****|####|####|####|
---------------------------------------------------
| K  |    |    | F  | H  |    | H  | K  | T  |    |
|****|****|****|****|****|~~~~|****|****|~~~~|~~~~|
---------------------------------------------------
|    |    | E  | K  |    |    |    |    | F  |    |
|....|....|****|****|~~~~|~~~~|~~~~|****|****|....|
---------------------------------------------------
|    |    |    | K  | K  |    | K  | P  |    |    |
|~~~~|....|****|****|****|~~~~|****|****|****|....|
---------------------------------------------------
---------------------------------------------------
|    | H  |@   |    |    | H  |    | K  | K  |    |
|~~~~|~~~~|....|....|....|~~~~|^^^^|^^^^|^^^^|^^^^|
---------------------------------------------------
| H  |    |    |    |    |    | TK |    |    |    |
|~~~~|####|^^^^|^^^^|^^^^|^^^^|^^^^|^^^^|^^^^|^^^^|
---------------------------------------------------
| T  |    |    |    |    |    | E  |    |    |    |
|####|####|####|####|^^^^|^^^^|^^^^|^^^^|^^^^|~~~~|
---------------------------------------------------
|    |    | H  |    | PK |    |    | FP |    | H  |
|....|####|####|####|****|****|^^^^|....|~~~~|~~~~|
---------------------------------------------------
|    |    |    | P  |    |    |    |    | P  | F  |
|....|^^^^|^^^^|^^^^|****|****|^^^^|....|~~~~|~~~~|
---------------------------------------------------
|    |    |    |    |    | T  | FP |    | TK |    |
|....|****|****|****|****|****|####|####|####|~~~~|
---------------------------------------------------
| E  |    | K  |    |    | P  |    |    |    |    |
|....|****|****|****|****|****|****|####|####|####|
---------------------------------------------------
| K  |    |    | H  |    | H  |    |    | P  |    |
|****|****|****|****|****|~~~~|****|****|~~~~|~~~~|
---------------------------------------------------
|    |    |    |    | K  | F  | E  | E  |    |    |
|....|....|****|****|~~~~|~~~~|~~~~|****|****|....|
---------------------------------------------------
|    |    |    | K  |    | KF |    |    |    | F  |
|~~~~|....|****|****|****|~~~~|****|****|****|....|
---------------------------------------------------
---------------------------------------------------
|    |    |@   | F  | T  |    |    | PK |    |    |
|~~~~|~~~~|....|....|....|~~~~|^^^^|^^^^|^^^^|^^^^|
---------------------------------------------------
|    |    |    |    | H  |    |    |    |    |    |
|~~~~|####|^^^^|^^^^|^^^^|^^^^|^^^^|^^^^|^^^^|^^^^|
---------------------------------------------------
|    |    | H  |    | E  |    | P  |    | K  |    |
|####|####|####|####|^^^^|^^^^|^^^^|^^^^|^^^^|~~~~|
---------------------------------------------------
| T  |    |    |    | P  | H  |    |    |    |    |
|....|####|####|####|****|****|^^^^|....|~~~~|~~~~|
---------------------------------------------------
| F  | P  |    |    |    |    | F  |    |    |    |
|....|^^^^|^^^^|^^^^|****|****|^^^^|....|~~~~|~~~~|
---------------------------------------------------
| H  |    | P  | T  | E  |    |    |    |    |    |
|....|****|****|****|****|****|####|####|####|~~~~|
---------------------------------------------------
|    |    | K  |    | P  | H  | K  | E  | F  |    |
|....|****|****|****|****|****|****|####|####|####|
---------------------------------------------------
| K  |    |    | F  | H  |    | H  | K  | T  |    |
|****|****|****|****|****|~~~~|****|****|~~~~|~~~~|
---------------------------------------------------
|    |    | E  | K  |    |    |    |    | F  |    |
|....|....|****|****|~~~~|~~~~|~~~~|****|****|....|
---------------------------------------------------
|    |    |    | K  | K  |    | K  | P  |    |    |
|~~~~|....|****|****|****|~~~~|****|****|****|....|
---------------------------------------------------
---------------------------------------------------
| F  |    |@   | P  |    |    |    | K  | K  | P  |
|~~~~|~~~~|....|....|....|~~~~|^^^^|^^^^|^^^^|^^^^|
---------------------------------------------------
|    |    |    |    |    |    |    | F  | K  |    |
|~~~~|####|^^^^|^^^^|^^^^|^^^^|^^^^|^^^^|^^^^|^^^^|
---------------------------------------------------
| H  |    | T  |    | K  |    |    |    | K  |    |
|####|####|####|####|^^^^|^^^^|^^^^|^^^^|^^^^|~~~~|
---------------------------------------------------
|    |    |    |    | P  |    |    | H  |    | E  |
|....|####|####|####|****|****|^^^^|....|~~~~|~~~~|
---------------------------------------------------
| PK | H  |    | F  | K  | H  |    | T  |    |    |
|....|^^^^|^^^^|^^^^|****|****|^^^^|....|~~~~|~~~~|
---------------------------------------------------
|    |    |    |    |    | F  |    |    | PK | K  |
|....|****|****|****|****|****|####|####|####|~~~~|
---------------------------------------------------
| E  |    |    |    |    |    | H  | F  |    | E  |
|....|****|****|****|****|****|****|####|####|####|
---------------------------------------------------
|    |    |    |    |    | H  | P  |    |    | P  |
|****|****|****|****|****|~~~~|****|****|~~~~|~~~~|
---------------------------------------------------
|    | T  |    |    |    | E  | H  |    |    |    |
|....|....|****|****|~~~~|~~~~|~~~~|****|****|....|
---------------------------------------------------
|    | K  |    | F  | T  |    |    |    |    |    |
|~~~~|....|****|****|****|~~~~|****|****|****|....|
---------------------------------------------------
---------------------------------------------------
|    |    |@   | F  | T  |    |    | PK |    |    |
|~~~~|~~~~|....|....|....|~~~~|^^^^|^^^^|^^^^|^^^^|
---------------------------------------------------
|    |    |    |    | H  |    |    |    |    |    |
|~~~~|####|^^^^|^^^^|^^^^|^^^^|^^^^|^^^^|^^^^|^^^^|
---------------------------------------------------
|    |    | H  |    | E  |    | P  |    | K  |    |
|####|####|####|####|^^^^|^^^^|^^^^|^^^^|^^^^|~~~~|
---------------------------------------------------
| T  |    |    |    | P  | H  |    |    |    |    |
|....|####|####|####|****|****|^^^^|....|~~~~|~~~~|
---------------------------------------------------
| F  | P  |    |    |    |    | F  |    |    |    |
|....|^^^^|^^^^|^^^^|****|****|^^^^|....|~~~~|~~~~|
---------------------------------------------------
| H  |    | P  | T  | E  |    |    |    |    |    |
|....|****|****|****|****|****|####|####|####|~~~~|
---------------------------------------------------
|    |    | K  |    | P  | H  | K  | E  | F  |    |
|....|****|****|****|****|****|****|####|####|####|
---------------------------------------------------
| K  |    |    | F  | H  |    | H  | K  | T  |    |
|****|****|****|****|****|~~~~|****|****|~~~~|~~~~|
---------------------------------------------------
|    |    | E  | K  |    |    |    |    | F  |    |
|....|....|****|****|~~~~|~~~~|~~~~|****|****|....|
---------------------------------------------------
|    |    |    | K  | K  |    | K  | P  |    |    |
|~~~~|....|****|****|****|~~~~|****|****|****|....|
---------------------------------------------------
---------------------------------------------------
|    | K  |@F  | T  |    | K  |    | K  | F  |    |
|~~~~|~~~~|....|....|....|~~~~|^^^^|^^^^|^^^^|^^^^|
---------------------------------------------------
|    |    |    |    |    | P  |    | PT | H  | P  |
|~~~~|####|^^^^|^^^^|^^^^|^^^^|^^^^|^^^^|^^^^|^^^^|
---------------------------------------------------
| F  |    |    |    |    |    |    | K  |    |    |
|####|####|####|####|^^^^|^^^^|^^^^|^^^^|^^^^|~~~~|
---------------------------------------------------
|    | H  |    |    |    | E  | E  |    |    |    |
|....|####|####|####|****|****|^^^^|....|~~~~|~~~~|
---------------------------------------------------
|    |    |    |    |    |    | P  |    |    | K  |
|....|^^^^|^^^^|^^^^|****|****|^^^^|....|~~~~|~~~~|
---------------------------------------------------
|    |    | H  |    |    |    |    | H  | K  |    |
|....|****|****|****|****|****|####|####|####|~~~~|
---------------------------------------------------
|    | FK | P  |    | H  |    | P  |    |    | K  |
|....|****|****|****|****|****|****|####|####|####|
---------------------------------------------------
|    | E  | K  |    |    |    | F  | H  | T  |    |
|****|****|****|****|****|~~~~|****|****|~~~~|~~~~|
---------------------------------------------------
|    |    |    |    |    |    |    | PF |    | T  |
|....|....|****|****|~~~~|~~~~|~~~~|****|****|....|
---------------------------------------------------
| E  | H  | K  |    |    |    |    |    |    |    |
|~~~~|....|****|****|****|~~~~|****|****|****|....|
---------------------------------------------------
---------------------------------------------------
|    |    |@   | F  | T  |    |    | PK |    |    |
|~~~~|~~~~|....|....|....|~~~~|^^^^|^^^^|^^^^|^^^^|
---------------------------------------------------
|    |    |    |    | H  |    |    |    |    |    |
|~~~~|####|^^^^|^^^^|^^^^|^^^^|^^^^|^^^^|^^^^|^^^^|
---------------------------------------------------
|    |    | H  |    | E  |    | P  |    | K  |    |
|####|####|####|####|^^^^|^^^^|^^^^|^^^^|^^^^|~~~~|
---------------------------------------------------
| T  |    |    |    | P  | H  |    |    |    |    |
|....|####|####|####|****|****|^^^^|....|~~~~|~~~~|
---------------------------------------------------
| F  | P  |    |    |    |    | F  |    |    |    |
|....|^^^^|^^^^|^^^^|****|****|^^^^|....|~~~~|~~~~|
---------------------------------------------------
| H  |    | P  | T  | E  |    |    |    |    |    |
|....|****|****|****|****|****|####|####|####|~~~~|
---------------------------------------------------
|    |    | K  |    | P  | H  | K  | E  | F  |    |
|....|****|****|****|****|****|****|####|####|####|
---------------------------------------------------
| K  |    |    | F  | H  |    | H  | K  | T  |    |
|****|****|****|****|****|~~~~|****|****|~~~~|~~~~|
---------------------------------------------------
|    |    | E  | K  |    |    |    |    | F  |    |
|....|....|****|****|~~~~|~~~~|~~~~|****|****|....|
---------------------------------------------------
|    |    |    | K  | K  |    | K  | P  |    |    |
|~~~~|....|****|****|****|~~~~|****|****|****|....|
---------------------------------------------------
---------------------------------------------------
|    |    |@F  | H  | K  |    |    | K  |    |    |
|~~~~|~~~~|....|....|....|~~~~|^^^^|^^^^|^^^^|^^^^|
---------------------------------------------------
|    |    | F  |    | K  |    | T  |    | H  | K  |
|~~~~|####|^^^^|^^^^|^^^^|^^^^|^^^^|^^^^|^^^^|^^^^|
---------------------------------------------------
| E  |    |    |    |    | K  | PFP|    |    |    |
|####|####|####|####|^^^^|^^^^|^^^^|^^^^|^^^^|~~~~|
---------------------------------------------------
| E  |    |    |    |    |    |    | ET |    | K  |
|....|####|####|####|****|****|^^^^|....|~~~~|~~~~|
---------------------------------------------------
|    |    |    |    | T  |    | P  | T  | F  |    |
|....|^^^^|^^^^|^^^^|****|****|^^^^|....|~~~~|~~~~|
---------------------------------------------------
|    |    |    |    | P  | K  |    | H  |    |    |
|....|****|****|****|****|****|####|####|####|~~~~|
---------------------------------------------------
|    |    |    |    |    |    |    | PK |    | H  |
|....|****|****|****|****|****|****|####|####|####|
---------------------------------------------------
| F  |    |    |    |    | P  |    | H  |    |    |
|****|****|****|****|****|~~~~|****|****|~~~~|~~~~|
---------------------------------------------------
| K  |    |    | E  |    | H  |    |    |    |    |
|....|....|****|****|~~~~|~~~~|~~~~|****|****|....|
---------------------------------------------------
|    |    |    |    |    | H  |    | F  | PK |    |
|~~~~|....|****|****|****|~~~~|****|****|****|....|
---------------------------------------------------
---------------------------------------------------
|    |    |@   | F  | T  |    |    | KP |    |    |
|~~~~|~~~~|....|....|....|~~~~|^^^^|^^^^|^^^^|^^^^|
---------------------------------------------------
|    |    |    |    | H  |    |    |    |    |    |
|~~~~|####|^^^^|^^^^|^^^^|^^^^|^^^^|^^^^|^^^^|^^^^|
---------------------------------------------------
|    |    | H  |    | E  |    | P  |    | K  |    |
|####|####|####|####|^^^^|^^^^|^^^^|^^^^|^^^^|~~~~|
---------------------------------------------------
| T  |    |    |    | P  | H  |    |    |    |    |
|....|####|####|####|****|****|^^^^|....|~~~~|~~~~|
---------------------------------------------------
| F  | P  |    |    |    |    | F  |    |    |    |
|....|^^^^|^^^^|^^^^|****|****|^^^^|....|~~~~|~~~~|
---------------------------------------------------
| H  |    | P  | T  | E  |    |    |    |    |    |
|....|****|****|****|****|****|####|####|####|~~~~|
---------------------------------------------------
|    |    | K  |    | P  | H  | K  | E  | F  |    |
|....|****|****|****|****|****|****|####|####|####|
---------------------------------------------------
| K  |    |    | F  | H  |    | H  | K  | T  |    |
|****|****|****|****|****|~~~~|****|****|~~~~|~~~~|
---------------------------------------------------
|    |    | E  | K  |    |    |    |    | F  |    |
|....|....|****|****|~~~~|~~~~|~~~~|****|****|....|
---------------------------------------------------
|    |    |    | K  | K  |    | K  | P  |    |    |
|~~~~|....|****|****|****|~~~~|****|****|****|....|
---------------------------------------------------
---------------------------------------------------
|    |    |@P  |    | EK |    |    | K  | F  |    |
|~~~~|~~~~|....|....|....|~~~~|^^^^|^^^^|^^^^|^^^^|
---------------------------------------------------
|    | F  |    | KF |    |    |    | E  |    |    |
|~~~~|####|^^^^|^^^^|^^^^|^^^^|^^^^|^^^^|^^^^|^^^^|
---------------------------------------------------
| H  |    | F  | K  | H  | K  | P  |    |    |    |
|####|####|####|####|^^^^|^^^^|^^^^|^^^^|^^^^|~~~~|
---------------------------------------------------
| F  |    | K  |    | E  | H  |    | P  | F  |    |
|....|####|####|####|****|****|^^^^|....|~~~~|~~~~|
---------------------------------------------------
|    |    |    |    | T  |    |    |    | P  |    |
|....|^^^^|^^^^|^^^^|****|****|^^^^|....|~~~~|~~~~|
---------------------------------------------------
|    |    |    |    |    | T  | P  |    | T  |    |
|....|****|****|****|****|****|####|####|####|~~~~|
---------------------------------------------------
|    |    | H  |    |    |    |    |    | H  |    |
|....|****|****|****|****|****|****|####|####|####|
---------------------------------------------------
| K  |    |    |    | PT |    |    |    | H  |    |
|****|****|****|****|****|~~~~|****|****|~~~~|~~~~|
---------------------------------------------------
|    |    | K  |    |    |    | P  |    |    |    |
|....|....|****|****|~~~~|~~~~|~~~~|****|****|....|
---------------------------------------------------
| E  |    |    |    |    | K  | H  | K  |    |    |
|~~~~|....|****|****|****|~~~~|****|****|****|....|
---------------------------------------------------
---------------------------------------------------
|    |    |@   | F  | T  |    |    | KP |    |    |
|~~~~|~~~~|....|....|....|~~~~|^^^^|^^^^|^^^^|^^^^|
---------------------------------------------------
|    |    |    |    | H  |    |    |    |    |    |
|~~~~|####|^^^^|^^^^|^^^^|^^^^|^^^^|^^^^|^^^^|^^^^|
---------------------------------------------------
|    |    | H  |    | E  |    | P  |    | K  |    |
|####|####|####|####|^^^^|^^^^|^^^^|^^^^|^^^^|~~~~|
---------------------------------------------------
| T  |    |    |    | P  | H  |    |    |    |    |
|....|####|####|####|****|****|^^^^|....|~~~~|~~~~|
---------------------------------------------------
| F  | P  |    |    |    |    | F  |    |    |    |
|....|^^^^|^^^^|^^^^|****|****|^^^^|....|~~~~|~~~~|
---------------------------------------------------
| H  |    | P  | T  | E  |    |    |    |    |    |
|....|****|****|****|****|****|####|####|####|~~~~|
---------------------------------------------------
|    |    | K  |    | P  | H  | K  | E  | F  |    |
|....|****|****|****|****|****|****|####|####|####|
---------------------------------------------------
| K  |    |    | F  | H  |    | H  | K  | T  |    |
|****|****|****|****|****|~~~~|****|****|~~~~|~~~~|
---------------------------------------------------
|    |    | E  | K  |    |    |    |    | F  |    |
|....|....|****|****|~~~~|~~~~|~~~~|****|****|....|
---------------------------------------------------
|    |    |    | K  | K  |    | K  | P  |    |    |
|~~~~|....|****|****|****|~~~~|****|****|****|....|
---------------------------------------------------
---------------------------------------------------
|    |    |@   |    | T  | P  | TF | K  | K  |    |
|~~~~|~~~~|....|....|....|~~~~|^^^^|^^^^|^^^^|^^^^|
---------------------------------------------------
|    |    | E  |    | T  |    | H  | E  |    |    |
|~~~~|####|^^^^|^^^^|^^^^|^^^^|^^^^|^^^^|^^^^|^^^^|
---------------------------------------------------
| H  |    |    |    | P  |    | P  | H  |    |    |
|####|####|####|####|^^^^|^^^^|^^^^|^^^^|^^^^|~~~~|
---------------------------------------------------
|    |    | T  |    |    | K  |    |    | H  |    |
|....|####|####|####|****|****|^^^^|....|~~~~|~~~~|
---------------------------------------------------
|    |    |    | K  |    |    |    | H  |    |    |
|....|^^^^|^^^^|^^^^|****|****|^^^^|....|~~~~|~~~~|
---------------------------------------------------
| P  | F  | E  |    |    | F  |    |    |    | P  |
|....|****|****|****|****|****|####|####|####|~~~~|
---------------------------------------------------
|    |    |    |    |    | H  | F  |    | F  | P  |
|....|****|****|****|****|****|****|####|####|####|
---------------------------------------------------
|    |    |    |    |    | F  |    |    |    |    |
|****|****|****|****|****|~~~~|****|****|~~~~|~~~~|
---------------------------------------------------
| H  | K  |    |    |    | K  | K  | K  |    |    |
|....|....|****|****|~~~~|~~~~|~~~~|****|****|....|
---------------------------------------------------
| P  |    | E  |    |    |    |    |    | K  | K  |
|~~~~|....|****|****|****|~~~~|****|****|****|....|
---------------------------------------------------
---------------------------------------------------
|    |    |@   | F  | T  |    |    | PK |    |    |
|~~~~|~~~~|....|....|....|~~~~|^^^^|^^^^|^^^^|^^^^|
---------------------------------------------------
|    |    |    |    | H  |    |    |    |    |    |
|~~~~|####|^^^^|^^^^|^^^^|^^^^|^^^^|^^^^|^^^^|^^^^|
---------------------------------------------------
|    |    | H  |    | E  |    | P  |    | K  |    |
|####|####|####|####|^^^^|^^^^|^^^^|^^^^|^^^^|~~~~|
---------------------------------------------------
| T  |    |    |    | P  | H  |    |    |    |    |
|....|####|####|####|****|****|^^^^|....|~~~~|~~~~|
---------------------------------------------------
| F  | P  |    |    |    |    | F  |    |    |    |
|....|^^^^|^^^^|^^^^|****|****|^^^^|....|~~~~|~~~~|
---------------------------------------------------
| H  |    | P  | T  | E  |    |    |    |    |    |
|....|****|****|****|****|****|####|####|####|~~~~|
---------------------------------------------------
|    |    | K  |    | P  | H  | K  | E  | F  |    |
|....|****|****|****|****|****|****|####|####|####|
---------------------------------------------------
| K  |    |    | F  | H  |    | H  | K  | T  |    |
|****|****|****|****|****|~~~~|****|****|~~~~|~~~~|
---------------------------------------------------
|    |    | E  | K  |    |    |    |    | F  |    |
|....|....|****|****|~~~~|~~~~|~~~~|****|****|....|
---------------------------------------------------
|    |    |    | K  | K  |    | K  | P  |    |    |
|~~~~|....|****|****|****|~~~~|****|****|****|....|
---------------------------------------------------
---------------------------------------------------
| H  | K  |@E  |    |    |    | P  | FK |    | P  |
|~~~~|~~~~|....|....|....|~~~~|^^^^|^^^^|^^^^|^^^^|
---------------------------------------------------
| E  | K  | FK |    |    |    |    |    |    |    |
|~~~~|####|^^^^|^^^^|^^^^|^^^^|^^^^|^^^^|^^^^|^^^^|
---------------------------------------------------
|    |    |    | K  | K  |    | F  |    |    |    |
|####|####|####|####|^^^^|^^^^|^^^^|^^^^|^^^^|~~~~|
---------------------------------------------------
| H  |    | P  |    |    |    |    | F  | P  | ETF|
|....|####|####|####|****|****|^^^^|....|~~~~|~~~~|
---------------------------------------------------
|    |    |    |    |    | T  | H  |    | T  |    |
|....|^^^^|^^^^|^^^^|****|****|^^^^|....|~~~~|~~~~|
---------------------------------------------------
| H  |    |    | H  |    |    | T  |    |    | H  |
|....|****|****|****|****|****|####|####|####|~~~~|
---------------------------------------------------
|    |    |    | K  |    |    |    |    |    |    |
|....|****|****|****|****|****|****|####|####|####|
---------------------------------------------------
| E  |    |    |    |    | P  | K  |    |    |    |
|****|****|****|****|****|~~~~|****|****|~~~~|~~~~|
---------------------------------------------------
|    |    |    | P  |    |    |    |    |    | H  |
|....|....|****|****|~~~~|~~~~|~~~~|****|****|....|
---------------------------------------------------
|    | K  |    | PF |    |    |    |    |    | K  |
|~~~~|....|****|****|****|~~~~|****|****|****|....|
---------------------------------------------------
---------------------------------------------------
|    |    |@   | F  | T  |    |    | KP |    |    |
|~~~~|~~~~|....|....|....|~~~~|^^^^|^^^^|^^^^|^^^^|
---------------------------------------------------
|    |    |    |    | H  |    |    |    |    |    |
|~~~~|####|^^^^|^^^^|^^^^|^^^^|^^^^|^^^^|^^^^|^^^^|
---------------------------------------------------
|    |    | H  |    | E  |    | P  |    | K  |    |
|####|####|####|####|^^^^|^^^^|^^^^|^^^^|^^^^|~~~~|
---------------------------------------------------
| T  |    |    |    | P  | H  |    |    |    |    |
|....|####|####|####|****|****|^^^^|....|~~~~|~~~~|
---------------------------------------------------
| F  | P  |    |    |    |    | F  |    |    |    |
|....|^^^^|^^^^|^^^^|****|****|^^^^|....|~~~~|~~~~|
---------------------------------------------------
| H  |    | P  | T  | E  |    |    |    |    |    |
|....|****|****|****|****|****|####|####|####|~~~~|
---------------------------------------------------
|    |    | K  |    | P  | H  | K  | E  | F  |    |
|....|****|****|****|****|****|****|####|####|####|
---------------------------------------------------
| K  |    |    | F  | H  |    | H  | K  | T  |    |
|****|****|****|****|****|~~~~|****|****|~~~~|~~~~|
---------------------------------------------------
|    |    | E  | K  |    |    |    |    | F  |    |
|....|....|****|****|~~~~|~~~~|~~~~|****|****|....|
---------------------------------------------------
|    |    |    | K  | K  |    | K  | P  |    |    |
|~~~~|....|****|****|****|~~~~|****|****|****|....|
---------------------------------------------------
---------------------------------------------------
|    | H  |@   | P  |    |    | P  | K  |    | H  |
|~~~~|~~~~|....|....|....|~~~~|^^^^|^^^^|^^^^|^^^^|
---------------------------------------------------
|    |    | KP |    | F  | P  |    | E  |    |    |
|~~~~|####|^^^^|^^^^|^^^^|^^^^|^^^^|^^^^|^^^^|^^^^|
---------------------------------------------------
|    |    |    |    |    |    | E  |    |    | K  |
|####|####|####|####|^^^^|^^^^|^^^^|^^^^|^^^^|~~~~|
---------------------------------------------------
|    | K  | H  | E  |    |    | P  | P  |    |    |
|....|####|####|####|****|****|^^^^|....|~~~~|~~~~|
---------------------------------------------------
| T  |    | F  |    |    | K  |    |    | F  |    |
|....|^^^^|^^^^|^^^^|****|****|^^^^|....|~~~~|~~~~|
---------------------------------------------------
| EF | H  |    |    | T  | K  | H  |    |    |    |
|....|****|****|****|****|****|####|####|####|~~~~|
---------------------------------------------------
|    |    | H  | P  | T  |    |    |    |    |    |
|....|****|****|****|****|****|****|####|####|####|
---------------------------------------------------
| T  |    |    | F  |    | K  |    |    |    | H  |
|****|****|****|****|****|~~~~|****|****|~~~~|~~~~|
---------------------------------------------------
|    |    |    |    |    |    | K  |    | F  |    |
|....|....|****|****|~~~~|~~~~|~~~~|****|****|....|
---------------------------------------------------
| K  |    |    |    |    |    |    | K  |    |    |
|~~~~|....|****|****|****|~~~~|****|****|****|....|
---------------------------------------------------
---------------------------------------------------
|    |    |@   | F  | T  |    |    | KP |    |    |
|~~~~|~~~~|....|....|....|~~~~|^^^^|^^^^|^^^^|^^^^|
---------------------------------------------------
|    |    |    |    | H  |    |    |    |    |    |
|~~~~|####|^^^^|^^^^|^^^^|^^^^|^^^^|^^^^|^^^^|^^^^|
---------------------------------------------------
|    |    | H  |    | E  |    | P  |    | K  |    |
|####|####|####|####|^^^^|^^^^|^^^^|^^^^|^^^^|~~~~|
---------------------------------------------------
| T  |    |    |    | P  | H  |    |    |    |    |
|....|####|####|####|****|****|^^^^|....|~~~~|~~~~|
---------------------------------------------------
| F  | P  |    |    |    |    | F  |    |    |    |
|....|^^^^|^^^^|^^^^|****|****|^^^^|....|~~~~|~~~~|
---------------------------------------------------
| H  |    | P  | T  | E  |    |    |    |    |    |
|....|****|****|****|****|****|####|####|####|~~~~|
---------------------------------------------------
|    |    | K  |    | P  | H  | K  | E  | F  |    |
|....|****|****|****|****|****|****|####|####|####|
---------------------------------------------------
| K  |    |    | F  | H  |    | H  | K  | T  |    |
|****|****|****|****|****|~~~~|****|****|~~~~|~~~~|
---------------------------------------------------
|    |    | E  | K  |    |    |    |    | F  |    |
|....|....|****|****|~~~~|~~~~|~~~~|****|****|....|
---------------------------------------------------
|    |    |    | K  | K  |    | K  | P  |    |    |
|~~~~|....|****|****|****|~~~~|****|****|****|....|
---------------------------------------------------
---------------------------------------------------
| KF |    |@   |    |    |    |    | K  | K  | E  |
|~~~~|~~~~|....|....|....|~~~~|^^^^|^^^^|^^^^|^^^^|
---------------------------------------------------
|    |    |    | E  |    |    |    |    |    |    |
|~~~~|####|^^^^|^^^^|^^^^|^^^^|^^^^|^^^^|^^^^|^^^^|
---------------------------------------------------
| K  | K  |    |    |    |    |    | F  |    |    |
|####|####|####|####|^^^^|^^^^|^^^^|^^^^|^^^^|~~~~|
---------------------------------------------------
| EKT|    | E  |    | KK |    | H  | F  | PPF|    |
|....|####|####|####|****|****|^^^^|....|~~~~|~~~~|
---------------------------------------------------
| F  |    | H  |    | T  | H  |    |    | PT | F  |
|....|^^^^|^^^^|^^^^|****|****|^^^^|....|~~~~|~~~~|
---------------------------------------------------
| H  |    | P  |    |    |    |    |    |    |    |
|....|****|****|****|****|****|####|####|####|~~~~|
---------------------------------------------------
| H  |    |    |    |    |    |    |    |    |    |
|....|****|****|****|****|****|****|####|####|####|
---------------------------------------------------
|    |    |    |    |    | H  |    | P  | K  |    |
|****|****|****|****|****|~~~~|****|****|~~~~|~~~~|
---------------------------------------------------
|    |    |    | H  |    |    |    |    | K  |    |
|....|....|****|****|~~~~|~~~~|~~~~|****|****|....|
---------------------------------------------------
| T  |    |    |    | P  |    | P  |    |    |    |
|~~~~|....|****|****|****|~~~~|****|****|****|....|
---------------------------------------------------
---------------------------------------------------
|    |    |@   | F  | T  |    |    | KP |    |    |
|~~~~|~~~~|....|....|....|~~~~|^^^^|^^^^|^^^^|^^^^|
---------------------------------------------------
|    |    |    |    | H  |    |    |    |    |    |
|~~~~|####|^^^^|^^^^|^^^^|^^^^|^^^^|^^^^|^^^^|^^^^|
---------------------------------------------------
|    |    | H  |    | E  |    | P  |    | K  |    |
|####|####|####|####|^^^^|^^^^|^^^^|^^^^|^^^^|~~~~|
---------------------------------------------------
| T  |    |    |    | P  | H  |    |    |    |    |
|....|####|####|####|****|****|^^^^|....|~~~~|~~~~|
---------------------------------------------------
| F  | P  |    |    |    |    | F  |    |    |    |
|....|^^^^|^^^^|^^^^|****|****|^^^^|....|~~~~|~~~~|
---------------------------------------------------
| H  |    | P  | T  | E  |    |    |    |    |    |
|....|****|****|****|****|****|####|####|####|~~~~|
---------------------------------------------------
|    |    | K  |    | P  | H  | K  | E  | F  |    |
|....|****|****|****|****|****|****|####|####|####|
---------------------------------------------------
| K  |    |    | F  | H  |    | H  | K  | T  |    |
|****|****|****|****|****|~~~~|****|****|~~~~|~~~~|
---------------------------------------------------
|    |    | E  | K  |    |    |    |    | F  |    |
|....|....|****|****|~~~~|~~~~|~~~~|****|****|....|
---------------------------------------------------
|    |    |    | K  | K  |    | K  | P  |    |    |
|~~~~|....|****|****|****|~~~~|****|****|****|....|
---------------------------------------------------
---------------------------------------------------
|    | P  |@   |    | K  | T  | K  | K  |    |    |
|~~~~|~~~~|....|....|....|~~~~|^^^^|^^^^|^^^^|^^^^|
---------------------------------------------------
|    |    |    |    |    |    | E  |    |    |    |
|~~~~|####|^^^^|^^^^|^^^^|^^^^|^^^^|^^^^|^^^^|^^^^|
---------------------------------------------------
|    | P  |    |    |    |    |    | K  |    |    |
|####|####|####|####|^^^^|^^^^|^^^^|^^^^|^^^^|~~~~|
---------------------------------------------------
|    | E  |    |    |    |    |    | H  |    |    |
|....|####|####|####|****|****|^^^^|....|~~~~|~~~~|
---------------------------------------------------
|    | H  | H  |    |    |    |    |    |    |    |
|....|^^^^|^^^^|^^^^|****|****|^^^^|....|~~~~|~~~~|
---------------------------------------------------
|    |    | E  |    |    | H  | K  | K  | P  | FK |
|....|****|****|****|****|****|####|####|####|~~~~|
---------------------------------------------------
|    | F  |    | P  | K  |    |    |    |    | F  |
|....|****|****|****|****|****|****|####|####|####|
---------------------------------------------------
| H  | F  | P  | TK |    |    | F  |    |    | H  |
|****|****|****|****|****|~~~~|****|****|~~~~|~~~~|
---------------------------------------------------
|    |    |    |    |    | P  |    | FT |    |    |
|....|....|****|****|~~~~|~~~~|~~~~|****|****|....|
---------------------------------------------------
|    | P  | K  |    |    | H  |    | E  |    | T  |
|~~~~|....|****|****|****|~~~~|****|****|****|....|
---------------------------------------------------
---------------------------------------------------
|    |    |@   | F  | T  |    |    | PK |    |    |
|~~~~|~~~~|....|....|....|~~~~|^^^^|^^^^|^^^^|^^^^|
---------------------------------------------------
|    |    |    |    | H  |    |    |    |    |    |
|~~~~|####|^^^^|^^^^|^^^^|^^^^|^^^^|^^^^|^^^^|^^^^|
---------------------------------------------------
|    |    | H  |    | E  |    | P  |    | K  |    |
|####|####|####|####|^^^^|^^^^|^^^^|^^^^|^^^^|~~~~|
---------------------------------------------------
| T  |    |    |    | P  | H  |    |    |    |    |
|....|####|####|####|****|****|^^^^|....|~~~~|~~~~|
---------------------------------------------------
| F  | P  |    |    |    |    | F  |    |    |    |
|....|^^^^|^^^^|^^^^|****|****|^^^^|....|~~~~|~~~~|
---------------------------------------------------
| H  |    | P  | T  | E  |    |    |    |    |    |
|....|****|****|****|****|****|####|####|####|~~~~|
---------------------------------------------------
|    |    | K  |    | P  | H  | K  | E  | F  |    |
|....|****|****|****|****|****|****|####|####|####|
---------------------------------------------------
| K  |    |    | F  | H  |    | H  | K  | T  |    |
|****|****|****|****|****|~~~~|****|****|~~~~|~~~~|
---------------------------------------------------
|    |    | E  | K  |    |    |    |    | F  |    |
|....|....|****|****|~~~~|~~~~|~~~~|****|****|....|
---------------------------------------------------
|    |    |    | K  | K  |    | K  | P  |    |    |
|~~~~|....|****|****|****|~~~~|****|****|****|....|
---------------------------------------------------
]]></system-out>
  <system-err><![CDATA[]]></system-err>
</testsuite>
