<?xml version="1.0" encoding="UTF-8" ?>
<testsuite errors="0" failures="2" hostname="DESKTOP-NG34K0M" name="nz.ac.aut.ense701.gameModel.GameTest" skipped="0" tests="34" time="1.813" timestamp="2017-05-18T11:49:47">
  <properties>
    <property name="libs.jsp-compiler.javadoc" value="" />
    <property name="netbeans.autoupdate.country" value="AU" />
    <property name="nb.wait.for.caches" value="true" />
    <property name="javac.test.classpath" value="C:\Program Files\NetBeans 8.1\java\modules\ext\AbsoluteLayout.jar:C:\Program Files\NetBeans 8.1\java\modules\ext\beansbinding-1.2.1.jar:C:\Program Files\NetBeans 8.1\platform\modules\ext\junit-4.12.jar:build/classes:C:\Program Files\NetBeans 8.1\platform\modules\ext\junit-4.12.jar:C:\Program Files\NetBeans 8.1\platform\modules\ext\hamcrest-core-1.3.jar" />
    <property name="libs.jsf20.maven-pom" value="" />
    <property name="libs.DataBindingME.src" value="C:\Program Files\NetBeans 8.1\mobility\sources\netbeans_databindingme-src.zip" />
    <property name="libs.spring-webmvc4.0.src" value="" />
    <property name="ant.core.lib" value="C:\Program Files\NetBeans 8.1\extide\ant\lib\ant.jar" />
    <property name="javadoc.windowtitle" value="" />
    <property name="libs.jsp-compilation.javadoc" value="" />
    <property name="user.dir" value="C:\Users\TonyAlien\Documents\Software Engineering\New KiwiIsland\KiwiIsland" />
    <property name="libs.javaee-api-7.0.src" value="" />
    <property name="java.vm.version" value="25.131-b11" />
    <property name="libs.DataBindingME.classpath" value="C:\Program Files\NetBeans 8.1\mobility\modules\ext\netbeans_databindingme.jar" />
    <property name="libs.j2me_common_ant.src" value="" />
    <property name="libs.MySQLDriver.classpath" value="C:\Program Files\NetBeans 8.1\ide\modules\ext\mysql-connector-java-5.1.23-bin.jar" />
    <property name="libs.eclipselinkmodelgen.src" value="" />
    <property name="javadoc.notree" value="false" />
    <property name="netbeans.autoupdate.version" value="1.23" />
    <property name="libs.javaee-web-api-6.0.classpath" value="C:\Program Files\NetBeans 8.1\enterprise\modules\ext\javaee-web-api-6.0.jar" />
    <property name="libs.DataBindingME-PIM.maven-pom" value="" />
    <property name="javac.profile.cmd.line.arg" value="" />
    <property name="jdk.home" value="C:\Program Files\Java\jdk1.8.0_74" />
    <property name="libs.javac-api.src" value="" />
    <property name="javadoc.noindex" value="false" />
    <property name="libs.jpa2-persistence.classpath" value="C:\Program Files\NetBeans 8.1\java\modules\ext\hibernate4\hibernate-jpa-2.1-api-1.0.0.Final.jar" />
    <property name="sun.os.patch.level" value="" />
    <property name="do.archive+manifest.available" value="true" />
    <property name="java.vm.specification.name" value="Java Virtual Machine Specification" />
    <property name="ant.file.KiwiIsland-impl" value="C:\Users\TonyAlien\Documents\Software Engineering\New KiwiIsland\KiwiIsland\nbproject\build-impl.xml" />
    <property name="nb.show.statistics.ui" value="usageStatisticsEnabled" />
    <property name="netbeans.autoupdate.variant" value="" />
    <property name="have.tests" value="true" />
    <property name="org.xml.sax.driver" value="com.sun.org.apache.xerces.internal.jaxp.SAXParserImpl$JAXPSAXParser" />
    <property name="libs.hamcrest.classpath" value="C:\Program Files\NetBeans 8.1\platform\modules\ext\hamcrest-core-1.3.jar" />
    <property name="libs.javac-api.javadoc" value="" />
    <property name="os.name" value="Windows 10" />
    <property name="libs.beans-binding.classpath" value="C:\Program Files\NetBeans 8.1\java\modules\ext\beansbinding-1.2.1.jar" />
    <property name="libs.javaee-endorsed-api-7.0.maven-pom" value="" />
    <property name="ap.proc.none.internal" value="" />
    <property name="libs.DataBindingME-SVG.javadoc" value="C:\Program Files\NetBeans 8.1\mobility\modules\docs\netbeans_databindingme_svg-api.zip" />
    <property name="libs.restapi.javadoc" value="" />
    <property name="libs.JWSAntTasks.maven-pom" value="" />
    <property name="libs.jstl.classpath" value="C:\Program Files\NetBeans 8.1\enterprise\modules\ext\jstl-impl.jar;C:\Program Files\NetBeans 8.1\enterprise\modules\ext\jstl-api.jar" />
    <property name="libs.testng.src" value="" />
    <property name="libs.spring-webmvc3.0.src" value="" />
    <property name="libs.restapi.classpath" value="C:\Program Files\NetBeans 8.1\enterprise\modules\ext\jaxrs-2.0\javax.ws.rs-api-2.0.jar" />
    <property name="java.vendor.url.bug" value="http://bugreport.sun.com/bugreport/" />
    <property name="libs.jaxb.maven-pom" value="" />
    <property name="os.arch" value="amd64" />
    <property name="libs.eclipselink.src" value="" />
    <property name="user.name" value="TonyAlien" />
    <property name="libs.jsf12.javadoc" value="C:\Program Files\NetBeans 8.1\enterprise\docs\javaee-doc-api.jar" />
    <property name="copylibs.rebase" value="true" />
    <property name="libs.j2me_common_ant.maven-pom" value="" />
    <property name="libs.spring-webmvc3.0.maven-pom" value="" />
    <property name="libs.swing-layout.maven-pom" value="" />
    <property name="sun.java.command" value="org.apache.tools.ant.taskdefs.optional.junit.JUnitTestRunner nz.ac.aut.ense701.gameModel.GameTest skipNonTests=false filtertrace=true haltOnError=false haltOnFailure=false showoutput=true outputtoformatters=true logfailedtests=true threadid=0 logtestlistenerevents=true formatter=org.apache.tools.ant.taskdefs.optional.junit.BriefJUnitResultFormatter formatter=org.apache.tools.ant.taskdefs.optional.junit.XMLJUnitResultFormatter,C:\Users\TonyAlien\Documents\Software Engineering\New KiwiIsland\KiwiIsland\build\test\results\TEST-nz.ac.aut.ense701.gameModel.GameTest.xml crashfile=C:\Users\TonyAlien\Documents\Software Engineering\New KiwiIsland\KiwiIsland\build\junitvmwatcher8105379250870563747.properties propsfile=C:\Users\TonyAlien\Documents\Software Engineering\New KiwiIsland\KiwiIsland\build\junit3407778842492959953.properties" />
    <property name="build.classes.dir" value="build/classes" />
    <property name="netbeans.accept_license_class" value="org.netbeans.license.AcceptLicense" />
    <property name="build.sysclasspath" value="ignore" />
    <property name="ap.supported.internal" value="true" />
    <property name="java.failonerror" value="true" />
    <property name="libs.javaee-endorsed-api-7.0.javadoc" value="C:\Program Files\NetBeans 8.1\enterprise\docs\javaee-doc-api.jar" />
    <property name="libs.jaxws21.javadoc" value="C:\Program Files\NetBeans 8.1\java\docs\jaxws-api-doc.zip" />
    <property name="libs.spring-webmvc4.0.javadoc" value="" />
    <property name="includes" value="nz/ac/aut/ense701/gameModel/**/*Test.java" />
    <property name="user.country" value="AU" />
    <property name="manifest.file" value="manifest.mf" />
    <property name="javadoc.encoding" value="UTF-8" />
    <property name="platform.home" value="C:\Program Files\Java\jdk1.8.0_131" />
    <property name="javac.classpath" value="C:\Program Files\NetBeans 8.1\java\modules\ext\AbsoluteLayout.jar:C:\Program Files\NetBeans 8.1\java\modules\ext\beansbinding-1.2.1.jar:C:\Program Files\NetBeans 8.1\platform\modules\ext\junit-4.12.jar" />
    <property name="libs.jsp-compilation-syscp.src" value="" />
    <property name="libs.spring-framework400.classpath" value="C:\Program Files\NetBeans 8.1\ide\modules\org-apache-commons-logging.jar;C:\Program Files\NetBeans 8.1\java\modules\ext\cglib-2.2.jar;C:\Program Files\NetBeans 8.1\java\modules\ext\spring-4\spring-aop-4.0.1.RELEASE.jar;C:\Program Files\NetBeans 8.1\java\modules\ext\spring-4\spring-aspects-4.0.1.RELEASE.jar;C:\Program Files\NetBeans 8.1\java\modules\ext\spring-4\spring-beans-4.0.1.RELEASE.jar;C:\Program Files\NetBeans 8.1\java\modules\ext\spring-4\spring-build-src-4.0.1.RELEASE.jar;C:\Program Files\NetBeans 8.1\java\modules\ext\spring-4\spring-context-4.0.1.RELEASE.jar;C:\Program Files\NetBeans 8.1\java\modules\ext\spring-4\spring-context-support-4.0.1.RELEASE.jar;C:\Program Files\NetBeans 8.1\java\modules\ext\spring-4\spring-core-4.0.1.RELEASE.jar;C:\Program Files\NetBeans 8.1\java\modules\ext\spring-4\spring-expression-4.0.1.RELEASE.jar;C:\Program Files\NetBeans 8.1\java\modules\ext\spring-4\spring-framework-bom-4.0.1.RELEASE.jar;C:\Program Files\NetBeans 8.1\java\modules\ext\spring-4\spring-instrument-4.0.1.RELEASE.jar;C:\Program Files\NetBeans 8.1\java\modules\ext\spring-4\spring-instrument-tomcat-4.0.1.RELEASE.jar;C:\Program Files\NetBeans 8.1\java\modules\ext\spring-4\spring-jdbc-4.0.1.RELEASE.jar;C:\Program Files\NetBeans 8.1\java\modules\ext\spring-4\spring-jms-4.0.1.RELEASE.jar;C:\Program Files\NetBeans 8.1\java\modules\ext\spring-4\spring-messaging-4.0.1.RELEASE.jar;C:\Program Files\NetBeans 8.1\java\modules\ext\spring-4\spring-orm-4.0.1.RELEASE.jar;C:\Program Files\NetBeans 8.1\java\modules\ext\spring-4\spring-oxm-4.0.1.RELEASE.jar;C:\Program Files\NetBeans 8.1\java\modules\ext\spring-4\spring-test-4.0.1.RELEASE.jar;C:\Program Files\NetBeans 8.1\java\modules\ext\spring-4\spring-tx-4.0.1.RELEASE.jar;C:\Program Files\NetBeans 8.1\java\modules\ext\spring-4\spring-web-4.0.1.RELEASE.jar;C:\Program Files\NetBeans 8.1\java\modules\ext\spring-4\spring-webmvc-4.0.1.RELEASE.jar;C:\Program Files\NetBeans 8.1\java\modules\ext\spring-4\spring-webmvc-portlet-4.0.1.RELEASE.jar;C:\Program Files\NetBeans 8.1\java\modules\ext\spring-4\spring-websocket-4.0.1.RELEASE.jar" />
    <property name="platform.bootcp" value="C:\Program Files\Java\jdk1.8.0_131\jre\lib\resources.jar;C:\Program Files\Java\jdk1.8.0_131\jre\lib\rt.jar;C:\Program Files\Java\jdk1.8.0_131\jre\lib\sunrsasign.jar;C:\Program Files\Java\jdk1.8.0_131\jre\lib\jsse.jar;C:\Program Files\Java\jdk1.8.0_131\jre\lib\jce.jar;C:\Program Files\Java\jdk1.8.0_131\jre\lib\charsets.jar;C:\Program Files\Java\jdk1.8.0_131\jre\lib\jfr.jar;C:\Program Files\Java\jdk1.8.0_131\jre\classes;C:\Program Files\Java\jdk1.8.0_131\jre\lib\ext\access-bridge-64.jar;C:\Program Files\Java\jdk1.8.0_131\jre\lib\ext\cldrdata.jar;C:\Program Files\Java\jdk1.8.0_131\jre\lib\ext\dnsns.jar;C:\Program Files\Java\jdk1.8.0_131\jre\lib\ext\jaccess.jar;C:\Program Files\Java\jdk1.8.0_131\jre\lib\ext\jfxrt.jar;C:\Program Files\Java\jdk1.8.0_131\jre\lib\ext\localedata.jar;C:\Program Files\Java\jdk1.8.0_131\jre\lib\ext\nashorn.jar;C:\Program Files\Java\jdk1.8.0_131\jre\lib\ext\sunec.jar;C:\Program Files\Java\jdk1.8.0_131\jre\lib\ext\sunjce_provider.jar;C:\Program Files\Java\jdk1.8.0_131\jre\lib\ext\sunmscapi.jar;C:\Program Files\Java\jdk1.8.0_131\jre\lib\ext\sunpkcs11.jar;C:\Program Files\Java\jdk1.8.0_131\jre\lib\ext\zipfs.jar" />
    <property name="debug-transport" value="dt_shmem" />
    <property name="netbeans.home" value="C:\Program Files\NetBeans 8.1\platform" />
    <property name="build.compiler.emacs" value="true" />
    <property name="libs.javaee-web-api-6.0.src" value="" />
    <property name="ant.file.type.KiwiIsland-impl" value="file" />
    <property name="libs.jsp-compilation-syscp.classpath" value="C:\Program Files\NetBeans 8.1\extide\ant\lib\ant.jar;C:\Program Files\NetBeans 8.1\enterprise\modules\ext\servlet3.1-jsp2.3-api.jar;C:\Program Files\NetBeans 8.1\enterprise\modules\ext\glassfish-jspparser-4.0.jar;C:\Program Files\NetBeans 8.1\enterprise\modules\ext\jstl-impl.jar;C:\Program Files\NetBeans 8.1\enterprise\modules\ext\jsf-2_2\javax.faces.jar" />
    <property name="java.endorsed.dirs" value="C:\Program Files\Java\jdk1.8.0_131\jre\lib\endorsed" />
    <property name="libs.groovy-all.src" value="" />
    <property name="&gt;&gt;&gt;&gt;&gt;&gt;&gt;" value="85347d38396b94252c9d003ceac57aa1dd49d8b6" />
    <property name="netbeans.dynamic.classpath" value="C:\Program Files\NetBeans 8.1\platform\core\asm-all-5.0.1.jar;C:\Program Files\NetBeans 8.1\platform\core\core-base.jar;C:\Program Files\NetBeans 8.1\platform\core\core.jar;C:\Program Files\NetBeans 8.1\platform\core\org-netbeans-libs-asm.jar;C:\Program Files\NetBeans 8.1\platform\core\org-openide-filesystems-compat8.jar;C:\Program Files\NetBeans 8.1\platform\core\org-openide-filesystems.jar;C:\Program Files\NetBeans 8.1\platform\core\locale\core-base_ja.jar;C:\Program Files\NetBeans 8.1\platform\core\locale\core-base_pt_BR.jar;C:\Program Files\NetBeans 8.1\platform\core\locale\core-base_ru.jar;C:\Program Files\NetBeans 8.1\platform\core\locale\core-base_zh_CN.jar;C:\Program Files\NetBeans 8.1\platform\core\locale\core_ja.jar;C:\Program Files\NetBeans 8.1\platform\core\locale\core_pt_BR.jar;C:\Program Files\NetBeans 8.1\platform\core\locale\core_ru.jar;C:\Program Files\NetBeans 8.1\platform\core\locale\core_zh_CN.jar;C:\Program Files\NetBeans 8.1\platform\core\locale\org-netbeans-libs-asm_ja.jar;C:\Program Files\NetBeans 8.1\platform\core\locale\org-netbeans-libs-asm_pt_BR.jar;C:\Program Files\NetBeans 8.1\platform\core\locale\org-netbeans-libs-asm_ru.jar;C:\Program Files\NetBeans 8.1\platform\core\locale\org-netbeans-libs-asm_zh_CN.jar;C:\Program Files\NetBeans 8.1\platform\core\locale\org-openide-filesystems-compat8_ja.jar;C:\Program Files\NetBeans 8.1\platform\core\locale\org-openide-filesystems-compat8_pt_BR.jar;C:\Program Files\NetBeans 8.1\platform\core\locale\org-openide-filesystems-compat8_ru.jar;C:\Program Files\NetBeans 8.1\platform\core\locale\org-openide-filesystems-compat8_zh_CN.jar;C:\Program Files\NetBeans 8.1\platform\core\locale\org-openide-filesystems_ja.jar;C:\Program Files\NetBeans 8.1\platform\core\locale\org-openide-filesystems_pt_BR.jar;C:\Program Files\NetBeans 8.1\platform\core\locale\org-openide-filesystems_ru.jar;C:\Program Files\NetBeans 8.1\platform\core\locale\org-openide-filesystems_zh_CN.jar;C:\Program Files\NetBeans 8.1\nb\core\org-netbeans-upgrader.jar;C:\Program Files\NetBeans 8.1\nb\core\locale\core_nb.jar;C:\Program Files\NetBeans 8.1\nb\core\locale\core_nb_ja.jar;C:\Program Files\NetBeans 8.1\nb\core\locale\core_nb_pt_BR.jar;C:\Program Files\NetBeans 8.1\nb\core\locale\core_nb_ru.jar;C:\Program Files\NetBeans 8.1\nb\core\locale\core_nb_zh_CN.jar;C:\Program Files\NetBeans 8.1\nb\core\locale\org-netbeans-upgrader_ja.jar;C:\Program Files\NetBeans 8.1\nb\core\locale\org-netbeans-upgrader_pt_BR.jar;C:\Program Files\NetBeans 8.1\nb\core\locale\org-netbeans-upgrader_ru.jar;C:\Program Files\NetBeans 8.1\nb\core\locale\org-netbeans-upgrader_zh_CN.jar" />
    <property name="java.vm.specification.version" value="1.8" />
    <property name="libs.hibernate4-support.src" value="" />
    <property name="libs.primefaces.classpath" value="C:\Program Files\NetBeans 8.1\enterprise\modules\ext\primefaces\primefaces-5.0.jar" />
    <property name="libs.javaee-api-6.0.classpath" value="C:\Program Files\NetBeans 8.1\enterprise\modules\ext\javaee-api-6.0.jar" />
    <property name="libs.groovy-all.maven-pom" value="" />
    <property name="netbeans.productversion" value="NetBeans IDE 8.1 (Build 201510222201)" />
    <property name="libs.jaxws21.src" value="" />
    <property name="application.title" value="KiwiIsland" />
    <property name="do.archive" value="true" />
    <property name="netbeans.autoupdate.language" value="en" />
    <property name="java.vendor" value="Oracle Corporation" />
    <property name="libs.javaee-api-6.0.javadoc" value="C:\Program Files\NetBeans 8.1\enterprise\docs\javaee-doc-api.jar" />
    <property name="jar.index.metainf" value="false" />
    <property name="javac.debug" value="true" />
    <property name="javadoc.splitindex" value="true" />
    <property name="file.separator" value="\" />
    <property name="libs.junit_4.maven-pom" value="" />
    <property name="mkdist.disabled" value="false" />
    <property name="javac.test.processorpath" value="C:\Program Files\NetBeans 8.1\java\modules\ext\AbsoluteLayout.jar:C:\Program Files\NetBeans 8.1\java\modules\ext\beansbinding-1.2.1.jar:C:\Program Files\NetBeans 8.1\platform\modules\ext\junit-4.12.jar:build/classes:C:\Program Files\NetBeans 8.1\platform\modules\ext\junit-4.12.jar:C:\Program Files\NetBeans 8.1\platform\modules\ext\hamcrest-core-1.3.jar" />
    <property name="netbeans.buildnumber" value="201510222201" />
    <property name="libs.JWSAntTasks.javadoc" value="" />
    <property name="build.generated.sources.dir" value="build/generated-sources" />
    <property name="user.variant" value="" />
    <property name="libs.eclipselinkmodelgen.classpath" value="C:\Program Files\NetBeans 8.1\java\modules\ext\eclipselink\org.eclipse.persistence.jpa.modelgen_2.5.2.v20140319-9ad6abd.jar" />
    <property name="libs.javaee-endorsed-api-7.0.src" value="" />
    <property name="sun.java.launcher" value="SUN_STANDARD" />
    <property name="libs.hibernate4-persistencemodelgen.javadoc" value="" />
    <property name="libs.jaxb.javadoc" value="C:\Program Files\NetBeans 8.1\ide\docs\jaxb-api-doc.zip" />
    <property name="libs.struts.classpath" value="C:\Program Files\NetBeans 8.1\enterprise\modules\ext\struts\antlr-2.7.2.jar;C:\Program Files\NetBeans 8.1\enterprise\modules\ext\struts\bsf-2.3.0.jar;C:\Program Files\NetBeans 8.1\enterprise\modules\ext\struts\commons-beanutils-1.8.0.jar;C:\Program Files\NetBeans 8.1\enterprise\modules\ext\struts\commons-chain-1.2.jar;C:\Program Files\NetBeans 8.1\enterprise\modules\ext\struts\commons-digester-1.8.jar;C:\Program Files\NetBeans 8.1\enterprise\modules\ext\struts\commons-fileupload-1.1.1.jar;C:\Program Files\NetBeans 8.1\enterprise\modules\ext\struts\commons-io-1.1.jar;C:\Program Files\NetBeans 8.1\enterprise\modules\ext\struts\commons-logging-1.0.4.jar;C:\Program Files\NetBeans 8.1\enterprise\modules\ext\struts\commons-validator-1.3.1.jar;C:\Program Files\NetBeans 8.1\enterprise\modules\ext\struts\jstl-1.0.2.jar;C:\Program Files\NetBeans 8.1\enterprise\modules\ext\struts\oro-2.0.8.jar;C:\Program Files\NetBeans 8.1\enterprise\modules\ext\struts\standard-1.0.6.jar;C:\Program Files\NetBeans 8.1\enterprise\modules\ext\struts\struts-core-1.3.10.jar;C:\Program Files\NetBeans 8.1\enterprise\modules\ext\struts\struts-el-1.3.10.jar;C:\Program Files\NetBeans 8.1\enterprise\modules\ext\struts\struts-extras-1.3.10.jar;C:\Program Files\NetBeans 8.1\enterprise\modules\ext\struts\struts-faces-1.3.10.jar;C:\Program Files\NetBeans 8.1\enterprise\modules\ext\struts\struts-mailreader-dao-1.3.10.jar;C:\Program Files\NetBeans 8.1\enterprise\modules\ext\struts\struts-scripting-1.3.10.jar;C:\Program Files\NetBeans 8.1\enterprise\modules\ext\struts\struts-taglib-1.3.10.jar;C:\Program Files\NetBeans 8.1\enterprise\modules\ext\struts\struts-tiles-1.3.10.jar" />
    <property name="ant.home" value="C:\Program Files\NetBeans 8.1\extide\ant" />
    <property name="libs.junit_4.src" value="C:\Program Files\NetBeans 8.1\platform\docs\junit-4.12-sources.jar" />
    <property name="libs.testng.classpath" value="C:\Program Files\NetBeans 8.1\platform\modules\ext\testng-6.8.1-dist.jar" />
    <property name="libs.absolutelayout.maven-pom" value="" />
    <property name="ant.java.version" value="1.8" />
    <property name="java.library.path" value="C:\Program Files\Java\jdk1.8.0_131\bin;C:\WINDOWS\Sun\Java\bin;C:\WINDOWS\system32;C:\WINDOWS;C:\ProgramData\Oracle\Java\javapath;C:\WINDOWS\system32;C:\WINDOWS;C:\WINDOWS\System32\Wbem;C:\WINDOWS\System32\WindowsPowerShell\v1.0\;C:\Program Files\nodejs\;C:\Users\TonyAlien\AppData\Local\Programs\EmEditor;C:\Users\TonyAlien\AppData\Local\atom\bin;C:\Users\TonyAlien\AppData\Roaming\npm;%USERPROFILE%\AppData\Local\Microsoft\WindowsApps;;." />
    <property name="javadoc.author" value="false" />
    <property name="libs.metro.maven-pom" value="" />
    <property name="java.util.logging.config.class" value="org.netbeans.core.startup.TopLogging" />
    <property name="libs.spring-framework400.src" value="" />
    <property name="libs.PostgreSQLDriver.src" value="" />
    <property name="sun.arch.data.model" value="64" />
    <property name="basedir" value="C:\Users\TonyAlien\Documents\Software Engineering\New KiwiIsland\KiwiIsland" />
    <property name="libs.jpa20-persistence.maven-pom" value="" />
    <property name="jar.compress" value="false" />
    <property name="libs.javaee-web-api-7.0.classpath" value="C:\Program Files\NetBeans 8.1\enterprise\modules\ext\javaee-web-api-7.0.jar" />
    <property name="path.separator" value=";" />
    <property name="libs.javaee-web-api-6.0.javadoc" value="C:\Program Files\NetBeans 8.1\enterprise\docs\javaee-doc-api.jar" />
    <property name="ant.junit.enabletestlistenerevents" value="true" />
    <property name="platform.javac" value="C:\Program Files\Java\jdk1.8.0_131/bin/javac" />
    <property name="sun.io.unicode.encoding" value="UnicodeLittle" />
    <property name="libs.jaxws21.classpath" value="C:\Program Files\NetBeans 8.1\ide\modules\ext\jaxb\jaxb-impl.jar;C:\Program Files\NetBeans 8.1\ide\modules\ext\jaxb\jaxb-xjc.jar;C:\Program Files\NetBeans 8.1\java\modules\ext\jaxws22\FastInfoset.jar;C:\Program Files\NetBeans 8.1\java\modules\ext\jaxws22\gmbal-api-only.jar;C:\Program Files\NetBeans 8.1\java\modules\ext\jaxws22\ha-api.jar;C:\Program Files\NetBeans 8.1\java\modules\ext\jaxws22\javax.mail_1.4.jar;C:\Program Files\NetBeans 8.1\java\modules\ext\jaxws22\jaxws-rt.jar;C:\Program Files\NetBeans 8.1\java\modules\ext\jaxws22\jaxws-tools.jar;C:\Program Files\NetBeans 8.1\java\modules\ext\jaxws22\management-api.jar;C:\Program Files\NetBeans 8.1\java\modules\ext\jaxws22\mimepull.jar;C:\Program Files\NetBeans 8.1\java\modules\ext\jaxws22\policy.jar;C:\Program Files\NetBeans 8.1\java\modules\ext\jaxws22\saaj-impl.jar;C:\Program Files\NetBeans 8.1\java\modules\ext\jaxws22\stax-ex.jar;C:\Program Files\NetBeans 8.1\java\modules\ext\jaxws22\stax2-api.jar;C:\Program Files\NetBeans 8.1\java\modules\ext\jaxws22\streambuffer.jar;C:\Program Files\NetBeans 8.1\java\modules\ext\jaxws22\woodstox-core-asl.jar;C:\Program Files\NetBeans 8.1\java\modules\ext\jaxws22\api\jaxws-api.jar;C:\Program Files\NetBeans 8.1\java\modules\ext\jaxws22\api\jsr181-api.jar;C:\Program Files\NetBeans 8.1\java\modules\ext\jaxws22\api\javax.annotation.jar;C:\Program Files\NetBeans 8.1\java\modules\ext\jaxws22\api\saaj-api.jar;C:\Program Files\NetBeans 8.1\ide\modules\ext\jaxb\activation.jar;C:\Program Files\NetBeans 8.1\ide\modules\ext\jaxb\api\jaxb-api.jar;C:\Program Files\NetBeans 8.1\ide\modules\ext\jaxb\api\jsr173_1.0_api.jar" />
    <property name="libs.struts.src" value="" />
    <property name="compile.on.save" value="true" />
    <property name="apple.awt.graphics.UseQuartz" value="true" />
    <property name="user.language" value="en" />
    <property name="testng.mode" value="testng" />
    <property name="libs.JAXB-ENDORSED.maven-pom" value="" />
    <property name="libs.eclipselink.maven-pom" value="" />
    <property name="application.vendor" value="smarks" />
    <property name="test.binaryincludes" value="&lt;nothing&gt;" />
    <property name="manifest.available" value="true" />
    <property name="libs.primefaces.javadoc" value="" />
    <property name="libs.spring-framework300.maven-pom" value="" />
    <property name="run.test.classpath" value="C:\Program Files\NetBeans 8.1\java\modules\ext\AbsoluteLayout.jar:C:\Program Files\NetBeans 8.1\java\modules\ext\beansbinding-1.2.1.jar:C:\Program Files\NetBeans 8.1\platform\modules\ext\junit-4.12.jar:build/classes:C:\Program Files\NetBeans 8.1\platform\modules\ext\junit-4.12.jar:C:\Program Files\NetBeans 8.1\platform\modules\ext\hamcrest-core-1.3.jar:build/test/classes" />
    <property name="ant.project.invoked-targets" value="test" />
    <property name="test.binaryexcludes" value="" />
    <property name="libs.swing-layout.javadoc" value="C:\Program Files\NetBeans 8.1\platform\docs\swing-layout-1.0.4-doc.zip" />
    <property name="sun.java2d.dpiaware" value="true" />
    <property name="libs.hibernate4-persistence.maven-pom" value="" />
    <property name="libs.DataBindingME-SVG.classpath" value="C:\Program Files\NetBeans 8.1\mobility\modules\ext\netbeans_databindingme_svg.jar" />
    <property name="https.nonProxyHosts" value="localhost|127.0.0.1|DESKTOP-NG34K0M" />
    <property name="libs.PostgreSQLDriver.maven-pom" value="" />
    <property name="java.class.version" value="52.0" />
    <property name="libs.hibernate4-persistencemodelgen.maven-pom" value="" />
    <property name="libs.javaee-endorsed-api-6.0.src" value="" />
    <property name="libs.eclipselink.javadoc" value="C:\Program Files\NetBeans 8.1\java\modules\ext\docs\javax.persistence-2.1.0-doc.zip" />
    <property name="platforms.JDK_1.8.compiler" value="modern" />
    <property name="libs.jsp-compilation.maven-pom" value="" />
    <property name="user.properties.file" value="C:\Users\TonyAlien\AppData\Roaming\NetBeans\8.1\build.properties" />
    <property name="runtime.encoding" value="UTF-8" />
    <property name="libs.javac-api.maven-pom" value="" />
    <property name="file.encoding.pkg" value="sun.io" />
    <property name="sun.cpu.endian" value="little" />
    <property name="libs.JAXB-ENDORSED.javadoc" value="" />
    <property name="libs.JWSAntTasks.classpath" value="C:\Program Files\NetBeans 8.1\java\ant\extra\org-netbeans-modules-javawebstart-anttasks.jar" />
    <property name="libs.spring-webmvc4.0.maven-pom" value="" />
    <property name="libs.spring-framework300.src" value="" />
    <property name="libs.jstl.src" value="" />
    <property name="empty.dir" value="C:\Users\TonyAlien\Documents\Software Engineering\New KiwiIsland\KiwiIsland\build\empty" />
    <property name="&lt;&lt;&lt;&lt;&lt;&lt;&lt;" value="HEAD" />
    <property name="version-output" value="java version &quot;1.8.0_131&quot;&#xd;&#xa;Java(TM) SE Runtime Environment (build 1.8.0_131-b11)&#xd;&#xa;Java HotSpot(TM) 64-Bit Server VM (build 25.131-b11, mixed mode)" />
    <property name="test.binarytestincludes" value="" />
    <property name="libs.hibernate4-persistencemodelgen.src" value="" />
    <property name="javadoc.preview" value="true" />
    <property name="libs.jpa20-persistence.javadoc" value="C:\Program Files\NetBeans 8.1\java\modules\ext\docs\javax.persistence-2.1.0-doc.zip" />
    <property name="java.home" value="C:\Program Files\Java\jdk1.8.0_131\jre" />
    <property name="libs.jsp-compilation.src" value="" />
    <property name="debug.test.classpath" value="C:\Program Files\NetBeans 8.1\java\modules\ext\AbsoluteLayout.jar:C:\Program Files\NetBeans 8.1\java\modules\ext\beansbinding-1.2.1.jar:C:\Program Files\NetBeans 8.1\platform\modules\ext\junit-4.12.jar:build/classes:C:\Program Files\NetBeans 8.1\platform\modules\ext\junit-4.12.jar:C:\Program Files\NetBeans 8.1\platform\modules\ext\hamcrest-core-1.3.jar:build/test/classes" />
    <property name="libs.javaee-endorsed-api-6.0.classpath" value="C:\Program Files\NetBeans 8.1\enterprise\modules\ext\javaee6-endorsed\javax.annotation.jar;C:\Program Files\NetBeans 8.1\enterprise\modules\ext\javaee6-endorsed\jaxb-api-osgi.jar;C:\Program Files\NetBeans 8.1\enterprise\modules\ext\javaee6-endorsed\webservices-api-osgi.jar" />
    <property name="libs.javaee-api-6.0.src" value="" />
    <property name="netbeans.importclass" value="org.netbeans.upgrade.AutoUpgrade" />
    <property name="ant.project.default-target" value="default" />
    <property name="annotation.processing.run.all.processors" value="true" />
    <property name="libs.DataBindingME.maven-pom" value="" />
    <property name="libs.PostgreSQLDriver.javadoc" value="" />
    <property name="libs.restlib.classpath" value="C:\Program Files\NetBeans 8.1\enterprise\modules\ext\jersey2\ext\asm-all-repackaged-2.2.0-b21.jar;C:\Program Files\NetBeans 8.1\enterprise\modules\ext\jersey2\ext\cglib-2.2.0-b21.jar;C:\Program Files\NetBeans 8.1\enterprise\modules\ext\jersey2\ext\guava-14.0.1.jar;C:\Program Files\NetBeans 8.1\enterprise\modules\ext\jersey2\ext\hk2-api-2.2.0-b21.jar;C:\Program Files\NetBeans 8.1\enterprise\modules\ext\jersey2\ext\hk2-locator-2.2.0-b21.jar;C:\Program Files\NetBeans 8.1\enterprise\modules\ext\jersey2\ext\hk2-utils-2.2.0-b21.jar;C:\Program Files\NetBeans 8.1\enterprise\modules\ext\jersey2\ext\javax.annotation-api-1.2.jar;C:\Program Files\NetBeans 8.1\enterprise\modules\ext\jersey2\ext\javax.inject-2.2.0-b21.jar;C:\Program Files\NetBeans 8.1\enterprise\modules\ext\jersey2\ext\javax.servlet-api-3.0.1.jar;C:\Program Files\NetBeans 8.1\enterprise\modules\ext\jersey2\ext\jaxb-api-2.2.7.jar;C:\Program Files\NetBeans 8.1\enterprise\modules\ext\jersey2\ext\jersey-entity-filtering-2.5.1.jar;C:\Program Files\NetBeans 8.1\enterprise\modules\ext\jersey2\ext\jersey-media-moxy-2.5.1.jar;C:\Program Files\NetBeans 8.1\enterprise\modules\ext\jersey2\ext\org.osgi.core-4.2.0.jar;C:\Program Files\NetBeans 8.1\enterprise\modules\ext\jersey2\ext\osgi-resource-locator-1.0.1.jar;C:\Program Files\NetBeans 8.1\enterprise\modules\ext\jersey2\ext\persistence-api-1.0.jar;C:\Program Files\NetBeans 8.1\enterprise\modules\ext\jersey2\ext\validation-api-1.1.0.Final.jar;C:\Program Files\NetBeans 8.1\enterprise\modules\ext\jersey2\jersey-client.jar;C:\Program Files\NetBeans 8.1\enterprise\modules\ext\jersey2\jersey-common.jar;C:\Program Files\NetBeans 8.1\enterprise\modules\ext\jersey2\jersey-container-servlet.jar;C:\Program Files\NetBeans 8.1\enterprise\modules\ext\jersey2\jersey-container-servlet-core.jar;C:\Program Files\NetBeans 8.1\enterprise\modules\ext\jersey2\jersey-server.jar;C:\Program Files\NetBeans 8.1\java\modules\ext\eclipselink\eclipselink.jar" />
    <property name="libs.MySQLDriver.maven-pom" value="" />
    <property name="libs.hibernate4-persistence.javadoc" value="C:\Program Files\NetBeans 8.1\java\modules\ext\docs\javax.persistence-2.1.0-doc.zip" />
    <property name="http.nonProxyHosts" value="localhost|127.0.0.1|DESKTOP-NG34K0M" />
    <property name="libs.junit_4.javadoc" value="C:\Program Files\NetBeans 8.1\platform\docs\junit-4.12-javadoc.jar" />
    <property name="platforms.JDK_1.8.bootclasspath" value="C:\Program Files\Java\jdk1.8.0_131\jre\lib\resources.jar;C:\Program Files\Java\jdk1.8.0_131\jre\lib\rt.jar;C:\Program Files\Java\jdk1.8.0_131\jre\lib\sunrsasign.jar;C:\Program Files\Java\jdk1.8.0_131\jre\lib\jsse.jar;C:\Program Files\Java\jdk1.8.0_131\jre\lib\jce.jar;C:\Program Files\Java\jdk1.8.0_131\jre\lib\charsets.jar;C:\Program Files\Java\jdk1.8.0_131\jre\lib\jfr.jar;C:\Program Files\Java\jdk1.8.0_131\jre\classes;C:\Program Files\Java\jdk1.8.0_131\jre\lib\ext\access-bridge-64.jar;C:\Program Files\Java\jdk1.8.0_131\jre\lib\ext\cldrdata.jar;C:\Program Files\Java\jdk1.8.0_131\jre\lib\ext\dnsns.jar;C:\Program Files\Java\jdk1.8.0_131\jre\lib\ext\jaccess.jar;C:\Program Files\Java\jdk1.8.0_131\jre\lib\ext\jfxrt.jar;C:\Program Files\Java\jdk1.8.0_131\jre\lib\ext\localedata.jar;C:\Program Files\Java\jdk1.8.0_131\jre\lib\ext\nashorn.jar;C:\Program Files\Java\jdk1.8.0_131\jre\lib\ext\sunec.jar;C:\Program Files\Java\jdk1.8.0_131\jre\lib\ext\sunjce_provider.jar;C:\Program Files\Java\jdk1.8.0_131\jre\lib\ext\sunmscapi.jar;C:\Program Files\Java\jdk1.8.0_131\jre\lib\ext\sunpkcs11.jar;C:\Program Files\Java\jdk1.8.0_131\jre\lib\ext\zipfs.jar" />
    <property name="libs.javaee-web-api-6.0.maven-pom" value="" />
    <property name="run.classpath" value="C:\Program Files\NetBeans 8.1\java\modules\ext\AbsoluteLayout.jar:C:\Program Files\NetBeans 8.1\java\modules\ext\beansbinding-1.2.1.jar:C:\Program Files\NetBeans 8.1\platform\modules\ext\junit-4.12.jar:build/classes" />
    <property name="jna.boot.library.name" value="jnidispatch-410" />
    <property name="libs.javaee-endorsed-api-6.0.javadoc" value="C:\Program Files\NetBeans 8.1\enterprise\docs\javaee-doc-api.jar" />
    <property name="libs.javaee-api-7.0.classpath" value="C:\Program Files\NetBeans 8.1\enterprise\modules\ext\javaee-api-7.0.jar" />
    <property name="sun.awt.datatransfer.timeout" value="1000" />
    <property name="libs.spring-webmvc3.0.javadoc" value="" />
    <property name="libs.jpa2-persistence.maven-pom" value="" />
    <property name="annotation.processing.enabled.in.editor" value="false" />
    <property name="libs.hibernate4-support.classpath" value="C:\Program Files\NetBeans 8.1\java\modules\ext\hibernate4\antlr-2.7.7.jar;C:\Program Files\NetBeans 8.1\java\modules\ext\hibernate4\c3p0-0.9.2.1.jar;C:\Program Files\NetBeans 8.1\java\modules\ext\hibernate4\hibernate-c3p0-4.3.1.Final.jar;C:\Program Files\NetBeans 8.1\java\modules\ext\hibernate4\mchange-commons-java-0.2.3.4.jar;C:\Program Files\NetBeans 8.1\java\modules\ext\hibernate4\dom4j-1.6.1.jar;C:\Program Files\NetBeans 8.1\java\modules\ext\hibernate4\ehcache-core-2.4.3.jar;C:\Program Files\NetBeans 8.1\java\modules\ext\hibernate4\hibernate-ehcache-4.3.1.Final.jar;C:\Program Files\NetBeans 8.1\java\modules\ext\hibernate4\hibernate-core-4.3.1.Final.jar;C:\Program Files\NetBeans 8.1\java\modules\ext\hibernate4\jboss-logging-3.1.3.GA.jar;C:\Program Files\NetBeans 8.1\java\modules\ext\hibernate4\hibernate-commons-annotations-4.0.4.Final.jar;C:\Program Files\NetBeans 8.1\java\modules\ext\hibernate4\hibernate-entitymanager-4.3.1.Final.jar;C:\Program Files\NetBeans 8.1\java\modules\ext\hibernate4\javassist-3.18.1-GA.jar;C:\Program Files\NetBeans 8.1\java\modules\ext\hibernate4\jboss-transaction-api_1.2_spec-1.0.0.Final.jar;C:\Program Files\NetBeans 8.1\java\modules\ext\hibernate4\slf4j-api-1.6.1.jar;C:\Program Files\NetBeans 8.1\java\modules\ext\hibernate4\slf4j-simple-1.6.1.jar" />
    <property name="nb.native.filechooser" value="false" />
    <property name="libs.restapi.src" value="" />
    <property name="sun.management.compiler" value="HotSpot 64-Bit Tiered Compilers" />
    <property name="libs.j2me_common_ant.javadoc" value="" />
    <property name="javac.deprecation" value="false" />
    <property name="javadoc.use" value="true" />
    <property name="sun.java2d.noddraw" value="true" />
    <property name="libs.jsp-compiler.classpath" value="C:\Program Files\NetBeans 8.1\enterprise\ant\extra\jspcompile.jar" />
    <property name="javac.processorpath" value="C:\Program Files\NetBeans 8.1\java\modules\ext\AbsoluteLayout.jar:C:\Program Files\NetBeans 8.1\java\modules\ext\beansbinding-1.2.1.jar:C:\Program Files\NetBeans 8.1\platform\modules\ext\junit-4.12.jar" />
    <property name="libs.hamcrest.maven-pom" value="" />
    <property name="ant.file.type.KiwiIsland" value="file" />
    <property name="javac.compilerargs" value="-Xlint:unchecked" />
    <property name="ant.file" value="C:\Users\TonyAlien\Documents\Software Engineering\New KiwiIsland\KiwiIsland\build.xml" />
    <property name="libs.beans-binding.maven-pom" value="" />
    <property name="libs.hibernate4-support.javadoc" value="C:\Program Files\NetBeans 8.1\java\modules\ext\docs\javax.persistence-2.1.0-doc.zip" />
    <property name="libs.jsf12.classpath" value="C:\Program Files\NetBeans 8.1\enterprise\modules\ext\jsf-1_2\commons-beanutils.jar;C:\Program Files\NetBeans 8.1\enterprise\modules\ext\jsf-1_2\commons-collections.jar;C:\Program Files\NetBeans 8.1\enterprise\modules\ext\jsf-1_2\commons-digester.jar;C:\Program Files\NetBeans 8.1\enterprise\modules\ext\jsf-1_2\commons-logging.jar;C:\Program Files\NetBeans 8.1\enterprise\modules\ext\jsf-1_2\jsf-api.jar;C:\Program Files\NetBeans 8.1\enterprise\modules\ext\jsf-1_2\jsf-impl.jar" />
    <property name="libs.jstl.maven-pom" value="" />
    <property name="libs.restapi.maven-pom" value="" />
    <property name="libs.beans-binding.src" value="" />
    <property name="java.vm.specification.vendor" value="Oracle Corporation" />
    <property name="libs.DataBindingME-PIM.javadoc" value="C:\Program Files\NetBeans 8.1\mobility\modules\docs\netbeans_databindingme_pim-api.zip" />
    <property name="libs.swing-layout.src" value="C:\Program Files\NetBeans 8.1\platform\docs\swing-layout-1.0.4-src.zip" />
    <property name="org.openide.major.version" value="IDE/1" />
    <property name="java.vm.name" value="Java HotSpot(TM) 64-Bit Server VM" />
    <property name="netbeans.user" value="C:\Users\TonyAlien\AppData\Roaming\NetBeans\8.1" />
    <property name="javadoc.additionalparam" value="" />
    <property name="java.io.tmpdir" value="C:\Users\TONYAL~1\AppData\Local\Temp\" />
    <property name="java.vendor.url" value="http://java.oracle.com/" />
    <property name="endorsed.classpath.cmd.line.arg" value="" />
    <property name="junit.available" value="true" />
    <property name="libs.jsp-compiler.src" value="" />
    <property name="sun.boot.library.path" value="C:\Program Files\Java\jdk1.8.0_131\jre\bin" />
    <property name="have.sources" value="true" />
    <property name="libs.hamcrest.javadoc" value="" />
    <property name="debug.classpath" value="C:\Program Files\NetBeans 8.1\java\modules\ext\AbsoluteLayout.jar:C:\Program Files\NetBeans 8.1\java\modules\ext\beansbinding-1.2.1.jar:C:\Program Files\NetBeans 8.1\platform\modules\ext\junit-4.12.jar:build/classes" />
    <property name="javac.external.vm" value="false" />
    <property name="javadoc.private" value="false" />
    <property name="test.src.dir" value="test" />
    <property name="libs.jsf20.classpath" value="C:\Program Files\NetBeans 8.1\enterprise\modules\ext\jsf-2_2\javax.faces.jar" />
    <property name="ap.processors.internal" value="" />
    <property name="meta.inf.dir" value="src/META-INF" />
    <property name="javadoc.encoding.used" value="UTF-8" />
    <property name="libs.DataBindingME-SVG.src" value="C:\Program Files\NetBeans 8.1\mobility\sources\netbeans_databindingme_svg-src.zip" />
    <property name="dist.jar" value="dist/KiwiIsland.jar" />
    <property name="libs.spring-framework400.maven-pom" value="" />
    <property name="java.runtime.name" value="Java(TM) SE Runtime Environment" />
    <property name="ant.project.name" value="KiwiIsland" />
    <property name="netbeans.hash.code" value="unique=NB_CND_EXTIDE_GFMOD_GROOVY_JAVA_JC_MOB_PHP_WEBCOMMON_WEBEE0e22259c0-898e-4cd3-8207-21f980afaf05_32fd0de0-4cd2-4ca9-988d-8eb6070e6be9" />
    <property name="netbeans.default_userdir_root" value="C:\Users\TonyAlien\AppData\Roaming\NetBeans" />
    <property name="libs.jsp-compilation-syscp.maven-pom" value="" />
    <property name="platform.javadoc" value="C:\Program Files\Java\jdk1.8.0_131/bin/javadoc" />
    <property name="junit.selected.version" value="4" />
    <property name="platform.javadoc.tmp" value="${platforms.JDK_1.8.javadoc}" />
    <property name="sun.cpu.isalist" value="amd64" />
    <property name="libs.spring-framework400.javadoc" value="" />
    <property name="libs.CopyLibs.javadoc" value="" />
    <property name="platform.compiler" value="${platforms.JDK_1.8.compile}" />
    <property name="org.openide.specification.version" value="6.2" />
    <property name="libs.DataBindingME-PIM.classpath" value="C:\Program Files\NetBeans 8.1\mobility\modules\ext\netbeans_databindingme_pim.jar" />
    <property name="user.home" value="C:\Users\TonyAlien" />
    <property name="annotation.processing.processors.list" value="" />
    <property name="libs.primefaces.maven-pom" value="" />
    <property name="debug-args-line" value="-Xdebug" />
    <property name="libs.javaee-api-6.0.maven-pom" value="" />
    <property name="platform.javac.tmp" value="${platforms.JDK_1.8.javac}" />
    <property name="libs.JWSAntTasks.src" value="" />
    <property name="jar.index" value="false" />
    <property name="libs.CopyLibs.maven-pom" value="" />
    <property name="libs.spring-framework300.javadoc" value="" />
    <property name="libs.absolutelayout.javadoc" value="" />
    <property name="java.specification.name" value="Java Platform API Specification" />
    <property name="do.archive+main.class.available" value="true" />
    <property name="java.specification.vendor" value="Oracle Corporation" />
    <property name="libs.javac-api.classpath" value="C:\Program Files\NetBeans 8.1\java\modules\ext\nb-javac-api.jar" />
    <property name="java.version" value="1.8.0_131" />
    <property name="run.jvmargs.ide" value="" />
    <property name="javadoc.version" value="false" />
    <property name="libs.MySQLDriver.javadoc" value="" />
    <property name="org.openide.version" value="deprecated" />
    <property name="platform.java" value="C:\Program Files\Java\jdk1.8.0_131/bin/java" />
    <property name="source.encoding" value="UTF-8" />
    <property name="ap.cmd.line.internal" value="" />
    <property name="libs.eclipselinkmodelgen.maven-pom" value="" />
    <property name="libs.jsp-compilation-syscp.javadoc" value="" />
    <property name="libs.javaee-endorsed-api-7.0.classpath" value="C:\Program Files\NetBeans 8.1\enterprise\modules\ext\javaee7-endorsed\javax.annotation-api.jar;C:\Program Files\NetBeans 8.1\enterprise\modules\ext\javaee7-endorsed\javax.xml.soap-api.jar;C:\Program Files\NetBeans 8.1\enterprise\modules\ext\javaee7-endorsed\jaxb-api-osgi.jar;C:\Program Files\NetBeans 8.1\enterprise\modules\ext\javaee7-endorsed\jaxws-api.jar;C:\Program Files\NetBeans 8.1\enterprise\modules\ext\javaee7-endorsed\jsr181-api.jar" />
    <property name="libs.eclipselinkmodelgen.javadoc" value="" />
    <property name="libs.metro.javadoc" value="C:\Program Files\NetBeans 8.1\enterprise\docs\metro-1.4-doc.zip" />
    <property name="libs.struts.maven-pom" value="" />
    <property name="netbeans.home+have.tests" value="true" />
    <property name="annotation.processing.processor.options" value="" />
    <property name="libs.testng.maven-pom" value="" />
    <property name="libs.jaxb.src" value="" />
    <property name="work.dir" value="C:\Users\TonyAlien\Documents\Software Engineering\New KiwiIsland\KiwiIsland" />
    <property name="libs.jaxb.classpath" value="C:\Program Files\NetBeans 8.1\ide\modules\ext\jaxb\jaxb-impl.jar;C:\Program Files\NetBeans 8.1\ide\modules\ext\jaxb\jaxb-xjc.jar;C:\Program Files\NetBeans 8.1\ide\modules\ext\jaxb\jaxb1-impl.jar;C:\Program Files\NetBeans 8.1\ide\modules\ext\jaxb\activation.jar;C:\Program Files\NetBeans 8.1\ide\modules\ext\jaxb\api\jaxb-api.jar;C:\Program Files\NetBeans 8.1\ide\modules\ext\jaxb\api\jsr173_1.0_api.jar" />
    <property name="do.depend" value="false" />
    <property name="libs.j2me_common_ant.classpath" value="C:\Program Files\NetBeans 8.1\mobility\modules\org-netbeans-modules-j2me-common-ant.jar;C:\Program Files\NetBeans 8.1\java\modules\org-netbeans-modules-classfile.jar" />
    <property name="dist.javadoc.dir" value="dist/javadoc" />
    <property name="libs.spring-webmvc3.0.classpath" value="C:\Program Files\NetBeans 8.1\java\modules\ext\spring-3.0\spring-webmvc-3.2.7.RELEASE.jar" />
    <property name="libs.swing-layout.classpath" value="C:\Program Files\NetBeans 8.1\platform\modules\ext\swing-layout-1.0.4.jar" />
    <property name="libs.javaee-web-api-7.0.maven-pom" value="" />
    <property name="libs.restlib.src" value="" />
    <property name="build.generated.dir" value="build/generated" />
    <property name="javac.source" value="1.8" />
    <property name="line.separator" value="&#xd;&#xa;" />
    <property name="java.specification.version" value="1.8" />
    <property name="java.vm.info" value="mixed mode" />
    <property name="libs.jaxws21.maven-pom" value="" />
    <property name="nb.junit.batch" value="true" />
    <property name="junit.forkmode" value="perTest" />
    <property name="platform.java.tmp" value="${platforms.JDK_1.8.java}" />
    <property name="sun.boot.class.path" value="C:\Program Files\Java\jdk1.8.0_131\jre\lib\resources.jar;C:\Program Files\Java\jdk1.8.0_131\jre\lib\rt.jar;C:\Program Files\Java\jdk1.8.0_131\jre\lib\sunrsasign.jar;C:\Program Files\Java\jdk1.8.0_131\jre\lib\jsse.jar;C:\Program Files\Java\jdk1.8.0_131\jre\lib\jce.jar;C:\Program Files\Java\jdk1.8.0_131\jre\lib\charsets.jar;C:\Program Files\Java\jdk1.8.0_131\jre\lib\jfr.jar;C:\Program Files\Java\jdk1.8.0_131\jre\classes" />
    <property name="javac.target" value="1.8" />
    <property name="built-jar.properties" value="C:\Users\TonyAlien\Documents\Software Engineering\New KiwiIsland\KiwiIsland\build\built-jar.properties" />
    <property name="build.test.classes.dir" value="build/test/classes" />
    <property name="src.dir" value="src" />
    <property name="sun.awt.keepWorkingSetOnMinimize" value="true" />
    <property name="libs.jpa2-persistence.src" value="" />
    <property name="annotation.processing.enabled" value="true" />
    <property name="libs.jsf20.src" value="" />
    <property name="libs.jpa20-persistence.src" value="" />
    <property name="libs.jsf12.src" value="" />
    <property name="libs.DataBindingME-SVG.maven-pom" value="" />
    <property name="libs.struts.javadoc" value="C:\Program Files\NetBeans 8.1\enterprise\docs\struts-1.3.10-javadoc.zip" />
    <property name="ignore.failing.tests" value="true" />
    <property name="libs.javaee-web-api-7.0.src" value="" />
    <property name="libs.primefaces.src" value="" />
    <property name="dist.dir" value="dist" />
    <property name="libs.groovy-all.javadoc" value="" />
    <property name="testng.debug.mode" value="" />
    <property name="libs.groovy-all.classpath" value="C:\Program Files\NetBeans 8.1\groovy\modules\ext\groovy-all.jar" />
    <property name="java.awt.printerjob" value="sun.awt.windows.WPrinterJob" />
    <property name="default.javac.source" value="1.8" />
    <property name="debug-transport-by-os" value="dt_shmem" />
    <property name="sun.jnu.encoding" value="Cp1252" />
    <property name="libs.MySQLDriver.src" value="" />
    <property name="build.test.results.dir" value="build/test/results" />
    <property name="java.runtime.version" value="1.8.0_131-b11" />
    <property name="default.javac.target" value="1.8" />
    <property name="libs.junit_4.classpath" value="C:\Program Files\NetBeans 8.1\platform\modules\ext\junit-4.12.jar" />
    <property name="user.timezone" value="" />
    <property name="nb.junit.single" value="false" />
    <property name="do.jar" value="true" />
    <property name="libs.javaee-endorsed-api-6.0.maven-pom" value="" />
    <property name="netbeans.dirs" value="C:\Program Files\NetBeans 8.1\nb;C:\Program Files\NetBeans 8.1\ergonomics;C:\Program Files\NetBeans 8.1\ide;C:\Program Files\NetBeans 8.1\extide;C:\Program Files\NetBeans 8.1\java;C:\Program Files\NetBeans 8.1\apisupport;C:\Program Files\NetBeans 8.1\webcommon;C:\Program Files\NetBeans 8.1\websvccommon;C:\Program Files\NetBeans 8.1\enterprise;C:\Program Files\NetBeans 8.1\mobility;C:\Program Files\NetBeans 8.1\profiler;C:\Program Files\NetBeans 8.1\python;C:\Program Files\NetBeans 8.1\php;C:\Program Files\NetBeans 8.1\identity;C:\Program Files\NetBeans 8.1\harness;C:\Program Files\NetBeans 8.1\cnd;C:\Program Files\NetBeans 8.1\cndext;C:\Program Files\NetBeans 8.1\dlight;C:\Program Files\NetBeans 8.1\groovy;C:\Program Files\NetBeans 8.1\extra;C:\Program Files\NetBeans 8.1\javacard;C:\Program Files\NetBeans 8.1\javafx" />
    <property name="libs.jstl.javadoc" value="C:\Program Files\NetBeans 8.1\enterprise\docs\javaee-doc-api.jar" />
    <property name="libs.jsf20.javadoc" value="C:\Program Files\NetBeans 8.1\enterprise\docs\javaee-doc-api.jar" />
    <property name="java.ext.dirs" value="C:\Program Files\Java\jdk1.8.0_131\jre\lib\ext;C:\WINDOWS\Sun\Java\lib\ext" />
    <property name="libs.metro.src" value="" />
    <property name="endorsed.classpath" value="" />
    <property name="libs.absolutelayout.classpath" value="C:\Program Files\NetBeans 8.1\java\modules\ext\AbsoluteLayout.jar" />
    <property name="excludes" value="" />
    <property name="libs.metro.classpath" value="C:\Program Files\NetBeans 8.1\ide\modules\ext\jaxb\activation.jar;C:\Program Files\NetBeans 8.1\enterprise\modules\ext\metro\webservices-api.jar;C:\Program Files\NetBeans 8.1\enterprise\modules\ext\metro\webservices-extra-api.jar;C:\Program Files\NetBeans 8.1\enterprise\modules\ext\metro\webservices-extra.jar;C:\Program Files\NetBeans 8.1\enterprise\modules\ext\metro\webservices-rt.jar;C:\Program Files\NetBeans 8.1\enterprise\modules\ext\metro\webservices-tools.jar" />
    <property name="libs.restlib.maven-pom" value="" />
    <property name="libs.jpa2-persistence.javadoc" value="C:\Program Files\NetBeans 8.1\java\modules\ext\docs\javax.persistence-2.1.0-doc.zip" />
    <property name="libs.DataBindingME.javadoc" value="C:\Program Files\NetBeans 8.1\mobility\modules\docs\netbeans_databindingme-api.zip" />
    <property name="apple.laf.useScreenMenuBar" value="true" />
    <property name="java.class.path" value="C:\Program Files\NetBeans 8.1\java\modules\ext\AbsoluteLayout.jar;C:\Program Files\NetBeans 8.1\java\modules\ext\beansbinding-1.2.1.jar;C:\Program Files\NetBeans 8.1\platform\modules\ext\junit-4.12.jar;C:\Users\TonyAlien\Documents\Software Engineering\New KiwiIsland\KiwiIsland\build\classes;C:\Program Files\NetBeans 8.1\platform\modules\ext\hamcrest-core-1.3.jar;C:\Users\TonyAlien\Documents\Software Engineering\New KiwiIsland\KiwiIsland\build\test\classes;C:\Program Files\NetBeans 8.1\extide\ant\lib\ant-launcher.jar;C:\Program Files\NetBeans 8.1\extide\ant\lib\ant.jar;C:\Program Files\NetBeans 8.1\extide\ant\lib\ant-junit.jar;C:\Program Files\NetBeans 8.1\extide\ant\lib\ant-junit4.jar" />
    <property name="do.mkdist" value="true" />
    <property name="libs.absolutelayout.src" value="" />
    <property name="libs.jpa20-persistence.classpath" value="C:\Program Files\NetBeans 8.1\java\modules\ext\eclipselink\javax.persistence_2.1.0.v201304241213.jar" />
    <property name="os.version" value="10.0" />
    <property name="application.args" value="" />
    <property name="libs.javaee-api-7.0.maven-pom" value="" />
    <property name="main.class.available" value="true" />
    <property name="sun.awt.enableExtraMouseButtons" value="true" />
    <property name="sun.desktop" value="windows" />
    <property name="libs.hibernate4-persistence.src" value="" />
    <property name="libs.hibernate4-support.maven-pom" value="" />
    <property name="libs.restlib.javadoc" value="" />
    <property name="libs.JAXB-ENDORSED.classpath" value="C:\Program Files\NetBeans 8.1\ide\modules\ext\jaxb\api\jaxb-api.jar" />
    <property name="nb.internal.action.name" value="test" />
    <property name="libs.javaee-api-7.0.javadoc" value="C:\Program Files\NetBeans 8.1\enterprise\docs\javaee-doc-api.jar" />
    <property name="libs.eclipselink.classpath" value="C:\Program Files\NetBeans 8.1\java\modules\ext\eclipselink\eclipselink.jar;C:\Program Files\NetBeans 8.1\java\modules\ext\eclipselink\javax.persistence_2.1.0.v201304241213.jar;C:\Program Files\NetBeans 8.1\java\modules\ext\eclipselink\org.eclipse.persistence.jpa.jpql_2.5.2.v20140319-9ad6abd.jar" />
    <property name="libs.beans-binding.javadoc" value="C:\Program Files\NetBeans 8.1\java\docs\beansbinding-1.2.1-doc.zip" />
    <property name="java.awt.graphicsenv" value="sun.awt.Win32GraphicsEnvironment" />
    <property name="java.vm.vendor" value="Oracle Corporation" />
    <property name="libs.CopyLibs.classpath" value="C:\Program Files\NetBeans 8.1\java\ant\extra\org-netbeans-modules-java-j2seproject-copylibstask.jar" />
    <property name="libs.spring-framework300.classpath" value="C:\Program Files\NetBeans 8.1\ide\modules\org-apache-commons-logging.jar;C:\Program Files\NetBeans 8.1\java\modules\ext\cglib-2.2.jar;C:\Program Files\NetBeans 8.1\java\modules\ext\spring-3.0\spring-aop-3.2.7.RELEASE.jar;C:\Program Files\NetBeans 8.1\java\modules\ext\spring-3.0\spring-aspects-3.2.7.RELEASE.jar;C:\Program Files\NetBeans 8.1\java\modules\ext\spring-3.0\spring-beans-3.2.7.RELEASE.jar;C:\Program Files\NetBeans 8.1\java\modules\ext\spring-3.0\spring-build-src-3.2.7.RELEASE.jar;C:\Program Files\NetBeans 8.1\java\modules\ext\spring-3.0\spring-context-3.2.7.RELEASE.jar;C:\Program Files\NetBeans 8.1\java\modules\ext\spring-3.0\spring-context-support-3.2.7.RELEASE.jar;C:\Program Files\NetBeans 8.1\java\modules\ext\spring-3.0\spring-core-3.2.7.RELEASE.jar;C:\Program Files\NetBeans 8.1\java\modules\ext\spring-3.0\spring-expression-3.2.7.RELEASE.jar;C:\Program Files\NetBeans 8.1\java\modules\ext\spring-3.0\spring-framework-bom-3.2.7.RELEASE.jar;C:\Program Files\NetBeans 8.1\java\modules\ext\spring-3.0\spring-instrument-3.2.7.RELEASE.jar;C:\Program Files\NetBeans 8.1\java\modules\ext\spring-3.0\spring-instrument-tomcat-3.2.7.RELEASE.jar;C:\Program Files\NetBeans 8.1\java\modules\ext\spring-3.0\spring-jdbc-3.2.7.RELEASE.jar;C:\Program Files\NetBeans 8.1\java\modules\ext\spring-3.0\spring-jms-3.2.7.RELEASE.jar;C:\Program Files\NetBeans 8.1\java\modules\ext\spring-3.0\spring-orm-3.2.7.RELEASE.jar;C:\Program Files\NetBeans 8.1\java\modules\ext\spring-3.0\spring-oxm-3.2.7.RELEASE.jar;C:\Program Files\NetBeans 8.1\java\modules\ext\spring-3.0\spring-struts-3.2.7.RELEASE.jar;C:\Program Files\NetBeans 8.1\java\modules\ext\spring-3.0\spring-test-3.2.7.RELEASE.jar;C:\Program Files\NetBeans 8.1\java\modules\ext\spring-3.0\spring-tx-3.2.7.RELEASE.jar;C:\Program Files\NetBeans 8.1\java\modules\ext\spring-3.0\spring-web-3.2.7.RELEASE.jar;C:\Program Files\NetBeans 8.1\java\modules\ext\spring-3.0\spring-webmvc-3.2.7.RELEASE.jar;C:\Program Files\NetBeans 8.1\java\modules\ext\spring-3.0\spring-webmvc-portlet-3.2.7.RELEASE.jar" />
    <property name="libs.jsp-compiler.maven-pom" value="" />
    <property name="libs.hamcrest.src" value="" />
    <property name="run.jvmargs" value="" />
    <property name="libs.hibernate4-persistence.classpath" value="C:\Program Files\NetBeans 8.1\java\modules\ext\hibernate4\antlr-2.7.7.jar;C:\Program Files\NetBeans 8.1\java\modules\ext\hibernate4\c3p0-0.9.2.1.jar;C:\Program Files\NetBeans 8.1\java\modules\ext\hibernate4\hibernate-c3p0-4.3.1.Final.jar;C:\Program Files\NetBeans 8.1\java\modules\ext\hibernate4\mchange-commons-java-0.2.3.4.jar;C:\Program Files\NetBeans 8.1\java\modules\ext\hibernate4\dom4j-1.6.1.jar;C:\Program Files\NetBeans 8.1\java\modules\ext\hibernate4\ehcache-core-2.4.3.jar;C:\Program Files\NetBeans 8.1\java\modules\ext\hibernate4\hibernate-ehcache-4.3.1.Final.jar;C:\Program Files\NetBeans 8.1\java\modules\ext\hibernate4\hibernate-core-4.3.1.Final.jar;C:\Program Files\NetBeans 8.1\java\modules\ext\hibernate4\jboss-logging-3.1.3.GA.jar;C:\Program Files\NetBeans 8.1\java\modules\ext\hibernate4\hibernate-commons-annotations-4.0.4.Final.jar;C:\Program Files\NetBeans 8.1\java\modules\ext\hibernate4\hibernate-entitymanager-4.3.1.Final.jar;C:\Program Files\NetBeans 8.1\java\modules\ext\hibernate4\javassist-3.18.1-GA.jar;C:\Program Files\NetBeans 8.1\java\modules\ext\hibernate4\jboss-transaction-api_1.2_spec-1.0.0.Final.jar;C:\Program Files\NetBeans 8.1\java\modules\ext\hibernate4\slf4j-api-1.6.1.jar;C:\Program Files\NetBeans 8.1\java\modules\ext\hibernate4\slf4j-simple-1.6.1.jar;C:\Program Files\NetBeans 8.1\java\modules\ext\hibernate4\hibernate-jpa-2.1-api-1.0.0.Final.jar" />
    <property name="libs.JAXB-ENDORSED.src" value="" />
    <property name="libs.DataBindingME-PIM.src" value="C:\Program Files\NetBeans 8.1\mobility\sources\netbeans_databindingme_pim-src.zip" />
    <property name="libs.testng.javadoc" value="C:\Program Files\NetBeans 8.1\platform\docs\testng-6.8.1-javadoc.zip" />
    <property name="platforms.JDK_1.8.home" value="C:\Program Files\Java\jdk1.8.0_131" />
    <property name="user.script" value="" />
    <property name="libs.PostgreSQLDriver.classpath" value="C:\Program Files\NetBeans 8.1\ide\modules\ext\postgresql-9.2-1002.jdbc4.jar" />
    <property name="libs.jsf12.maven-pom" value="" />
    <property name="libs.hibernate4-persistencemodelgen.classpath" value="C:\Program Files\NetBeans 8.1\java\modules\ext\hibernate4\hibernate-jpamodelgen-4.3.1.Final.jar" />
    <property name="annotation.processing.source.output" value="build/generated-sources/ap-source-output" />
    <property name="ant.file.KiwiIsland" value="C:\Users\TonyAlien\Documents\Software Engineering\New KiwiIsland\KiwiIsland\build.xml" />
    <property name="main.class" value="nz.ac.aut.ense701.main.Main" />
    <property name="build.dir" value="build" />
    <property name="libs.CopyLibs.src" value="" />
    <property name="libs.jsp-compilation.classpath" value="C:\Program Files\NetBeans 8.1\extide\ant\lib\ant.jar;C:\Program Files\NetBeans 8.1\enterprise\modules\ext\servlet3.1-jsp2.3-api.jar;C:\Program Files\NetBeans 8.1\enterprise\modules\ext\glassfish-jspparser-4.0.jar;C:\Program Files\NetBeans 8.1\enterprise\modules\ext\jsf-2_2\javax.faces.jar;C:\Program Files\NetBeans 8.1\enterprise\modules\ext\jstl-api.jar;C:\Program Files\NetBeans 8.1\extide\ant\lib\ant-launcher.jar" />
    <property name="ant.version" value="Apache Ant(TM) version 1.9.4 compiled on April 29 2014" />
    <property name="build.classes.excludes" value="**/*.java,**/*.form" />
    <property name="file.encoding" value="Cp1252" />
    <property name="javadoc.nonavbar" value="false" />
    <property name="libs.spring-webmvc4.0.classpath" value="C:\Program Files\NetBeans 8.1\java\modules\ext\spring-4\spring-webmvc-4.0.1.RELEASE.jar" />
    <property name="platform.active" value="JDK_1.8" />
    <property name="awt.toolkit" value="sun.awt.windows.WToolkit" />
    <property name="libs.javaee-web-api-7.0.javadoc" value="C:\Program Files\NetBeans 8.1\enterprise\docs\javaee-doc-api.jar" />
    <property name="" value="======" />
  </properties>
  <testcase classname="nz.ac.aut.ense701.gameModel.GameTest" name="testGetNumRows" time="0.019" />
  <testcase classname="nz.ac.aut.ense701.gameModel.GameTest" name="testCollectValid" time="0.095" />
  <testcase classname="nz.ac.aut.ense701.gameModel.GameTest" name="testPlayerMoveValidNoHazards" time="0.008" />
  <testcase classname="nz.ac.aut.ense701.gameModel.GameTest" name="testIsPlayerMovePossibleInvalidMove" time="0.091" />
  <testcase classname="nz.ac.aut.ense701.gameModel.GameTest" name="testCanUseFoodValid" time="0.004" />
  <testcase classname="nz.ac.aut.ense701.gameModel.GameTest" name="testCanUseToolNoTrap" time="0.096" />
  <testcase classname="nz.ac.aut.ense701.gameModel.GameTest" name="testPlayerMoveNonFatalHazardDead" time="0.002" />
  <testcase classname="nz.ac.aut.ense701.gameModel.GameTest" name="testUseItemTrapFinalPredator" time="0.097">
    <failure message="Game should be won" type="junit.framework.AssertionFailedError">junit.framework.AssertionFailedError: Game should be won
	at nz.ac.aut.ense701.gameModel.GameTest.testUseItemTrapFinalPredator(GameTest.java:314)
</failure>
  </testcase>
  <testcase classname="nz.ac.aut.ense701.gameModel.GameTest" name="testUseItemBrokenTrap" time="0.002" />
  <testcase classname="nz.ac.aut.ense701.gameModel.GameTest" name="testGetNumColumns" time="0.092" />
  <testcase classname="nz.ac.aut.ense701.gameModel.GameTest" name="testPlayerMoveFatalHazard" time="0.002" />
  <testcase classname="nz.ac.aut.ense701.gameModel.GameTest" name="testPlayerMoveDeadPlayer" time="0.096" />
  <testcase classname="nz.ac.aut.ense701.gameModel.GameTest" name="testPlayerMoveToInvalidPosition" time="0.001" />
  <testcase classname="nz.ac.aut.ense701.gameModel.GameTest" name="testCanUseTrapNoPredator" time="0.094" />
  <testcase classname="nz.ac.aut.ense701.gameModel.GameTest" name="testDropValid" time="0.001" />
  <testcase classname="nz.ac.aut.ense701.gameModel.GameTest" name="testGetKiwiCountInitial" time="0.095" />
  <testcase classname="nz.ac.aut.ense701.gameModel.GameTest" name="testIsPlayerMovePossibleValidMove" time="0.002" />
  <testcase classname="nz.ac.aut.ense701.gameModel.GameTest" name="testCanCollectNotCollectable" time="0.096" />
  <testcase classname="nz.ac.aut.ense701.gameModel.GameTest" name="testCanUseToolTrapNotBroken" time="0.001" />
  <testcase classname="nz.ac.aut.ense701.gameModel.GameTest" name="testUseItemToolFixTrap" time="0.098" />
  <testcase classname="nz.ac.aut.ense701.gameModel.GameTest" name="testCanCollectCollectable" time="0.001" />
  <testcase classname="nz.ac.aut.ense701.gameModel.GameTest" name="testGetInitialState" time="0.095" />
  <testcase classname="nz.ac.aut.ense701.gameModel.GameTest" name="testUseItemFoodCausesIncrease" time="0.001" />
  <testcase classname="nz.ac.aut.ense701.gameModel.GameTest" name="testPlayerMoveNotEnoughStamina" time="0.095" />
  <testcase classname="nz.ac.aut.ense701.gameModel.GameTest" name="testUseItemFoodNoIncrease" time="0.001" />
  <testcase classname="nz.ac.aut.ense701.gameModel.GameTest" name="testGetPlayerValues" time="0.096" />
  <testcase classname="nz.ac.aut.ense701.gameModel.GameTest" name="testCanUseTrapValid" time="0.001" />
  <testcase classname="nz.ac.aut.ense701.gameModel.GameTest" name="testGetPlayer" time="0.096" />
  <testcase classname="nz.ac.aut.ense701.gameModel.GameTest" name="testCollectNotCollectable" time="0.001" />
  <testcase classname="nz.ac.aut.ense701.gameModel.GameTest" name="testUseItemTrap" time="0.095" />
  <testcase classname="nz.ac.aut.ense701.gameModel.GameTest" name="testDropNotValidPositionFull" time="0.001" />
  <testcase classname="nz.ac.aut.ense701.gameModel.GameTest" name="testCountKiwi" time="0.097">
    <failure message=" This move valid" type="junit.framework.AssertionFailedError">junit.framework.AssertionFailedError:  This move valid
	at nz.ac.aut.ense701.gameModel.GameTest.testCountKiwi(GameTest.java:424)
</failure>
  </testcase>
  <testcase classname="nz.ac.aut.ense701.gameModel.GameTest" name="testCanUseTool" time="0.001" />
  <testcase classname="nz.ac.aut.ense701.gameModel.GameTest" name="testPlayerMoveNonFatalHazardNotDead" time="0.095" />
  <system-out><![CDATA[[9, 1007, 9000, 7007, 4004, 7008, 5006, 2004, 1000, 8, 4009, 2005, 3, 8, 8006, 4006, 4004, 8009, 9006, 4004, 3007, 7, 2002, 6009, 2001, 4009, 4, 3001, 3008, 8003, 1008, 2002]
[9, 1007, 9000, 7007, 4004, 7008, 5006, 2004, 1000, 8, 4009, 2005, 3, 8, 8006, 4006, 4004, 8009, 9006, 4004, 3007, 7, 2002, 6009, 2001, 4009, 4, 3001, 3008, 8003, 1008, 2002, 8]
[9, 1007, 9000, 7007, 4004, 7008, 5006, 2004, 1000, 8, 4009, 2005, 3, 8, 8006, 4006, 4004, 8009, 9006, 4004, 3007, 7, 2002, 6009, 2001, 4009, 4, 3001, 3008, 8003, 1008, 2002, 8, 1006]
bad
[9, 1007, 9000, 7007, 4004, 7008, 5006, 2004, 1000, 8, 4009, 2005, 3, 8, 8006, 4006, 4004, 8009, 9006, 4004, 3007, 7, 2002, 6009, 2001, 4009, 4, 3001, 3008, 8003, 1008, 2002, 8, 1006, 1000]
[9, 1007, 9000, 7007, 4004, 7008, 5006, 2004, 1000, 8, 4009, 2005, 3, 8, 8006, 4006, 4004, 8009, 9006, 4004, 3007, 7, 2002, 6009, 2001, 4009, 4, 3001, 3008, 8003, 1008, 2002, 8, 1006, 1000, 4003]
[9, 1007, 9000, 7007, 4004, 7008, 5006, 2004, 1000, 8, 4009, 2005, 3, 8, 8006, 4006, 4004, 8009, 9006, 4004, 3007, 7, 2002, 6009, 2001, 4009, 4, 3001, 3008, 8003, 1008, 2002, 8, 1006, 1000, 4003, 2004]
[9, 1007, 9000, 7007, 4004, 7008, 5006, 2004, 1000, 8, 4009, 2005, 3, 8, 8006, 4006, 4004, 8009, 9006, 4004, 3007, 7, 2002, 6009, 2001, 4009, 4, 3001, 3008, 8003, 1008, 2002, 8, 1006, 1000, 4003, 2004, 2006]
---------------------------------------------------
|    |    |@   | F  | P  |    |    | K  | FF | E  |
|~~~~|~~~~|....|....|....|~~~~|^^^^|^^^^|^^^^|^^^^|
---------------------------------------------------
| F  |    |    |    |    |    | H  | E  | P  |    |
|~~~~|####|^^^^|^^^^|^^^^|^^^^|^^^^|^^^^|^^^^|^^^^|
---------------------------------------------------
|    | P  | K  | H  | T  | F  |    |    |    |    |
|####|####|####|####|^^^^|^^^^|^^^^|^^^^|^^^^|~~~~|
---------------------------------------------------
|    | P  |    |    |    |    |    | K  | P  |    |
|....|####|####|####|****|****|^^^^|....|~~~~|~~~~|
---------------------------------------------------
|    | H  |    |    | KKT| H  | K  |    |    | FP |
|....|^^^^|^^^^|^^^^|****|****|^^^^|....|~~~~|~~~~|
---------------------------------------------------
|    |    |    |    |    |    | T  |    |    | H  |
|....|****|****|****|****|****|####|####|####|~~~~|
---------------------------------------------------
|    |    |    |    |    |    |    | H  |    | K  |
|....|****|****|****|****|****|****|####|####|####|
---------------------------------------------------
|    |    |    |    |    |    |    | E  | T  |    |
|****|****|****|****|****|~~~~|****|****|~~~~|~~~~|
---------------------------------------------------
|    |    |    | P  |    |    | K  | H  |    | K  |
|....|....|****|****|~~~~|~~~~|~~~~|****|****|....|
---------------------------------------------------
| E  |    |    |    |    |    | K  |    |    |    |
|~~~~|....|****|****|****|~~~~|****|****|****|....|
---------------------------------------------------
[2002, 1009, 3004, 3009, 3004, 3007, 2000, 6008, 8005, 5002, 2009, 2007, 8002, 5003, 8007, 5006, 3001, 6008, 3006, 6000, 4007, 4001, 2008, 5002, 4, 7003, 2, 9002, 1002, 9003, 2002, 7004]
[2002, 1009, 3004, 3009, 3004, 3007, 2000, 6008, 8005, 5002, 2009, 2007, 8002, 5003, 8007, 5006, 3001, 6008, 3006, 6000, 4007, 4001, 2008, 5002, 4, 7003, 2, 9002, 1002, 9003, 2002, 7004, 7003]
[2002, 1009, 3004, 3009, 3004, 3007, 2000, 6008, 8005, 5002, 2009, 2007, 8002, 5003, 8007, 5006, 3001, 6008, 3006, 6000, 4007, 4001, 2008, 5002, 4, 7003, 2, 9002, 1002, 9003, 2002, 7004, 7003, 4]
bad
[2002, 1009, 3004, 3009, 3004, 3007, 2000, 6008, 8005, 5002, 2009, 2007, 8002, 5003, 8007, 5006, 3001, 6008, 3006, 6000, 4007, 4001, 2008, 5002, 4, 7003, 2, 9002, 1002, 9003, 2002, 7004, 7003, 4, 8000]
[2002, 1009, 3004, 3009, 3004, 3007, 2000, 6008, 8005, 5002, 2009, 2007, 8002, 5003, 8007, 5006, 3001, 6008, 3006, 6000, 4007, 4001, 2008, 5002, 4, 7003, 2, 9002, 1002, 9003, 2002, 7004, 7003, 4, 8000, 1009]
bad
[2002, 1009, 3004, 3009, 3004, 3007, 2000, 6008, 8005, 5002, 2009, 2007, 8002, 5003, 8007, 5006, 3001, 6008, 3006, 6000, 4007, 4001, 2008, 5002, 4, 7003, 2, 9002, 1002, 9003, 2002, 7004, 7003, 4, 8000, 1009, 9003]
[2002, 1009, 3004, 3009, 3004, 3007, 2000, 6008, 8005, 5002, 2009, 2007, 8002, 5003, 8007, 5006, 3001, 6008, 3006, 6000, 4007, 4001, 2008, 5002, 4, 7003, 2, 9002, 1002, 9003, 2002, 7004, 7003, 4, 8000, 1009, 9003, 4000]
bad
---------------------------------------------------
|    |    |@P  |    | P  |    |    |    |    |    |
|~~~~|~~~~|....|....|....|~~~~|^^^^|^^^^|^^^^|^^^^|
---------------------------------------------------
|    |    | P  |    |    |    |    |    |    | E  |
|~~~~|####|^^^^|^^^^|^^^^|^^^^|^^^^|^^^^|^^^^|^^^^|
---------------------------------------------------
| T  |    | PE |    |    |    | H  | F  | K  | F  |
|####|####|####|####|^^^^|^^^^|^^^^|^^^^|^^^^|~~~~|
---------------------------------------------------
|    | K  |    |    | ET |    | K  | T  |    | E  |
|....|####|####|####|****|****|^^^^|....|~~~~|~~~~|
---------------------------------------------------
|    | K  |    | H  |    |    |    | K  |    | HH |
|....|^^^^|^^^^|^^^^|****|****|^^^^|....|~~~~|~~~~|
---------------------------------------------------
|    |    | FK | F  |    |    | K  |    |    |    |
|....|****|****|****|****|****|####|####|####|~~~~|
---------------------------------------------------
| K  |    | H  |    |    |    |    |    | KT |    |
|....|****|****|****|****|****|****|####|####|####|
---------------------------------------------------
|    |    |    | P  |    |    |    | H  |    |    |
|****|****|****|****|****|~~~~|****|****|~~~~|~~~~|
---------------------------------------------------
|    |    | F  |    |    | F  |    | K  |    |    |
|....|....|****|****|~~~~|~~~~|~~~~|****|****|....|
---------------------------------------------------
|    |    | P  | P  |    | H  |    |    |    |    |
|~~~~|....|****|****|****|~~~~|****|****|****|....|
---------------------------------------------------
[4003, 3000, 1004, 4007, 3002, 5006, 4003, 5000, 6008, 4008, 8, 8004, 4002, 1005, 2000, 2003, 4000, 2009, 1004, 5003, 6, 3000, 4003, 7, 9001, 5005, 1004, 7003, 5006, 3003, 5002, 6007]
bad
[4003, 3000, 1004, 4007, 3002, 5006, 4003, 5000, 6008, 4008, 8, 8004, 4002, 1005, 2000, 2003, 4000, 2009, 1004, 5003, 6, 3000, 4003, 7, 9001, 5005, 1004, 7003, 5006, 3003, 5002, 6007, 2004]
[4003, 3000, 1004, 4007, 3002, 5006, 4003, 5000, 6008, 4008, 8, 8004, 4002, 1005, 2000, 2003, 4000, 2009, 1004, 5003, 6, 3000, 4003, 7, 9001, 5005, 1004, 7003, 5006, 3003, 5002, 6007, 2004, 7000]
bad
bad
[4003, 3000, 1004, 4007, 3002, 5006, 4003, 5000, 6008, 4008, 8, 8004, 4002, 1005, 2000, 2003, 4000, 2009, 1004, 5003, 6, 3000, 4003, 7, 9001, 5005, 1004, 7003, 5006, 3003, 5002, 6007, 2004, 7000, 2001]
[4003, 3000, 1004, 4007, 3002, 5006, 4003, 5000, 6008, 4008, 8, 8004, 4002, 1005, 2000, 2003, 4000, 2009, 1004, 5003, 6, 3000, 4003, 7, 9001, 5005, 1004, 7003, 5006, 3003, 5002, 6007, 2004, 7000, 2001, 3002]
[4003, 3000, 1004, 4007, 3002, 5006, 4003, 5000, 6008, 4008, 8, 8004, 4002, 1005, 2000, 2003, 4000, 2009, 1004, 5003, 6, 3000, 4003, 7, 9001, 5005, 1004, 7003, 5006, 3003, 5002, 6007, 2004, 7000, 2001, 3002, 6004]
[4003, 3000, 1004, 4007, 3002, 5006, 4003, 5000, 6008, 4008, 8, 8004, 4002, 1005, 2000, 2003, 4000, 2009, 1004, 5003, 6, 3000, 4003, 7, 9001, 5005, 1004, 7003, 5006, 3003, 5002, 6007, 2004, 7000, 2001, 3002, 6004, 5002]
---------------------------------------------------
|    |    |@   |    |    |    | K  | K  | F  |    |
|~~~~|~~~~|....|....|....|~~~~|^^^^|^^^^|^^^^|^^^^|
---------------------------------------------------
|    |    |    | H  | KEP| F  |    |    |    |    |
|~~~~|####|^^^^|^^^^|^^^^|^^^^|^^^^|^^^^|^^^^|^^^^|
---------------------------------------------------
| K  |    |    | K  |    |    | H  |    |    | K  |
|####|####|####|####|^^^^|^^^^|^^^^|^^^^|^^^^|~~~~|
---------------------------------------------------
| EK |    | T  | P  |    | H  |    |    |    |    |
|....|####|####|####|****|****|^^^^|....|~~~~|~~~~|
---------------------------------------------------
| K  |    | F  | ETK| H  |    |    | E  | F  |    |
|....|^^^^|^^^^|^^^^|****|****|^^^^|....|~~~~|~~~~|
---------------------------------------------------
| T  |    | P  | K  |    | P  | TP |    |    | H  |
|....|****|****|****|****|****|####|####|####|~~~~|
---------------------------------------------------
|    |    |    |    |    |    |    |    | F  |    |
|....|****|****|****|****|****|****|####|####|####|
---------------------------------------------------
|    | H  |    | P  |    |    |    |    |    | H  |
|****|****|****|****|****|~~~~|****|****|~~~~|~~~~|
---------------------------------------------------
|    |    |    |    | F  |    |    |    |    |    |
|....|....|****|****|~~~~|~~~~|~~~~|****|****|....|
---------------------------------------------------
|    | P  |    |    |    |    |    |    |    |    |
|~~~~|....|****|****|****|~~~~|****|****|****|....|
---------------------------------------------------
[3002, 4005, 9008, 8001, 4007, 4007, 5003, 5002, 4002, 7005, 5001, 6001, 5005, 1008, 2003, 4009, 9009, 9000, 4001, 3002, 6004, 5002, 9002, 2007, 9002, 4000, 9005, 8007, 1000, 6002, 6008, 2009]
bad
bad
bad
[3002, 4005, 9008, 8001, 4007, 4007, 5003, 5002, 4002, 7005, 5001, 6001, 5005, 1008, 2003, 4009, 9009, 9000, 4001, 3002, 6004, 5002, 9002, 2007, 9002, 4000, 9005, 8007, 1000, 6002, 6008, 2009, 1002]
[3002, 4005, 9008, 8001, 4007, 4007, 5003, 5002, 4002, 7005, 5001, 6001, 5005, 1008, 2003, 4009, 9009, 9000, 4001, 3002, 6004, 5002, 9002, 2007, 9002, 4000, 9005, 8007, 1000, 6002, 6008, 2009, 1002, 6005]
[3002, 4005, 9008, 8001, 4007, 4007, 5003, 5002, 4002, 7005, 5001, 6001, 5005, 1008, 2003, 4009, 9009, 9000, 4001, 3002, 6004, 5002, 9002, 2007, 9002, 4000, 9005, 8007, 1000, 6002, 6008, 2009, 1002, 6005, 5002]
bad
bad
bad
[3002, 4005, 9008, 8001, 4007, 4007, 5003, 5002, 4002, 7005, 5001, 6001, 5005, 1008, 2003, 4009, 9009, 9000, 4001, 3002, 6004, 5002, 9002, 2007, 9002, 4000, 9005, 8007, 1000, 6002, 6008, 2009, 1002, 6005, 5002, 7]
[3002, 4005, 9008, 8001, 4007, 4007, 5003, 5002, 4002, 7005, 5001, 6001, 5005, 1008, 2003, 4009, 9009, 9000, 4001, 3002, 6004, 5002, 9002, 2007, 9002, 4000, 9005, 8007, 1000, 6002, 6008, 2009, 1002, 6005, 5002, 7, 6000]
[3002, 4005, 9008, 8001, 4007, 4007, 5003, 5002, 4002, 7005, 5001, 6001, 5005, 1008, 2003, 4009, 9009, 9000, 4001, 3002, 6004, 5002, 9002, 2007, 9002, 4000, 9005, 8007, 1000, 6002, 6008, 2009, 1002, 6005, 5002, 7, 6000, 5008]
---------------------------------------------------
|    |    |@H  |    |    |    |    |    |    |    |
|~~~~|~~~~|....|....|....|~~~~|^^^^|^^^^|^^^^|^^^^|
---------------------------------------------------
| P  |    |    |    |    |    |    |    | F  |    |
|~~~~|####|^^^^|^^^^|^^^^|^^^^|^^^^|^^^^|^^^^|^^^^|
---------------------------------------------------
|    |    |    | K  |    |    |    | K  | H  |    |
|####|####|####|####|^^^^|^^^^|^^^^|^^^^|^^^^|~~~~|
---------------------------------------------------
|    |    | EK |    |    |    |    |    |    |    |
|....|####|####|####|****|****|^^^^|....|~~~~|~~~~|
---------------------------------------------------
| P  | K  | F  | H  |    | E  |    | TT | H  | K  |
|....|^^^^|^^^^|^^^^|****|****|^^^^|....|~~~~|~~~~|
---------------------------------------------------
| H  | F  | KT | T  |    | F  |    |    |    |    |
|....|****|****|****|****|****|####|####|####|~~~~|
---------------------------------------------------
|    | F  | P  |    | K  |    |    |    | P  |    |
|....|****|****|****|****|****|****|####|####|####|
---------------------------------------------------
|    |    |    |    |    | F  |    |    |    |    |
|****|****|****|****|****|~~~~|****|****|~~~~|~~~~|
---------------------------------------------------
|    | E  |    | H  | H  |    |    | P  |    |    |
|....|....|****|****|~~~~|~~~~|~~~~|****|****|....|
---------------------------------------------------
| K  |    | PK |    |    | P  |    |    | E  | K  |
|~~~~|....|****|****|****|~~~~|****|****|****|....|
---------------------------------------------------
[9009, 1007, 3004, 6002, 4006, 9001, 8008, 5005, 4, 4008, 4006, 4007, 9001, 1005, 3, 8009, 9003, 7007, 3003, 6004, 0, 9000, 1003, 5008, 4004, 2008, 8005, 3009, 5003, 1004, 3007, 7003]
[9009, 1007, 3004, 6002, 4006, 9001, 8008, 5005, 4, 4008, 4006, 4007, 9001, 1005, 3, 8009, 9003, 7007, 3003, 6004, 0, 9000, 1003, 5008, 4004, 2008, 8005, 3009, 5003, 1004, 3007, 7003, 4005]
[9009, 1007, 3004, 6002, 4006, 9001, 8008, 5005, 4, 4008, 4006, 4007, 9001, 1005, 3, 8009, 9003, 7007, 3003, 6004, 0, 9000, 1003, 5008, 4004, 2008, 8005, 3009, 5003, 1004, 3007, 7003, 4005, 1006]
[9009, 1007, 3004, 6002, 4006, 9001, 8008, 5005, 4, 4008, 4006, 4007, 9001, 1005, 3, 8009, 9003, 7007, 3003, 6004, 0, 9000, 1003, 5008, 4004, 2008, 8005, 3009, 5003, 1004, 3007, 7003, 4005, 1006, 7000]
[9009, 1007, 3004, 6002, 4006, 9001, 8008, 5005, 4, 4008, 4006, 4007, 9001, 1005, 3, 8009, 9003, 7007, 3003, 6004, 0, 9000, 1003, 5008, 4004, 2008, 8005, 3009, 5003, 1004, 3007, 7003, 4005, 1006, 7000, 8004]
[9009, 1007, 3004, 6002, 4006, 9001, 8008, 5005, 4, 4008, 4006, 4007, 9001, 1005, 3, 8009, 9003, 7007, 3003, 6004, 0, 9000, 1003, 5008, 4004, 2008, 8005, 3009, 5003, 1004, 3007, 7003, 4005, 1006, 7000, 8004, 3002]
bad
[9009, 1007, 3004, 6002, 4006, 9001, 8008, 5005, 4, 4008, 4006, 4007, 9001, 1005, 3, 8009, 9003, 7007, 3003, 6004, 0, 9000, 1003, 5008, 4004, 2008, 8005, 3009, 5003, 1004, 3007, 7003, 4005, 1006, 7000, 8004, 3002, 7004]
bad
bad
---------------------------------------------------
| K  |    |@   | K  | F  | H  |    |    |    |    |
|~~~~|~~~~|....|....|....|~~~~|^^^^|^^^^|^^^^|^^^^|
---------------------------------------------------
|    |    |    | K  | P  | F  |    | E  |    |    |
|~~~~|####|^^^^|^^^^|^^^^|^^^^|^^^^|^^^^|^^^^|^^^^|
---------------------------------------------------
|    |    |    |    | H  |    |    |    | P  |    |
|####|####|####|####|^^^^|^^^^|^^^^|^^^^|^^^^|~~~~|
---------------------------------------------------
|    |    |    | K  | E  |    |    | P  |    | P  |
|....|####|####|####|****|****|^^^^|....|~~~~|~~~~|
---------------------------------------------------
|    |    |    | H  | P  |    | TF | F  | F  |    |
|....|^^^^|^^^^|^^^^|****|****|^^^^|....|~~~~|~~~~|
---------------------------------------------------
|    |    |    | P  |    | T  |    |    | K  | H  |
|....|****|****|****|****|****|####|####|####|~~~~|
---------------------------------------------------
|    |    | E  |    | K  |    |    |    |    |    |
|....|****|****|****|****|****|****|####|####|####|
---------------------------------------------------
|    |    |    |    |    |    |    | K  | H  | H  |
|****|****|****|****|****|~~~~|****|****|~~~~|~~~~|
---------------------------------------------------
|    |    |    |    |    | P  |    |    | T  | K  |
|....|....|****|****|~~~~|~~~~|~~~~|****|****|....|
---------------------------------------------------
| K  | FT |    | K  |    | H  |    |    |    | E  |
|~~~~|....|****|****|****|~~~~|****|****|****|....|
---------------------------------------------------
[2005, 9009, 7, 4004, 7004, 7, 3002, 1001, 6000, 7008, 3, 9006, 9009, 9, 5007, 5, 4, 2004, 7008, 5000, 7007, 9, 7, 5007, 9005, 4004, 9006, 9002, 6005, 9009, 6001, 9008]
[2005, 9009, 7, 4004, 7004, 7, 3002, 1001, 6000, 7008, 3, 9006, 9009, 9, 5007, 5, 4, 2004, 7008, 5000, 7007, 9, 7, 5007, 9005, 4004, 9006, 9002, 6005, 9009, 6001, 9008, 9004]
bad
[2005, 9009, 7, 4004, 7004, 7, 3002, 1001, 6000, 7008, 3, 9006, 9009, 9, 5007, 5, 4, 2004, 7008, 5000, 7007, 9, 7, 5007, 9005, 4004, 9006, 9002, 6005, 9009, 6001, 9008, 9004, 2008]
[2005, 9009, 7, 4004, 7004, 7, 3002, 1001, 6000, 7008, 3, 9006, 9009, 9, 5007, 5, 4, 2004, 7008, 5000, 7007, 9, 7, 5007, 9005, 4004, 9006, 9002, 6005, 9009, 6001, 9008, 9004, 2008, 8001]
bad
[2005, 9009, 7, 4004, 7004, 7, 3002, 1001, 6000, 7008, 3, 9006, 9009, 9, 5007, 5, 4, 2004, 7008, 5000, 7007, 9, 7, 5007, 9005, 4004, 9006, 9002, 6005, 9009, 6001, 9008, 9004, 2008, 8001, 4005]
[2005, 9009, 7, 4004, 7004, 7, 3002, 1001, 6000, 7008, 3, 9006, 9009, 9, 5007, 5, 4, 2004, 7008, 5000, 7007, 9, 7, 5007, 9005, 4004, 9006, 9002, 6005, 9009, 6001, 9008, 9004, 2008, 8001, 4005, 5008]
[2005, 9009, 7, 4004, 7004, 7, 3002, 1001, 6000, 7008, 3, 9006, 9009, 9, 5007, 5, 4, 2004, 7008, 5000, 7007, 9, 7, 5007, 9005, 4004, 9006, 9002, 6005, 9009, 6001, 9008, 9004, 2008, 8001, 4005, 5008, 9004]
---------------------------------------------------
|    |    |@   | F  | K  | K  |    | KET|    | KF |
|~~~~|~~~~|....|....|....|~~~~|^^^^|^^^^|^^^^|^^^^|
---------------------------------------------------
|    | T  |    |    |    |    |    | H  |    |    |
|~~~~|####|^^^^|^^^^|^^^^|^^^^|^^^^|^^^^|^^^^|^^^^|
---------------------------------------------------
|    |    |    | H  | K  | E  |    |    |    |    |
|####|####|####|####|^^^^|^^^^|^^^^|^^^^|^^^^|~~~~|
---------------------------------------------------
| H  |    | T  |    |    |    |    |    |    |    |
|....|####|####|####|****|****|^^^^|....|~~~~|~~~~|
---------------------------------------------------
|    |    |    |    | EP |    |    |    | H  |    |
|....|^^^^|^^^^|^^^^|****|****|^^^^|....|~~~~|~~~~|
---------------------------------------------------
| K  |    |    | H  |    |    |    | KK |    |    |
|....|****|****|****|****|****|####|####|####|~~~~|
---------------------------------------------------
| F  | P  |    |    |    | P  |    |    |    |    |
|....|****|****|****|****|****|****|####|####|####|
---------------------------------------------------
|    |    |    |    | T  | H  |    | K  | KF |    |
|****|****|****|****|****|~~~~|****|****|~~~~|~~~~|
---------------------------------------------------
|    |    |    |    |    | H  |    |    |    |    |
|....|....|****|****|~~~~|~~~~|~~~~|****|****|....|
---------------------------------------------------
|    |    | P  |    |    | P  | PF |    |    | EPF|
|~~~~|....|****|****|****|~~~~|****|****|****|....|
---------------------------------------------------
[4000, 8, 7004, 4000, 2009, 9007, 9, 9009, 7003, 8000, 3003, 4002, 6006, 7000, 8000, 3005, 9000, 6008, 6, 7006, 9008, 3006, 1003, 6005, 1000, 8003, 2004, 3002, 1002, 6009, 2000, 7007]
[4000, 8, 7004, 4000, 2009, 9007, 9, 9009, 7003, 8000, 3003, 4002, 6006, 7000, 8000, 3005, 9000, 6008, 6, 7006, 9008, 3006, 1003, 6005, 1000, 8003, 2004, 3002, 1002, 6009, 2000, 7007, 4004]
[4000, 8, 7004, 4000, 2009, 9007, 9, 9009, 7003, 8000, 3003, 4002, 6006, 7000, 8000, 3005, 9000, 6008, 6, 7006, 9008, 3006, 1003, 6005, 1000, 8003, 2004, 3002, 1002, 6009, 2000, 7007, 4004, 8008]
[4000, 8, 7004, 4000, 2009, 9007, 9, 9009, 7003, 8000, 3003, 4002, 6006, 7000, 8000, 3005, 9000, 6008, 6, 7006, 9008, 3006, 1003, 6005, 1000, 8003, 2004, 3002, 1002, 6009, 2000, 7007, 4004, 8008, 3007]
[4000, 8, 7004, 4000, 2009, 9007, 9, 9009, 7003, 8000, 3003, 4002, 6006, 7000, 8000, 3005, 9000, 6008, 6, 7006, 9008, 3006, 1003, 6005, 1000, 8003, 2004, 3002, 1002, 6009, 2000, 7007, 4004, 8008, 3007, 4001]
[4000, 8, 7004, 4000, 2009, 9007, 9, 9009, 7003, 8000, 3003, 4002, 6006, 7000, 8000, 3005, 9000, 6008, 6, 7006, 9008, 3006, 1003, 6005, 1000, 8003, 2004, 3002, 1002, 6009, 2000, 7007, 4004, 8008, 3007, 4001, 2008]
[4000, 8, 7004, 4000, 2009, 9007, 9, 9009, 7003, 8000, 3003, 4002, 6006, 7000, 8000, 3005, 9000, 6008, 6, 7006, 9008, 3006, 1003, 6005, 1000, 8003, 2004, 3002, 1002, 6009, 2000, 7007, 4004, 8008, 3007, 4001, 2008, 6002]
---------------------------------------------------
| H  |    |@   |    | H  |    | K  |    | E  | T  |
|~~~~|~~~~|....|....|....|~~~~|^^^^|^^^^|^^^^|^^^^|
---------------------------------------------------
| P  |    | P  | K  |    |    |    |    |    |    |
|~~~~|####|^^^^|^^^^|^^^^|^^^^|^^^^|^^^^|^^^^|^^^^|
---------------------------------------------------
| P  |    |    |    | P  |    |    |    |    | T  |
|####|####|####|####|^^^^|^^^^|^^^^|^^^^|^^^^|~~~~|
---------------------------------------------------
|    |    | P  | F  | H  | K  | K  |    |    |    |
|....|####|####|####|****|****|^^^^|....|~~~~|~~~~|
---------------------------------------------------
| EE |    | F  |    |    |    |    |    |    | H  |
|....|^^^^|^^^^|^^^^|****|****|^^^^|....|~~~~|~~~~|
---------------------------------------------------
|    |    | H  |    |    | H  |    |    |    |    |
|....|****|****|****|****|****|####|####|####|~~~~|
---------------------------------------------------
|    |    |    |    |    | K  | F  | H  | K  | P  |
|....|****|****|****|****|****|****|####|####|####|
---------------------------------------------------
| F  |    |    | F  | E  |    | K  |    |    |    |
|****|****|****|****|****|~~~~|****|****|~~~~|~~~~|
---------------------------------------------------
| KF |    |    | P  |    |    |    |    |    |    |
|....|....|****|****|~~~~|~~~~|~~~~|****|****|....|
---------------------------------------------------
| K  |    |    |    |    |    |    | T  | K  | T  |
|~~~~|....|****|****|****|~~~~|****|****|****|....|
---------------------------------------------------
[4001, 2008, 6, 4002, 6002, 1002, 5, 6, 7000, 8009, 5008, 1009, 7001, 6002, 4007, 1002, 1005, 6009, 2009, 9, 1006, 7, 9008, 9002, 7006, 6007, 6, 2005, 7001, 3001, 4003, 6007]
[4001, 2008, 6, 4002, 6002, 1002, 5, 6, 7000, 8009, 5008, 1009, 7001, 6002, 4007, 1002, 1005, 6009, 2009, 9, 1006, 7, 9008, 9002, 7006, 6007, 6, 2005, 7001, 3001, 4003, 6007, 3009]
[4001, 2008, 6, 4002, 6002, 1002, 5, 6, 7000, 8009, 5008, 1009, 7001, 6002, 4007, 1002, 1005, 6009, 2009, 9, 1006, 7, 9008, 9002, 7006, 6007, 6, 2005, 7001, 3001, 4003, 6007, 3009, 3008]
[4001, 2008, 6, 4002, 6002, 1002, 5, 6, 7000, 8009, 5008, 1009, 7001, 6002, 4007, 1002, 1005, 6009, 2009, 9, 1006, 7, 9008, 9002, 7006, 6007, 6, 2005, 7001, 3001, 4003, 6007, 3009, 3008, 2001]
[4001, 2008, 6, 4002, 6002, 1002, 5, 6, 7000, 8009, 5008, 1009, 7001, 6002, 4007, 1002, 1005, 6009, 2009, 9, 1006, 7, 9008, 9002, 7006, 6007, 6, 2005, 7001, 3001, 4003, 6007, 3009, 3008, 2001, 1006]
[4001, 2008, 6, 4002, 6002, 1002, 5, 6, 7000, 8009, 5008, 1009, 7001, 6002, 4007, 1002, 1005, 6009, 2009, 9, 1006, 7, 9008, 9002, 7006, 6007, 6, 2005, 7001, 3001, 4003, 6007, 3009, 3008, 2001, 1006, 6004]
[4001, 2008, 6, 4002, 6002, 1002, 5, 6, 7000, 8009, 5008, 1009, 7001, 6002, 4007, 1002, 1005, 6009, 2009, 9, 1006, 7, 9008, 9002, 7006, 6007, 6, 2005, 7001, 3001, 4003, 6007, 3009, 3008, 2001, 1006, 6004, 5001]
---------------------------------------------------
|    |    |@   |    |    | T  | PTE| K  |    | K  |
|~~~~|~~~~|....|....|....|~~~~|^^^^|^^^^|^^^^|^^^^|
---------------------------------------------------
|    |    | KT |    |    | K  | K  |    |    | F  |
|~~~~|####|^^^^|^^^^|^^^^|^^^^|^^^^|^^^^|^^^^|^^^^|
---------------------------------------------------
|    |    |    |    |    | P  |    |    | E  | K  |
|####|####|####|####|^^^^|^^^^|^^^^|^^^^|^^^^|~~~~|
---------------------------------------------------
| H  | P  |    |    |    | H  |    |    |    |    |
|....|####|####|####|****|****|^^^^|....|~~~~|~~~~|
---------------------------------------------------
|    | E  | E  | P  |    |    |    | K  |    |    |
|....|^^^^|^^^^|^^^^|****|****|^^^^|....|~~~~|~~~~|
---------------------------------------------------
| H  |    |    |    |    |    |    |    | F  |    |
|....|****|****|****|****|****|####|####|####|~~~~|
---------------------------------------------------
| H  |    | FT |    |    | H  |    | P  |    | K  |
|....|****|****|****|****|****|****|####|####|####|
---------------------------------------------------
| F  | FP | H  | H  |    |    | P  |    |    |    |
|****|****|****|****|****|~~~~|****|****|~~~~|~~~~|
---------------------------------------------------
|    |    |    |    |    |    |    |    |    | F  |
|....|....|****|****|~~~~|~~~~|~~~~|****|****|....|
---------------------------------------------------
|    |    | K  |    |    |    |    |    | K  |    |
|~~~~|....|****|****|****|~~~~|****|****|****|....|
---------------------------------------------------
[2007, 2005, 3002, 7009, 5005, 4008, 3005, 8000, 6003, 9007, 4006, 3000, 9, 2005, 1009, 8009, 2003, 6008, 5000, 1009, 5009, 7008, 5007, 5009, 3004, 6006, 6, 1004, 2000, 2001, 1002, 4003]
[2007, 2005, 3002, 7009, 5005, 4008, 3005, 8000, 6003, 9007, 4006, 3000, 9, 2005, 1009, 8009, 2003, 6008, 5000, 1009, 5009, 7008, 5007, 5009, 3004, 6006, 6, 1004, 2000, 2001, 1002, 4003, 5007]
[2007, 2005, 3002, 7009, 5005, 4008, 3005, 8000, 6003, 9007, 4006, 3000, 9, 2005, 1009, 8009, 2003, 6008, 5000, 1009, 5009, 7008, 5007, 5009, 3004, 6006, 6, 1004, 2000, 2001, 1002, 4003, 5007, 8]
bad
bad
[2007, 2005, 3002, 7009, 5005, 4008, 3005, 8000, 6003, 9007, 4006, 3000, 9, 2005, 1009, 8009, 2003, 6008, 5000, 1009, 5009, 7008, 5007, 5009, 3004, 6006, 6, 1004, 2000, 2001, 1002, 4003, 5007, 8, 9002]
[2007, 2005, 3002, 7009, 5005, 4008, 3005, 8000, 6003, 9007, 4006, 3000, 9, 2005, 1009, 8009, 2003, 6008, 5000, 1009, 5009, 7008, 5007, 5009, 3004, 6006, 6, 1004, 2000, 2001, 1002, 4003, 5007, 8, 9002, 4003]
bad
bad
bad
[2007, 2005, 3002, 7009, 5005, 4008, 3005, 8000, 6003, 9007, 4006, 3000, 9, 2005, 1009, 8009, 2003, 6008, 5000, 1009, 5009, 7008, 5007, 5009, 3004, 6006, 6, 1004, 2000, 2001, 1002, 4003, 5007, 8, 9002, 4003, 4005]
[2007, 2005, 3002, 7009, 5005, 4008, 3005, 8000, 6003, 9007, 4006, 3000, 9, 2005, 1009, 8009, 2003, 6008, 5000, 1009, 5009, 7008, 5007, 5009, 3004, 6006, 6, 1004, 2000, 2001, 1002, 4003, 5007, 8, 9002, 4003, 4005, 6000]
---------------------------------------------------
|    |    |@   |    | H  |    | P  |    |    | F  |
|~~~~|~~~~|....|....|....|~~~~|^^^^|^^^^|^^^^|^^^^|
---------------------------------------------------
|    |    | P  |    | P  | H  |    | H  |    | KK |
|~~~~|####|^^^^|^^^^|^^^^|^^^^|^^^^|^^^^|^^^^|^^^^|
---------------------------------------------------
| P  | P  |    | K  |    | EF |    | E  | H  |    |
|####|####|####|####|^^^^|^^^^|^^^^|^^^^|^^^^|~~~~|
---------------------------------------------------
| F  | H  | E  |    | P  | T  |    |    |    | H  |
|....|####|####|####|****|****|^^^^|....|~~~~|~~~~|
---------------------------------------------------
|    |    |    |    |    |    | F  |    | T  |    |
|....|^^^^|^^^^|^^^^|****|****|^^^^|....|~~~~|~~~~|
---------------------------------------------------
| K  |    |    |    |    | T  |    | K  |    | KK |
|....|****|****|****|****|****|####|####|####|~~~~|
---------------------------------------------------
|    |    |    | F  |    |    | P  |    | K  |    |
|....|****|****|****|****|****|****|####|####|####|
---------------------------------------------------
|    |    |    |    |    |    |    |    | K  | E  |
|****|****|****|****|****|~~~~|****|****|~~~~|~~~~|
---------------------------------------------------
| T  |    |    |    |    |    | H  |    |    | K  |
|....|....|****|****|~~~~|~~~~|~~~~|****|****|....|
---------------------------------------------------
|    |    |    |    |    |    |    | F  |    |    |
|~~~~|....|****|****|****|~~~~|****|****|****|....|
---------------------------------------------------
[8001, 8007, 5005, 1007, 1, 4003, 7004, 3007, 1001, 4007, 3008, 3008, 6004, 6008, 8009, 6, 8008, 3007, 4007, 1009, 8009, 7002, 8004, 7009, 5007, 9004, 4003, 7000, 8008, 7002, 8007, 3001]
[8001, 8007, 5005, 1007, 1, 4003, 7004, 3007, 1001, 4007, 3008, 3008, 6004, 6008, 8009, 6, 8008, 3007, 4007, 1009, 8009, 7002, 8004, 7009, 5007, 9004, 4003, 7000, 8008, 7002, 8007, 3001, 9009]
[8001, 8007, 5005, 1007, 1, 4003, 7004, 3007, 1001, 4007, 3008, 3008, 6004, 6008, 8009, 6, 8008, 3007, 4007, 1009, 8009, 7002, 8004, 7009, 5007, 9004, 4003, 7000, 8008, 7002, 8007, 3001, 9009, 2008]
[8001, 8007, 5005, 1007, 1, 4003, 7004, 3007, 1001, 4007, 3008, 3008, 6004, 6008, 8009, 6, 8008, 3007, 4007, 1009, 8009, 7002, 8004, 7009, 5007, 9004, 4003, 7000, 8008, 7002, 8007, 3001, 9009, 2008, 3]
[8001, 8007, 5005, 1007, 1, 4003, 7004, 3007, 1001, 4007, 3008, 3008, 6004, 6008, 8009, 6, 8008, 3007, 4007, 1009, 8009, 7002, 8004, 7009, 5007, 9004, 4003, 7000, 8008, 7002, 8007, 3001, 9009, 2008, 3, 5001]
[8001, 8007, 5005, 1007, 1, 4003, 7004, 3007, 1001, 4007, 3008, 3008, 6004, 6008, 8009, 6, 8008, 3007, 4007, 1009, 8009, 7002, 8004, 7009, 5007, 9004, 4003, 7000, 8008, 7002, 8007, 3001, 9009, 2008, 3, 5001, 6003]
[8001, 8007, 5005, 1007, 1, 4003, 7004, 3007, 1001, 4007, 3008, 3008, 6004, 6008, 8009, 6, 8008, 3007, 4007, 1009, 8009, 7002, 8004, 7009, 5007, 9004, 4003, 7000, 8008, 7002, 8007, 3001, 9009, 2008, 3, 5001, 6003, 3003]
bad
---------------------------------------------------
|    | T  |@   |    |    |    | K  |    | H  |    |
|~~~~|~~~~|....|....|....|~~~~|^^^^|^^^^|^^^^|^^^^|
---------------------------------------------------
|    | F  |    |    |    |    |    | E  |    | K  |
|~~~~|####|^^^^|^^^^|^^^^|^^^^|^^^^|^^^^|^^^^|^^^^|
---------------------------------------------------
|    |    |    |    |    |    |    |    |    |    |
|####|####|####|####|^^^^|^^^^|^^^^|^^^^|^^^^|~~~~|
---------------------------------------------------
|    |    |    |    |    |    | H  | KT | FF |    |
|....|####|####|####|****|****|^^^^|....|~~~~|~~~~|
---------------------------------------------------
|    |    |    | PT |    |    |    | KF |    |    |
|....|^^^^|^^^^|^^^^|****|****|^^^^|....|~~~~|~~~~|
---------------------------------------------------
|    |    |    | HH |    | E  |    | P  |    |    |
|....|****|****|****|****|****|####|####|####|~~~~|
---------------------------------------------------
|    |    |    |    | F  |    | H  |    | F  |    |
|....|****|****|****|****|****|****|####|####|####|
---------------------------------------------------
| P  |    | KP |    | T  |    |    |    |    | K  |
|****|****|****|****|****|~~~~|****|****|~~~~|~~~~|
---------------------------------------------------
|    | E  |    |    | K  | H  |    | EP | KP | KK |
|....|....|****|****|~~~~|~~~~|~~~~|****|****|....|
---------------------------------------------------
|    |    |    |    | P  |    |    |    | H  |    |
|~~~~|....|****|****|****|~~~~|****|****|****|....|
---------------------------------------------------
[5, 7009, 5007, 8009, 9009, 2006, 5001, 8004, 1005, 3008, 3, 2007, 9005, 5007, 8006, 8007, 8001, 7006, 3004, 7005, 9000, 7007, 8006, 2007, 1, 7000, 5004, 5000, 7005, 8004, 6006, 1002]
bad
[5, 7009, 5007, 8009, 9009, 2006, 5001, 8004, 1005, 3008, 3, 2007, 9005, 5007, 8006, 8007, 8001, 7006, 3004, 7005, 9000, 7007, 8006, 2007, 1, 7000, 5004, 5000, 7005, 8004, 6006, 1002, 5004]
[5, 7009, 5007, 8009, 9009, 2006, 5001, 8004, 1005, 3008, 3, 2007, 9005, 5007, 8006, 8007, 8001, 7006, 3004, 7005, 9000, 7007, 8006, 2007, 1, 7000, 5004, 5000, 7005, 8004, 6006, 1002, 5004, 4008]
bad
[5, 7009, 5007, 8009, 9009, 2006, 5001, 8004, 1005, 3008, 3, 2007, 9005, 5007, 8006, 8007, 8001, 7006, 3004, 7005, 9000, 7007, 8006, 2007, 1, 7000, 5004, 5000, 7005, 8004, 6006, 1002, 5004, 4008, 9008]
[5, 7009, 5007, 8009, 9009, 2006, 5001, 8004, 1005, 3008, 3, 2007, 9005, 5007, 8006, 8007, 8001, 7006, 3004, 7005, 9000, 7007, 8006, 2007, 1, 7000, 5004, 5000, 7005, 8004, 6006, 1002, 5004, 4008, 9008, 8001]
bad
[5, 7009, 5007, 8009, 9009, 2006, 5001, 8004, 1005, 3008, 3, 2007, 9005, 5007, 8006, 8007, 8001, 7006, 3004, 7005, 9000, 7007, 8006, 2007, 1, 7000, 5004, 5000, 7005, 8004, 6006, 1002, 5004, 4008, 9008, 8001, 5002]
[5, 7009, 5007, 8009, 9009, 2006, 5001, 8004, 1005, 3008, 3, 2007, 9005, 5007, 8006, 8007, 8001, 7006, 3004, 7005, 9000, 7007, 8006, 2007, 1, 7000, 5004, 5000, 7005, 8004, 6006, 1002, 5004, 4008, 9008, 8001, 5002, 8009]
bad
---------------------------------------------------
|    | P  |@   | F  |    | E  | H  |    |    |    |
|~~~~|~~~~|....|....|....|~~~~|^^^^|^^^^|^^^^|^^^^|
---------------------------------------------------
|    |    |    |    |    | F  |    |    |    |    |
|~~~~|####|^^^^|^^^^|^^^^|^^^^|^^^^|^^^^|^^^^|^^^^|
---------------------------------------------------
| H  |    |    |    |    |    | T  | FK |    |    |
|####|####|####|####|^^^^|^^^^|^^^^|^^^^|^^^^|~~~~|
---------------------------------------------------
|    |    |    |    | K  |    |    |    | F  |    |
|....|####|####|####|****|****|^^^^|....|~~~~|~~~~|
---------------------------------------------------
|    |    |    |    |    |    |    |    |    |    |
|....|^^^^|^^^^|^^^^|****|****|^^^^|....|~~~~|~~~~|
---------------------------------------------------
| P  | T  |    |    | P  |    | H  | FE |    | H  |
|....|****|****|****|****|****|####|####|####|~~~~|
---------------------------------------------------
|    |    |    |    |    |    | P  |    |    |    |
|....|****|****|****|****|****|****|####|####|####|
---------------------------------------------------
| P  |    |    |    |    | KP | K  | K  | HH | E  |
|****|****|****|****|****|~~~~|****|****|~~~~|~~~~|
---------------------------------------------------
|    | K  |    |    | PT |    | KK | K  |    | E  |
|....|....|****|****|~~~~|~~~~|~~~~|****|****|....|
---------------------------------------------------
| K  | H  |    |    |    | F  |    |    |    | T  |
|~~~~|....|****|****|****|~~~~|****|****|****|....|
---------------------------------------------------
[4009, 3008, 1007, 8005, 8007, 8009, 1005, 1005, 8004, 1008, 9007, 3004, 5006, 6003, 3003, 1003, 2003, 8000, 8009, 8003, 4003, 1000, 2005, 0, 1003, 8006, 3, 1001, 8006, 7000, 9, 8003]
[4009, 3008, 1007, 8005, 8007, 8009, 1005, 1005, 8004, 1008, 9007, 3004, 5006, 6003, 3003, 1003, 2003, 8000, 8009, 8003, 4003, 1000, 2005, 0, 1003, 8006, 3, 1001, 8006, 7000, 9, 8003, 8001]
[4009, 3008, 1007, 8005, 8007, 8009, 1005, 1005, 8004, 1008, 9007, 3004, 5006, 6003, 3003, 1003, 2003, 8000, 8009, 8003, 4003, 1000, 2005, 0, 1003, 8006, 3, 1001, 8006, 7000, 9, 8003, 8001, 8001]
[4009, 3008, 1007, 8005, 8007, 8009, 1005, 1005, 8004, 1008, 9007, 3004, 5006, 6003, 3003, 1003, 2003, 8000, 8009, 8003, 4003, 1000, 2005, 0, 1003, 8006, 3, 1001, 8006, 7000, 9, 8003, 8001, 8001, 2000]
[4009, 3008, 1007, 8005, 8007, 8009, 1005, 1005, 8004, 1008, 9007, 3004, 5006, 6003, 3003, 1003, 2003, 8000, 8009, 8003, 4003, 1000, 2005, 0, 1003, 8006, 3, 1001, 8006, 7000, 9, 8003, 8001, 8001, 2000, 3009]
[4009, 3008, 1007, 8005, 8007, 8009, 1005, 1005, 8004, 1008, 9007, 3004, 5006, 6003, 3003, 1003, 2003, 8000, 8009, 8003, 4003, 1000, 2005, 0, 1003, 8006, 3, 1001, 8006, 7000, 9, 8003, 8001, 8001, 2000, 3009, 1001]
[4009, 3008, 1007, 8005, 8007, 8009, 1005, 1005, 8004, 1008, 9007, 3004, 5006, 6003, 3003, 1003, 2003, 8000, 8009, 8003, 4003, 1000, 2005, 0, 1003, 8006, 3, 1001, 8006, 7000, 9, 8003, 8001, 8001, 2000, 3009, 1001, 3007]
---------------------------------------------------
| K  |    |@   | P  |    |    | H  | H  |    | P  |
|~~~~|~~~~|....|....|....|~~~~|^^^^|^^^^|^^^^|^^^^|
---------------------------------------------------
| K  | P  |    | PK |    | TT |    | E  | F  |    |
|~~~~|####|^^^^|^^^^|^^^^|^^^^|^^^^|^^^^|^^^^|^^^^|
---------------------------------------------------
|    |    |    | K  |    | K  |    |    |    |    |
|####|####|####|####|^^^^|^^^^|^^^^|^^^^|^^^^|~~~~|
---------------------------------------------------
|    |    |    | K  | F  |    |    |    | E  |    |
|....|####|####|####|****|****|^^^^|....|~~~~|~~~~|
---------------------------------------------------
|    |    |    | K  |    |    |    |    |    | E  |
|....|^^^^|^^^^|^^^^|****|****|^^^^|....|~~~~|~~~~|
---------------------------------------------------
|    |    |    | H  |    | H  | F  | H  | H  |    |
|....|****|****|****|****|****|####|####|####|~~~~|
---------------------------------------------------
|    |    |    | F  |    |    |    |    |    |    |
|....|****|****|****|****|****|****|####|####|####|
---------------------------------------------------
| P  |    |    |    |    |    | H  |    |    |    |
|****|****|****|****|****|~~~~|****|****|~~~~|~~~~|
---------------------------------------------------
| K  |    |    | K  | F  | E  | PP | T  |    | TK |
|....|....|****|****|~~~~|~~~~|~~~~|****|****|....|
---------------------------------------------------
|    |    |    |    |    |    |    | F  |    |    |
|~~~~|....|****|****|****|~~~~|****|****|****|....|
---------------------------------------------------
[9006, 8004, 2008, 5008, 7007, 5, 7004, 6000, 2006, 5002, 1004, 1000, 9, 6000, 7004, 8004, 2001, 8002, 3006, 9008, 2007, 8006, 5003, 7009, 4, 4, 7006, 5006, 3004, 6, 3001, 7008]
[9006, 8004, 2008, 5008, 7007, 5, 7004, 6000, 2006, 5002, 1004, 1000, 9, 6000, 7004, 8004, 2001, 8002, 3006, 9008, 2007, 8006, 5003, 7009, 4, 4, 7006, 5006, 3004, 6, 3001, 7008, 5005]
[9006, 8004, 2008, 5008, 7007, 5, 7004, 6000, 2006, 5002, 1004, 1000, 9, 6000, 7004, 8004, 2001, 8002, 3006, 9008, 2007, 8006, 5003, 7009, 4, 4, 7006, 5006, 3004, 6, 3001, 7008, 5005, 7008]
[9006, 8004, 2008, 5008, 7007, 5, 7004, 6000, 2006, 5002, 1004, 1000, 9, 6000, 7004, 8004, 2001, 8002, 3006, 9008, 2007, 8006, 5003, 7009, 4, 4, 7006, 5006, 3004, 6, 3001, 7008, 5005, 7008, 5004]
[9006, 8004, 2008, 5008, 7007, 5, 7004, 6000, 2006, 5002, 1004, 1000, 9, 6000, 7004, 8004, 2001, 8002, 3006, 9008, 2007, 8006, 5003, 7009, 4, 4, 7006, 5006, 3004, 6, 3001, 7008, 5005, 7008, 5004, 2006]
bad
bad
[9006, 8004, 2008, 5008, 7007, 5, 7004, 6000, 2006, 5002, 1004, 1000, 9, 6000, 7004, 8004, 2001, 8002, 3006, 9008, 2007, 8006, 5003, 7009, 4, 4, 7006, 5006, 3004, 6, 3001, 7008, 5005, 7008, 5004, 2006, 2009]
[9006, 8004, 2008, 5008, 7007, 5, 7004, 6000, 2006, 5002, 1004, 1000, 9, 6000, 7004, 8004, 2001, 8002, 3006, 9008, 2007, 8006, 5003, 7009, 4, 4, 7006, 5006, 3004, 6, 3001, 7008, 5005, 7008, 5004, 2006, 2009, 4008]
bad
---------------------------------------------------
|    |    |@   |    | PP | T  | P  |    |    | F  |
|~~~~|~~~~|....|....|....|~~~~|^^^^|^^^^|^^^^|^^^^|
---------------------------------------------------
| F  |    |    | H  | F  |    |    |    |    |    |
|~~~~|####|^^^^|^^^^|^^^^|^^^^|^^^^|^^^^|^^^^|^^^^|
---------------------------------------------------
|    | K  | HH |    |    |    | F  | K  | E  |    |
|####|####|####|####|^^^^|^^^^|^^^^|^^^^|^^^^|~~~~|
---------------------------------------------------
|    | P  |    | H  | P  |    | K  |    |    |    |
|....|####|####|####|****|****|^^^^|....|~~~~|~~~~|
---------------------------------------------------
|    |    |    |    |    |    |    |    |    |    |
|....|^^^^|^^^^|^^^^|****|****|^^^^|....|~~~~|~~~~|
---------------------------------------------------
|    |    | F  | K  |    |    | P  |    | E  |    |
|....|****|****|****|****|****|####|####|####|~~~~|
---------------------------------------------------
| FT |    |    |    |    | H  |    |    |    |    |
|....|****|****|****|****|****|****|####|####|####|
---------------------------------------------------
| H  |    |    |    | TK |    | P  | T  |    | K  |
|****|****|****|****|****|~~~~|****|****|~~~~|~~~~|
---------------------------------------------------
|    |    | K  |    | EK |    | K  |    |    |    |
|....|....|****|****|~~~~|~~~~|~~~~|****|****|....|
---------------------------------------------------
|    |    | H  |    |    |    | E  |    | K  |    |
|~~~~|....|****|****|****|~~~~|****|****|****|....|
---------------------------------------------------
[3002, 1005, 6001, 7005, 5008, 5008, 7000, 3001, 7, 5001, 4008, 8008, 7001, 5000, 2003, 7001, 7002, 7006, 8003, 5009, 6005, 4, 6001, 1002, 4007, 6001, 7005, 6001, 3005, 3, 1009, 8004]
bad
[3002, 1005, 6001, 7005, 5008, 5008, 7000, 3001, 7, 5001, 4008, 8008, 7001, 5000, 2003, 7001, 7002, 7006, 8003, 5009, 6005, 4, 6001, 1002, 4007, 6001, 7005, 6001, 3005, 3, 1009, 8004, 9002]
[3002, 1005, 6001, 7005, 5008, 5008, 7000, 3001, 7, 5001, 4008, 8008, 7001, 5000, 2003, 7001, 7002, 7006, 8003, 5009, 6005, 4, 6001, 1002, 4007, 6001, 7005, 6001, 3005, 3, 1009, 8004, 9002, 1006]
[3002, 1005, 6001, 7005, 5008, 5008, 7000, 3001, 7, 5001, 4008, 8008, 7001, 5000, 2003, 7001, 7002, 7006, 8003, 5009, 6005, 4, 6001, 1002, 4007, 6001, 7005, 6001, 3005, 3, 1009, 8004, 9002, 1006, 8007]
[3002, 1005, 6001, 7005, 5008, 5008, 7000, 3001, 7, 5001, 4008, 8008, 7001, 5000, 2003, 7001, 7002, 7006, 8003, 5009, 6005, 4, 6001, 1002, 4007, 6001, 7005, 6001, 3005, 3, 1009, 8004, 9002, 1006, 8007, 3003]
bad
bad
bad
[3002, 1005, 6001, 7005, 5008, 5008, 7000, 3001, 7, 5001, 4008, 8008, 7001, 5000, 2003, 7001, 7002, 7006, 8003, 5009, 6005, 4, 6001, 1002, 4007, 6001, 7005, 6001, 3005, 3, 1009, 8004, 9002, 1006, 8007, 3003, 3002]
[3002, 1005, 6001, 7005, 5008, 5008, 7000, 3001, 7, 5001, 4008, 8008, 7001, 5000, 2003, 7001, 7002, 7006, 8003, 5009, 6005, 4, 6001, 1002, 4007, 6001, 7005, 6001, 3005, 3, 1009, 8004, 9002, 1006, 8007, 3003, 3002, 2006]
---------------------------------------------------
|    |    |@H  | P  | K  |    |    | F  | H  |    |
|~~~~|~~~~|....|....|....|~~~~|^^^^|^^^^|^^^^|^^^^|
---------------------------------------------------
|    |    | K  |    |    | E  |    |    |    | P  |
|~~~~|####|^^^^|^^^^|^^^^|^^^^|^^^^|^^^^|^^^^|^^^^|
---------------------------------------------------
|    | H  |    | K  |    |    |    |    |    | H  |
|####|####|####|####|^^^^|^^^^|^^^^|^^^^|^^^^|~~~~|
---------------------------------------------------
|    | T  | E  |    |    | P  |    |    |    |    |
|....|####|####|####|****|****|^^^^|....|~~~~|~~~~|
---------------------------------------------------
|    |    |    |    |    |    |    | P  | F  |    |
|....|^^^^|^^^^|^^^^|****|****|^^^^|....|~~~~|~~~~|
---------------------------------------------------
| F  | F  | H  |    |    |    |    |    | TT | K  |
|....|****|****|****|****|****|####|####|####|~~~~|
---------------------------------------------------
|    | EKP|    |    |    | K  |    |    |    |    |
|....|****|****|****|****|****|****|####|####|####|
---------------------------------------------------
| T  | FK | K  |    |    | EP | K  |    |    |    |
|****|****|****|****|****|~~~~|****|****|~~~~|~~~~|
---------------------------------------------------
|    |    |    | K  |    |    | H  |    | F  | H  |
|....|....|****|****|~~~~|~~~~|~~~~|****|****|....|
---------------------------------------------------
|    |    |    |    |    |    |    |    |    |    |
|~~~~|....|****|****|****|~~~~|****|****|****|....|
---------------------------------------------------
[3000, 6, 4, 7006, 1009, 3, 7003, 8005, 3001, 6001, 7002, 1000, 7, 3004, 1001, 1000, 1009, 6, 4007, 5003, 7004, 9007, 2005, 1001, 5005, 1000, 1009, 9004, 7, 1004, 9004, 8009]
[3000, 6, 4, 7006, 1009, 3, 7003, 8005, 3001, 6001, 7002, 1000, 7, 3004, 1001, 1000, 1009, 6, 4007, 5003, 7004, 9007, 2005, 1001, 5005, 1000, 1009, 9004, 7, 1004, 9004, 8009, 8002]
[3000, 6, 4, 7006, 1009, 3, 7003, 8005, 3001, 6001, 7002, 1000, 7, 3004, 1001, 1000, 1009, 6, 4007, 5003, 7004, 9007, 2005, 1001, 5005, 1000, 1009, 9004, 7, 1004, 9004, 8009, 8002, 5003]
bad
[3000, 6, 4, 7006, 1009, 3, 7003, 8005, 3001, 6001, 7002, 1000, 7, 3004, 1001, 1000, 1009, 6, 4007, 5003, 7004, 9007, 2005, 1001, 5005, 1000, 1009, 9004, 7, 1004, 9004, 8009, 8002, 5003, 6007]
bad
[3000, 6, 4, 7006, 1009, 3, 7003, 8005, 3001, 6001, 7002, 1000, 7, 3004, 1001, 1000, 1009, 6, 4007, 5003, 7004, 9007, 2005, 1001, 5005, 1000, 1009, 9004, 7, 1004, 9004, 8009, 8002, 5003, 6007, 6006]
[3000, 6, 4, 7006, 1009, 3, 7003, 8005, 3001, 6001, 7002, 1000, 7, 3004, 1001, 1000, 1009, 6, 4007, 5003, 7004, 9007, 2005, 1001, 5005, 1000, 1009, 9004, 7, 1004, 9004, 8009, 8002, 5003, 6007, 6006, 4006]
bad
bad
[3000, 6, 4, 7006, 1009, 3, 7003, 8005, 3001, 6001, 7002, 1000, 7, 3004, 1001, 1000, 1009, 6, 4007, 5003, 7004, 9007, 2005, 1001, 5005, 1000, 1009, 9004, 7, 1004, 9004, 8009, 8002, 5003, 6007, 6006, 4006, 1000]
bad
---------------------------------------------------
| H  | H  |@   | T  | E  |    | KE | FP | H  |    |
|~~~~|~~~~|....|....|....|~~~~|^^^^|^^^^|^^^^|^^^^|
---------------------------------------------------
| KFP| KK |    |    | P  |    |    |    |    | TKP|
|~~~~|####|^^^^|^^^^|^^^^|^^^^|^^^^|^^^^|^^^^|^^^^|
---------------------------------------------------
|    |    |    |    |    | K  |    |    |    |    |
|####|####|####|####|^^^^|^^^^|^^^^|^^^^|^^^^|~~~~|
---------------------------------------------------
| E  | F  |    |    | F  |    |    |    |    |    |
|....|####|####|####|****|****|^^^^|....|~~~~|~~~~|
---------------------------------------------------
|    |    |    |    |    |    |    | K  |    |    |
|....|^^^^|^^^^|^^^^|****|****|^^^^|....|~~~~|~~~~|
---------------------------------------------------
|    |    |    | K  |    | P  |    |    |    |    |
|....|****|****|****|****|****|####|####|####|~~~~|
---------------------------------------------------
|    | F  |    |    |    | H  |    |    |    |    |
|....|****|****|****|****|****|****|####|####|####|
---------------------------------------------------
|    | H  | F  | T  | K  |    | E  |    |    |    |
|****|****|****|****|****|~~~~|****|****|~~~~|~~~~|
---------------------------------------------------
|    |    |    |    |    | T  |    |    |    |    |
|....|....|****|****|~~~~|~~~~|~~~~|****|****|....|
---------------------------------------------------
|    |    |    |    | PP | H  |    | K  | H  |    |
|~~~~|....|****|****|****|~~~~|****|****|****|....|
---------------------------------------------------
[4006, 2004, 7001, 3005, 9002, 3005, 2, 6008, 4007, 8005, 5001, 3006, 2001, 2002, 8007, 1000, 8007, 9006, 7001, 4008, 9006, 4006, 5004, 3001, 5007, 1002, 5009, 8009, 8004, 9002, 8007, 4003]
[4006, 2004, 7001, 3005, 9002, 3005, 2, 6008, 4007, 8005, 5001, 3006, 2001, 2002, 8007, 1000, 8007, 9006, 7001, 4008, 9006, 4006, 5004, 3001, 5007, 1002, 5009, 8009, 8004, 9002, 8007, 4003, 4000]
[4006, 2004, 7001, 3005, 9002, 3005, 2, 6008, 4007, 8005, 5001, 3006, 2001, 2002, 8007, 1000, 8007, 9006, 7001, 4008, 9006, 4006, 5004, 3001, 5007, 1002, 5009, 8009, 8004, 9002, 8007, 4003, 4000, 4000]
[4006, 2004, 7001, 3005, 9002, 3005, 2, 6008, 4007, 8005, 5001, 3006, 2001, 2002, 8007, 1000, 8007, 9006, 7001, 4008, 9006, 4006, 5004, 3001, 5007, 1002, 5009, 8009, 8004, 9002, 8007, 4003, 4000, 4000, 5003]
bad
bad
bad
[4006, 2004, 7001, 3005, 9002, 3005, 2, 6008, 4007, 8005, 5001, 3006, 2001, 2002, 8007, 1000, 8007, 9006, 7001, 4008, 9006, 4006, 5004, 3001, 5007, 1002, 5009, 8009, 8004, 9002, 8007, 4003, 4000, 4000, 5003, 2003]
[4006, 2004, 7001, 3005, 9002, 3005, 2, 6008, 4007, 8005, 5001, 3006, 2001, 2002, 8007, 1000, 8007, 9006, 7001, 4008, 9006, 4006, 5004, 3001, 5007, 1002, 5009, 8009, 8004, 9002, 8007, 4003, 4000, 4000, 5003, 2003, 3001]
bad
[4006, 2004, 7001, 3005, 9002, 3005, 2, 6008, 4007, 8005, 5001, 3006, 2001, 2002, 8007, 1000, 8007, 9006, 7001, 4008, 9006, 4006, 5004, 3001, 5007, 1002, 5009, 8009, 8004, 9002, 8007, 4003, 4000, 4000, 5003, 2003, 3001, 6005]
bad
---------------------------------------------------
|    |    |@T  |    |    |    |    | H  | H  | H  |
|~~~~|~~~~|....|....|....|~~~~|^^^^|^^^^|^^^^|^^^^|
---------------------------------------------------
| K  | H  | P  |    |    |    |    | H  |    |    |
|~~~~|####|^^^^|^^^^|^^^^|^^^^|^^^^|^^^^|^^^^|^^^^|
---------------------------------------------------
|    | F  | F  |    | E  |    |    |    |    |    |
|####|####|####|####|^^^^|^^^^|^^^^|^^^^|^^^^|~~~~|
---------------------------------------------------
|    | K  |    |    |    | ET | F  |    |    |    |
|....|####|####|####|****|****|^^^^|....|~~~~|~~~~|
---------------------------------------------------
|    |    |    |    |    |    | KE | F  | K  |    |
|....|^^^^|^^^^|^^^^|****|****|^^^^|....|~~~~|~~~~|
---------------------------------------------------
|    | F  |    |    | K  | H  |    | P  |    | P  |
|....|****|****|****|****|****|####|####|####|~~~~|
---------------------------------------------------
|    |    |    |    |    |    |    |    | T  |    |
|....|****|****|****|****|****|****|####|####|####|
---------------------------------------------------
|    | KE |    |    |    |    |    |    | H  |    |
|****|****|****|****|****|~~~~|****|****|~~~~|~~~~|
---------------------------------------------------
|    |    |    |    | P  | F  |    | PKK|    | P  |
|....|....|****|****|~~~~|~~~~|~~~~|****|****|....|
---------------------------------------------------
|    |    | TP |    |    |    | KK |    |    |    |
|~~~~|....|****|****|****|~~~~|****|****|****|....|
---------------------------------------------------
[7009, 3004, 8009, 0, 8007, 1008, 5006, 6000, 5009, 2008, 3001, 9004, 8007, 1007, 1005, 0, 1000, 8002, 1006, 3000, 9008, 6004, 8000, 2009, 5009, 5003, 5, 5003, 8008, 9009, 6009, 6003]
[7009, 3004, 8009, 0, 8007, 1008, 5006, 6000, 5009, 2008, 3001, 9004, 8007, 1007, 1005, 0, 1000, 8002, 1006, 3000, 9008, 6004, 8000, 2009, 5009, 5003, 5, 5003, 8008, 9009, 6009, 6003, 2000]
[7009, 3004, 8009, 0, 8007, 1008, 5006, 6000, 5009, 2008, 3001, 9004, 8007, 1007, 1005, 0, 1000, 8002, 1006, 3000, 9008, 6004, 8000, 2009, 5009, 5003, 5, 5003, 8008, 9009, 6009, 6003, 2000, 2003]
[7009, 3004, 8009, 0, 8007, 1008, 5006, 6000, 5009, 2008, 3001, 9004, 8007, 1007, 1005, 0, 1000, 8002, 1006, 3000, 9008, 6004, 8000, 2009, 5009, 5003, 5, 5003, 8008, 9009, 6009, 6003, 2000, 2003, 1002]
bad
[7009, 3004, 8009, 0, 8007, 1008, 5006, 6000, 5009, 2008, 3001, 9004, 8007, 1007, 1005, 0, 1000, 8002, 1006, 3000, 9008, 6004, 8000, 2009, 5009, 5003, 5, 5003, 8008, 9009, 6009, 6003, 2000, 2003, 1002, 8]
bad
[7009, 3004, 8009, 0, 8007, 1008, 5006, 6000, 5009, 2008, 3001, 9004, 8007, 1007, 1005, 0, 1000, 8002, 1006, 3000, 9008, 6004, 8000, 2009, 5009, 5003, 5, 5003, 8008, 9009, 6009, 6003, 2000, 2003, 1002, 8, 6002]
[7009, 3004, 8009, 0, 8007, 1008, 5006, 6000, 5009, 2008, 3001, 9004, 8007, 1007, 1005, 0, 1000, 8002, 1006, 3000, 9008, 6004, 8000, 2009, 5009, 5003, 5, 5003, 8008, 9009, 6009, 6003, 2000, 2003, 1002, 8, 6002, 8007]
---------------------------------------------------
| KE |    |@   |    |    | P  |    |    |    |    |
|~~~~|~~~~|....|....|....|~~~~|^^^^|^^^^|^^^^|^^^^|
---------------------------------------------------
| K  |    |    |    |    | K  | K  | F  | T  |    |
|~~~~|####|^^^^|^^^^|^^^^|^^^^|^^^^|^^^^|^^^^|^^^^|
---------------------------------------------------
|    |    |    |    | H  |    |    |    | F  | K  |
|####|####|####|####|^^^^|^^^^|^^^^|^^^^|^^^^|~~~~|
---------------------------------------------------
| K  | F  |    |    | E  |    |    |    |    |    |
|....|####|####|####|****|****|^^^^|....|~~~~|~~~~|
---------------------------------------------------
|    |    |    |    |    | H  |    | H  |    | H  |
|....|^^^^|^^^^|^^^^|****|****|^^^^|....|~~~~|~~~~|
---------------------------------------------------
|    |    |    | PP |    |    | T  |    |    | FP |
|....|****|****|****|****|****|####|####|####|~~~~|
---------------------------------------------------
| T  |    |    |    | K  |    |    |    |    | P  |
|....|****|****|****|****|****|****|####|####|####|
---------------------------------------------------
|    | H  |    |    |    |    |    |    |    | E  |
|****|****|****|****|****|~~~~|****|****|~~~~|~~~~|
---------------------------------------------------
| K  |    | K  |    |    |    |    | TF | P  | E  |
|....|....|****|****|~~~~|~~~~|~~~~|****|****|....|
---------------------------------------------------
|    | H  |    |    | F  |    | H  |    | K  | P  |
|~~~~|....|****|****|****|~~~~|****|****|****|....|
---------------------------------------------------
[7000, 5009, 4009, 3, 6005, 3001, 5003, 9000, 8009, 5000, 4009, 5008, 9009, 6007, 6006, 6000, 4, 2009, 4009, 9004, 2005, 1002, 1009, 9000, 1, 1, 3006, 4, 9005, 7006, 2004, 1000]
[7000, 5009, 4009, 3, 6005, 3001, 5003, 9000, 8009, 5000, 4009, 5008, 9009, 6007, 6006, 6000, 4, 2009, 4009, 9004, 2005, 1002, 1009, 9000, 1, 1, 3006, 4, 9005, 7006, 2004, 1000, 6008]
[7000, 5009, 4009, 3, 6005, 3001, 5003, 9000, 8009, 5000, 4009, 5008, 9009, 6007, 6006, 6000, 4, 2009, 4009, 9004, 2005, 1002, 1009, 9000, 1, 1, 3006, 4, 9005, 7006, 2004, 1000, 6008, 8009]
bad
[7000, 5009, 4009, 3, 6005, 3001, 5003, 9000, 8009, 5000, 4009, 5008, 9009, 6007, 6006, 6000, 4, 2009, 4009, 9004, 2005, 1002, 1009, 9000, 1, 1, 3006, 4, 9005, 7006, 2004, 1000, 6008, 8009, 7005]
bad
[7000, 5009, 4009, 3, 6005, 3001, 5003, 9000, 8009, 5000, 4009, 5008, 9009, 6007, 6006, 6000, 4, 2009, 4009, 9004, 2005, 1002, 1009, 9000, 1, 1, 3006, 4, 9005, 7006, 2004, 1000, 6008, 8009, 7005, 7009]
bad
bad
bad
[7000, 5009, 4009, 3, 6005, 3001, 5003, 9000, 8009, 5000, 4009, 5008, 9009, 6007, 6006, 6000, 4, 2009, 4009, 9004, 2005, 1002, 1009, 9000, 1, 1, 3006, 4, 9005, 7006, 2004, 1000, 6008, 8009, 7005, 7009, 5]
bad
[7000, 5009, 4009, 3, 6005, 3001, 5003, 9000, 8009, 5000, 4009, 5008, 9009, 6007, 6006, 6000, 4, 2009, 4009, 9004, 2005, 1002, 1009, 9000, 1, 1, 3006, 4, 9005, 7006, 2004, 1000, 6008, 8009, 7005, 7009, 5, 1]
bad
---------------------------------------------------
|    | PP |@   | E  | PK |    |    |    | H  |    |
|~~~~|~~~~|....|....|....|~~~~|^^^^|^^^^|^^^^|^^^^|
---------------------------------------------------
|    |    | K  |    |    |    |    |    |    | K  |
|~~~~|####|^^^^|^^^^|^^^^|^^^^|^^^^|^^^^|^^^^|^^^^|
---------------------------------------------------
|    |    |    |    | P  | K  |    |    |    | K  |
|####|####|####|####|^^^^|^^^^|^^^^|^^^^|^^^^|~~~~|
---------------------------------------------------
|    | T  |    |    |    |    | P  |    |    |    |
|....|####|####|####|****|****|^^^^|....|~~~~|~~~~|
---------------------------------------------------
|    |    |    |    |    | H  |    |    |    | KFE|
|....|^^^^|^^^^|^^^^|****|****|^^^^|....|~~~~|~~~~|
---------------------------------------------------
| F  |    | H  | T  | H  |    |    |    | F  | E  |
|....|****|****|****|****|****|####|####|####|~~~~|
---------------------------------------------------
| K  |    |    |    |    | T  | K  | F  |    |    |
|....|****|****|****|****|****|****|####|####|####|
---------------------------------------------------
| E  |    | H  |    |    |    | P  |    |    |    |
|****|****|****|****|****|~~~~|****|****|~~~~|~~~~|
---------------------------------------------------
|    | H  |    |    |    |    |    |    |    | F  |
|....|....|****|****|~~~~|~~~~|~~~~|****|****|....|
---------------------------------------------------
| KT |    |    |    | K  | P  |    | H  |    | F  |
|~~~~|....|****|****|****|~~~~|****|****|****|....|
---------------------------------------------------
[8007, 5, 4002, 8009, 2000, 1008, 4, 8003, 9003, 5008, 7009, 3003, 9008, 3001, 7004, 2007, 4002, 2006, 0, 5002, 2000, 3002, 8005, 4001, 5, 5004, 4004, 7000, 4007, 4000, 5006, 3007]
[8007, 5, 4002, 8009, 2000, 1008, 4, 8003, 9003, 5008, 7009, 3003, 9008, 3001, 7004, 2007, 4002, 2006, 0, 5002, 2000, 3002, 8005, 4001, 5, 5004, 4004, 7000, 4007, 4000, 5006, 3007, 3009]
[8007, 5, 4002, 8009, 2000, 1008, 4, 8003, 9003, 5008, 7009, 3003, 9008, 3001, 7004, 2007, 4002, 2006, 0, 5002, 2000, 3002, 8005, 4001, 5, 5004, 4004, 7000, 4007, 4000, 5006, 3007, 3009, 6002]
bad
bad
[8007, 5, 4002, 8009, 2000, 1008, 4, 8003, 9003, 5008, 7009, 3003, 9008, 3001, 7004, 2007, 4002, 2006, 0, 5002, 2000, 3002, 8005, 4001, 5, 5004, 4004, 7000, 4007, 4000, 5006, 3007, 3009, 6002, 3007]
[8007, 5, 4002, 8009, 2000, 1008, 4, 8003, 9003, 5008, 7009, 3003, 9008, 3001, 7004, 2007, 4002, 2006, 0, 5002, 2000, 3002, 8005, 4001, 5, 5004, 4004, 7000, 4007, 4000, 5006, 3007, 3009, 6002, 3007, 7005]
bad
[8007, 5, 4002, 8009, 2000, 1008, 4, 8003, 9003, 5008, 7009, 3003, 9008, 3001, 7004, 2007, 4002, 2006, 0, 5002, 2000, 3002, 8005, 4001, 5, 5004, 4004, 7000, 4007, 4000, 5006, 3007, 3009, 6002, 3007, 7005, 3]
[8007, 5, 4002, 8009, 2000, 1008, 4, 8003, 9003, 5008, 7009, 3003, 9008, 3001, 7004, 2007, 4002, 2006, 0, 5002, 2000, 3002, 8005, 4001, 5, 5004, 4004, 7000, 4007, 4000, 5006, 3007, 3009, 6002, 3007, 7005, 3, 8005]
---------------------------------------------------
| K  |    |@   |    | T  | PE | H  |    |    |    |
|~~~~|~~~~|....|....|....|~~~~|^^^^|^^^^|^^^^|^^^^|
---------------------------------------------------
|    | H  |    |    | H  |    |    | H  | T  |    |
|~~~~|####|^^^^|^^^^|^^^^|^^^^|^^^^|^^^^|^^^^|^^^^|
---------------------------------------------------
| TK |    |    |    |    |    | K  | K  |    |    |
|####|####|####|####|^^^^|^^^^|^^^^|^^^^|^^^^|~~~~|
---------------------------------------------------
|    | F  | K  | F  |    |    |    |    |    |    |
|....|####|####|####|****|****|^^^^|....|~~~~|~~~~|
---------------------------------------------------
| P  | K  | EK |    | P  |    |    | P  |    |    |
|....|^^^^|^^^^|^^^^|****|****|^^^^|....|~~~~|~~~~|
---------------------------------------------------
|    |    | K  |    | P  |    | P  |    | F  | H  |
|....|****|****|****|****|****|####|####|####|~~~~|
---------------------------------------------------
|    |    |    |    | H  |    |    |    |    |    |
|....|****|****|****|****|****|****|####|####|####|
---------------------------------------------------
| P  |    |    |    | K  |    |    |    | H  | F  |
|****|****|****|****|****|~~~~|****|****|~~~~|~~~~|
---------------------------------------------------
|    |    |    | T  |    | K  |    | E  |    | E  |
|....|....|****|****|~~~~|~~~~|~~~~|****|****|....|
---------------------------------------------------
|    |    |    | F  |    |    |    |    | F  |    |
|~~~~|....|****|****|****|~~~~|****|****|****|....|
---------------------------------------------------
[4000, 7001, 2007, 0, 3003, 9009, 2003, 1, 1001, 8, 5002, 1006, 5005, 2001, 5003, 4000, 9, 8004, 4002, 2009, 4009, 4, 7001, 1009, 2005, 7005, 4007, 4006, 1004, 9, 3007, 9000]
[4000, 7001, 2007, 0, 3003, 9009, 2003, 1, 1001, 8, 5002, 1006, 5005, 2001, 5003, 4000, 9, 8004, 4002, 2009, 4009, 4, 7001, 1009, 2005, 7005, 4007, 4006, 1004, 9, 3007, 9000, 5007]
[4000, 7001, 2007, 0, 3003, 9009, 2003, 1, 1001, 8, 5002, 1006, 5005, 2001, 5003, 4000, 9, 8004, 4002, 2009, 4009, 4, 7001, 1009, 2005, 7005, 4007, 4006, 1004, 9, 3007, 9000, 5007, 3]
bad
bad
[4000, 7001, 2007, 0, 3003, 9009, 2003, 1, 1001, 8, 5002, 1006, 5005, 2001, 5003, 4000, 9, 8004, 4002, 2009, 4009, 4, 7001, 1009, 2005, 7005, 4007, 4006, 1004, 9, 3007, 9000, 5007, 3, 6006]
[4000, 7001, 2007, 0, 3003, 9009, 2003, 1, 1001, 8, 5002, 1006, 5005, 2001, 5003, 4000, 9, 8004, 4002, 2009, 4009, 4, 7001, 1009, 2005, 7005, 4007, 4006, 1004, 9, 3007, 9000, 5007, 3, 6006, 5002]
[4000, 7001, 2007, 0, 3003, 9009, 2003, 1, 1001, 8, 5002, 1006, 5005, 2001, 5003, 4000, 9, 8004, 4002, 2009, 4009, 4, 7001, 1009, 2005, 7005, 4007, 4006, 1004, 9, 3007, 9000, 5007, 3, 6006, 5002, 3008]
bad
bad
bad
bad
[4000, 7001, 2007, 0, 3003, 9009, 2003, 1, 1001, 8, 5002, 1006, 5005, 2001, 5003, 4000, 9, 8004, 4002, 2009, 4009, 4, 7001, 1009, 2005, 7005, 4007, 4006, 1004, 9, 3007, 9000, 5007, 3, 6006, 5002, 3008, 3000]
---------------------------------------------------
| E  | T  |@   |    | K  |    |    |    | F  | PK |
|~~~~|~~~~|....|....|....|~~~~|^^^^|^^^^|^^^^|^^^^|
---------------------------------------------------
|    | F  |    |    | P  |    | F  |    |    | K  |
|~~~~|####|^^^^|^^^^|^^^^|^^^^|^^^^|^^^^|^^^^|^^^^|
---------------------------------------------------
|    | F  |    | T  |    | P  |    | E  |    | K  |
|####|####|####|####|^^^^|^^^^|^^^^|^^^^|^^^^|~~~~|
---------------------------------------------------
|    |    |    | T  |    |    |    | P  |    | H  |
|....|####|####|####|****|****|^^^^|....|~~~~|~~~~|
---------------------------------------------------
| KE |    | K  |    |    |    | P  | P  |    | K  |
|....|^^^^|^^^^|^^^^|****|****|^^^^|....|~~~~|~~~~|
---------------------------------------------------
|    |    | F  | K  |    | F  |    |    |    |    |
|....|****|****|****|****|****|####|####|####|~~~~|
---------------------------------------------------
|    |    | H  |    |    |    |    |    |    |    |
|....|****|****|****|****|****|****|####|####|####|
---------------------------------------------------
| HH | EK |    |    |    | P  |    |    |    |    |
|****|****|****|****|****|~~~~|****|****|~~~~|~~~~|
---------------------------------------------------
| H  |    |    |    | K  |    | H  |    |    |    |
|....|....|****|****|~~~~|~~~~|~~~~|****|****|....|
---------------------------------------------------
|    |    |    |    |    |    | H  |    |    | T  |
|~~~~|....|****|****|****|~~~~|****|****|****|....|
---------------------------------------------------
[8006, 3002, 6, 1002, 6005, 2, 2, 0, 4002, 8004, 7005, 7, 2, 3008, 6002, 6001, 4008, 0, 2000, 5006, 3000, 2006, 6000, 8, 7001, 1002, 2000, 4006, 3002, 1009, 5000, 3007]
[8006, 3002, 6, 1002, 6005, 2, 2, 0, 4002, 8004, 7005, 7, 2, 3008, 6002, 6001, 4008, 0, 2000, 5006, 3000, 2006, 6000, 8, 7001, 1002, 2000, 4006, 3002, 1009, 5000, 3007, 7006]
[8006, 3002, 6, 1002, 6005, 2, 2, 0, 4002, 8004, 7005, 7, 2, 3008, 6002, 6001, 4008, 0, 2000, 5006, 3000, 2006, 6000, 8, 7001, 1002, 2000, 4006, 3002, 1009, 5000, 3007, 7006, 2003]
bad
bad
[8006, 3002, 6, 1002, 6005, 2, 2, 0, 4002, 8004, 7005, 7, 2, 3008, 6002, 6001, 4008, 0, 2000, 5006, 3000, 2006, 6000, 8, 7001, 1002, 2000, 4006, 3002, 1009, 5000, 3007, 7006, 2003, 3002]
bad
[8006, 3002, 6, 1002, 6005, 2, 2, 0, 4002, 8004, 7005, 7, 2, 3008, 6002, 6001, 4008, 0, 2000, 5006, 3000, 2006, 6000, 8, 7001, 1002, 2000, 4006, 3002, 1009, 5000, 3007, 7006, 2003, 3002, 3]
[8006, 3002, 6, 1002, 6005, 2, 2, 0, 4002, 8004, 7005, 7, 2, 3008, 6002, 6001, 4008, 0, 2000, 5006, 3000, 2006, 6000, 8, 7001, 1002, 2000, 4006, 3002, 1009, 5000, 3007, 7006, 2003, 3002, 3, 4000]
bad
[8006, 3002, 6, 1002, 6005, 2, 2, 0, 4002, 8004, 7005, 7, 2, 3008, 6002, 6001, 4008, 0, 2000, 5006, 3000, 2006, 6000, 8, 7001, 1002, 2000, 4006, 3002, 1009, 5000, 3007, 7006, 2003, 3002, 3, 4000, 9005]
---------------------------------------------------
| KT |    |@TTF|    |    |    | E  | F  | K  |    |
|~~~~|~~~~|....|....|....|~~~~|^^^^|^^^^|^^^^|^^^^|
---------------------------------------------------
| H  |    | EP | H  | H  |    |    |    |    | P  |
|~~~~|####|^^^^|^^^^|^^^^|^^^^|^^^^|^^^^|^^^^|^^^^|
---------------------------------------------------
| KP |    |    |    |    |    | K  |    |    |    |
|####|####|####|####|^^^^|^^^^|^^^^|^^^^|^^^^|~~~~|
---------------------------------------------------
| K  |    | PE |    |    |    |    |    | F  |    |
|....|####|####|####|****|****|^^^^|....|~~~~|~~~~|
---------------------------------------------------
|    |    | F  |    |    |    | P  |    | K  |    |
|....|^^^^|^^^^|^^^^|****|****|^^^^|....|~~~~|~~~~|
---------------------------------------------------
| P  |    |    |    |    |    | K  |    |    | H  |
|....|****|****|****|****|****|####|####|####|~~~~|
---------------------------------------------------
| K  | K  | K  |    |    | T  |    |    |    |    |
|....|****|****|****|****|****|****|####|####|####|
---------------------------------------------------
|    | P  |    |    |    | F  |    |    |    |    |
|****|****|****|****|****|~~~~|****|****|~~~~|~~~~|
---------------------------------------------------
| H  |    |    |    | F  |    | E  | H  |    |    |
|....|....|****|****|~~~~|~~~~|~~~~|****|****|....|
---------------------------------------------------
|    |    |    |    |    |    | H  |    |    |    |
|~~~~|....|****|****|****|~~~~|****|****|****|....|
---------------------------------------------------
[9000, 9, 9006, 8001, 5002, 1003, 4005, 8006, 4008, 8002, 1000, 2004, 7000, 8004, 1001, 2008, 3008, 3007, 3002, 7005, 9000, 2002, 2, 6002, 6008, 3002, 9003, 1, 7004, 9009, 1004, 6008]
bad
[9000, 9, 9006, 8001, 5002, 1003, 4005, 8006, 4008, 8002, 1000, 2004, 7000, 8004, 1001, 2008, 3008, 3007, 3002, 7005, 9000, 2002, 2, 6002, 6008, 3002, 9003, 1, 7004, 9009, 1004, 6008, 3000]
[9000, 9, 9006, 8001, 5002, 1003, 4005, 8006, 4008, 8002, 1000, 2004, 7000, 8004, 1001, 2008, 3008, 3007, 3002, 7005, 9000, 2002, 2, 6002, 6008, 3002, 9003, 1, 7004, 9009, 1004, 6008, 3000, 1000]
[9000, 9, 9006, 8001, 5002, 1003, 4005, 8006, 4008, 8002, 1000, 2004, 7000, 8004, 1001, 2008, 3008, 3007, 3002, 7005, 9000, 2002, 2, 6002, 6008, 3002, 9003, 1, 7004, 9009, 1004, 6008, 3000, 1000, 4009]
[9000, 9, 9006, 8001, 5002, 1003, 4005, 8006, 4008, 8002, 1000, 2004, 7000, 8004, 1001, 2008, 3008, 3007, 3002, 7005, 9000, 2002, 2, 6002, 6008, 3002, 9003, 1, 7004, 9009, 1004, 6008, 3000, 1000, 4009, 4008]
[9000, 9, 9006, 8001, 5002, 1003, 4005, 8006, 4008, 8002, 1000, 2004, 7000, 8004, 1001, 2008, 3008, 3007, 3002, 7005, 9000, 2002, 2, 6002, 6008, 3002, 9003, 1, 7004, 9009, 1004, 6008, 3000, 1000, 4009, 4008, 4009]
[9000, 9, 9006, 8001, 5002, 1003, 4005, 8006, 4008, 8002, 1000, 2004, 7000, 8004, 1001, 2008, 3008, 3007, 3002, 7005, 9000, 2002, 2, 6002, 6008, 3002, 9003, 1, 7004, 9009, 1004, 6008, 3000, 1000, 4009, 4008, 4009, 5005]
bad
bad
---------------------------------------------------
|    | P  |@K  |    |    |    |    |    |    | E  |
|~~~~|~~~~|....|....|....|~~~~|^^^^|^^^^|^^^^|^^^^|
---------------------------------------------------
| F  | K  |    | T  | P  |    |    |    |    |    |
|~~~~|####|^^^^|^^^^|^^^^|^^^^|^^^^|^^^^|^^^^|^^^^|
---------------------------------------------------
|    |    | K  |    | F  |    | H  | H  | K  |    |
|####|####|####|####|^^^^|^^^^|^^^^|^^^^|^^^^|~~~~|
---------------------------------------------------
|    |    | KP |    |    |    |    | K  | K  |    |
|....|####|####|####|****|****|^^^^|....|~~~~|~~~~|
---------------------------------------------------
|    | H  |    |    |    | T  |    |    | F  |    |
|....|^^^^|^^^^|^^^^|****|****|^^^^|....|~~~~|~~~~|
---------------------------------------------------
|    |    | T  |    | H  |    |    |    |    |    |
|....|****|****|****|****|****|####|####|####|~~~~|
---------------------------------------------------
|    |    | K  |    |    |    | H  |    | P  |    |
|....|****|****|****|****|****|****|####|####|####|
---------------------------------------------------
| F  |    |    |    | P  | K  |    | H  |    |    |
|****|****|****|****|****|~~~~|****|****|~~~~|~~~~|
---------------------------------------------------
|    | E  | F  | H  | F  |    | T  |    |    |    |
|....|....|****|****|~~~~|~~~~|~~~~|****|****|....|
---------------------------------------------------
| EK |    |    | P  |    |    | E  |    |    | P  |
|~~~~|....|****|****|****|~~~~|****|****|****|....|
---------------------------------------------------
[2, 4004, 7, 1002, 7009, 6005, 2005, 9000, 8006, 1009, 8, 8001, 9006, 6005, 4001, 3008, 9, 9000, 6, 4005, 6001, 2005, 7007, 7008, 6000, 2004, 1005, 4005, 1, 8009, 8, 4004]
[2, 4004, 7, 1002, 7009, 6005, 2005, 9000, 8006, 1009, 8, 8001, 9006, 6005, 4001, 3008, 9, 9000, 6, 4005, 6001, 2005, 7007, 7008, 6000, 2004, 1005, 4005, 1, 8009, 8, 4004, 8005]
[2, 4004, 7, 1002, 7009, 6005, 2005, 9000, 8006, 1009, 8, 8001, 9006, 6005, 4001, 3008, 9, 9000, 6, 4005, 6001, 2005, 7007, 7008, 6000, 2004, 1005, 4005, 1, 8009, 8, 4004, 8005, 2003]
[2, 4004, 7, 1002, 7009, 6005, 2005, 9000, 8006, 1009, 8, 8001, 9006, 6005, 4001, 3008, 9, 9000, 6, 4005, 6001, 2005, 7007, 7008, 6000, 2004, 1005, 4005, 1, 8009, 8, 4004, 8005, 2003, 2008]
[2, 4004, 7, 1002, 7009, 6005, 2005, 9000, 8006, 1009, 8, 8001, 9006, 6005, 4001, 3008, 9, 9000, 6, 4005, 6001, 2005, 7007, 7008, 6000, 2004, 1005, 4005, 1, 8009, 8, 4004, 8005, 2003, 2008, 7001]
[2, 4004, 7, 1002, 7009, 6005, 2005, 9000, 8006, 1009, 8, 8001, 9006, 6005, 4001, 3008, 9, 9000, 6, 4005, 6001, 2005, 7007, 7008, 6000, 2004, 1005, 4005, 1, 8009, 8, 4004, 8005, 2003, 2008, 7001, 5006]
[2, 4004, 7, 1002, 7009, 6005, 2005, 9000, 8006, 1009, 8, 8001, 9006, 6005, 4001, 3008, 9, 9000, 6, 4005, 6001, 2005, 7007, 7008, 6000, 2004, 1005, 4005, 1, 8009, 8, 4004, 8005, 2003, 2008, 7001, 5006, 6009]
---------------------------------------------------
|    | P  |@E  |    |    |    | K  | E  | PF | K  |
|~~~~|~~~~|....|....|....|~~~~|^^^^|^^^^|^^^^|^^^^|
---------------------------------------------------
|    |    | E  | H  |    | P  |    |    |    | F  |
|~~~~|####|^^^^|^^^^|^^^^|^^^^|^^^^|^^^^|^^^^|^^^^|
---------------------------------------------------
|    |    |    |    | P  | KT |    |    |    |    |
|####|####|####|####|^^^^|^^^^|^^^^|^^^^|^^^^|~~~~|
---------------------------------------------------
|    |    |    |    |    |    |    | H  | K  |    |
|....|####|####|####|****|****|^^^^|....|~~~~|~~~~|
---------------------------------------------------
|    | K  |    |    | E  | KP |    |    |    |    |
|....|^^^^|^^^^|^^^^|****|****|^^^^|....|~~~~|~~~~|
---------------------------------------------------
|    |    |    |    |    |    |    | H  |    | H  |
|....|****|****|****|****|****|####|####|####|~~~~|
---------------------------------------------------
| P  | K  |    |    |    | TF |    |    |    | H  |
|....|****|****|****|****|****|****|####|####|####|
---------------------------------------------------
| H  |    |    |    |    |    |    | K  | K  | T  |
|****|****|****|****|****|~~~~|****|****|~~~~|~~~~|
---------------------------------------------------
|    | F  |    |    | H  |    | F  |    |    | P  |
|....|....|****|****|~~~~|~~~~|~~~~|****|****|....|
---------------------------------------------------
| TK |    |    |    |    |    | F  |    |    |    |
|~~~~|....|****|****|****|~~~~|****|****|****|....|
---------------------------------------------------
[7002, 3004, 2001, 2007, 3007, 6008, 8005, 6004, 7009, 5004, 4001, 5008, 6, 6005, 6008, 7000, 6009, 8001, 5009, 3001, 5004, 7004, 2006, 3002, 9006, 3000, 5001, 7003, 4007, 5006, 9006, 8000]
bad
[7002, 3004, 2001, 2007, 3007, 6008, 8005, 6004, 7009, 5004, 4001, 5008, 6, 6005, 6008, 7000, 6009, 8001, 5009, 3001, 5004, 7004, 2006, 3002, 9006, 3000, 5001, 7003, 4007, 5006, 9006, 8000, 8]
[7002, 3004, 2001, 2007, 3007, 6008, 8005, 6004, 7009, 5004, 4001, 5008, 6, 6005, 6008, 7000, 6009, 8001, 5009, 3001, 5004, 7004, 2006, 3002, 9006, 3000, 5001, 7003, 4007, 5006, 9006, 8000, 8, 1002]
bad
bad
[7002, 3004, 2001, 2007, 3007, 6008, 8005, 6004, 7009, 5004, 4001, 5008, 6, 6005, 6008, 7000, 6009, 8001, 5009, 3001, 5004, 7004, 2006, 3002, 9006, 3000, 5001, 7003, 4007, 5006, 9006, 8000, 8, 1002, 0]
[7002, 3004, 2001, 2007, 3007, 6008, 8005, 6004, 7009, 5004, 4001, 5008, 6, 6005, 6008, 7000, 6009, 8001, 5009, 3001, 5004, 7004, 2006, 3002, 9006, 3000, 5001, 7003, 4007, 5006, 9006, 8000, 8, 1002, 0, 9004]
[7002, 3004, 2001, 2007, 3007, 6008, 8005, 6004, 7009, 5004, 4001, 5008, 6, 6005, 6008, 7000, 6009, 8001, 5009, 3001, 5004, 7004, 2006, 3002, 9006, 3000, 5001, 7003, 4007, 5006, 9006, 8000, 8, 1002, 0, 9004, 7006]
[7002, 3004, 2001, 2007, 3007, 6008, 8005, 6004, 7009, 5004, 4001, 5008, 6, 6005, 6008, 7000, 6009, 8001, 5009, 3001, 5004, 7004, 2006, 3002, 9006, 3000, 5001, 7003, 4007, 5006, 9006, 8000, 8, 1002, 0, 9004, 7006, 6002]
bad
---------------------------------------------------
|    |    |@H  |    | H  |    | F  |    |    |    |
|~~~~|~~~~|....|....|....|~~~~|^^^^|^^^^|^^^^|^^^^|
---------------------------------------------------
|    |    |    |    |    |    |    |    |    |    |
|~~~~|####|^^^^|^^^^|^^^^|^^^^|^^^^|^^^^|^^^^|^^^^|
---------------------------------------------------
|    | E  |    |    |    |    | K  | E  |    |    |
|####|####|####|####|^^^^|^^^^|^^^^|^^^^|^^^^|~~~~|
---------------------------------------------------
| P  | K  | K  |    | E  |    |    | T  |    |    |
|....|####|####|####|****|****|^^^^|....|~~~~|~~~~|
---------------------------------------------------
|    | F  |    |    |    |    |    | P  |    |    |
|....|^^^^|^^^^|^^^^|****|****|^^^^|....|~~~~|~~~~|
---------------------------------------------------
|    | P  |    |    | FK |    | P  |    | F  | K  |
|....|****|****|****|****|****|####|####|####|~~~~|
---------------------------------------------------
|    |    | H  |    | T  | F  |    | H  | TK | K  |
|....|****|****|****|****|****|****|####|####|####|
---------------------------------------------------
| K  | H  | E  | P  | K  |    |    |    |    | F  |
|****|****|****|****|****|~~~~|****|****|~~~~|~~~~|
---------------------------------------------------
|    | K  |    |    |    | T  |    |    |    |    |
|....|....|****|****|~~~~|~~~~|~~~~|****|****|....|
---------------------------------------------------
|    |    |    |    |    |    | PP |    | H  | H  |
|~~~~|....|****|****|****|~~~~|****|****|****|....|
---------------------------------------------------
[3006, 7008, 1, 5002, 2008, 3001, 7009, 3, 7006, 5008, 2007, 8003, 1000, 1, 6006, 7003, 2008, 7006, 4003, 4, 7001, 6001, 3008, 8, 8006, 9006, 3001, 2, 8007, 9006, 1006, 3]
[3006, 7008, 1, 5002, 2008, 3001, 7009, 3, 7006, 5008, 2007, 8003, 1000, 1, 6006, 7003, 2008, 7006, 4003, 4, 7001, 6001, 3008, 8, 8006, 9006, 3001, 2, 8007, 9006, 1006, 3, 7]
[3006, 7008, 1, 5002, 2008, 3001, 7009, 3, 7006, 5008, 2007, 8003, 1000, 1, 6006, 7003, 2008, 7006, 4003, 4, 7001, 6001, 3008, 8, 8006, 9006, 3001, 2, 8007, 9006, 1006, 3, 7, 8004]
[3006, 7008, 1, 5002, 2008, 3001, 7009, 3, 7006, 5008, 2007, 8003, 1000, 1, 6006, 7003, 2008, 7006, 4003, 4, 7001, 6001, 3008, 8, 8006, 9006, 3001, 2, 8007, 9006, 1006, 3, 7, 8004, 2003]
bad
[3006, 7008, 1, 5002, 2008, 3001, 7009, 3, 7006, 5008, 2007, 8003, 1000, 1, 6006, 7003, 2008, 7006, 4003, 4, 7001, 6001, 3008, 8, 8006, 9006, 3001, 2, 8007, 9006, 1006, 3, 7, 8004, 2003, 7009]
bad
[3006, 7008, 1, 5002, 2008, 3001, 7009, 3, 7006, 5008, 2007, 8003, 1000, 1, 6006, 7003, 2008, 7006, 4003, 4, 7001, 6001, 3008, 8, 8006, 9006, 3001, 2, 8007, 9006, 1006, 3, 7, 8004, 2003, 7009, 7]
[3006, 7008, 1, 5002, 2008, 3001, 7009, 3, 7006, 5008, 2007, 8003, 1000, 1, 6006, 7003, 2008, 7006, 4003, 4, 7001, 6001, 3008, 8, 8006, 9006, 3001, 2, 8007, 9006, 1006, 3, 7, 8004, 2003, 7009, 7, 7000]
---------------------------------------------------
|    | FE |@P  | T  | K  |    |    |    | K  |    |
|~~~~|~~~~|....|....|....|~~~~|^^^^|^^^^|^^^^|^^^^|
---------------------------------------------------
| F  |    |    |    |    |    | P  |    |    |    |
|~~~~|####|^^^^|^^^^|^^^^|^^^^|^^^^|^^^^|^^^^|^^^^|
---------------------------------------------------
|    |    |    |    |    |    |    | F  | KT |    |
|####|####|####|####|^^^^|^^^^|^^^^|^^^^|^^^^|~~~~|
---------------------------------------------------
|    | TP |    |    |    |    | E  |    | K  |    |
|....|####|####|####|****|****|^^^^|....|~~~~|~~~~|
---------------------------------------------------
| H  |    |    | K  |    |    |    |    |    |    |
|....|^^^^|^^^^|^^^^|****|****|^^^^|....|~~~~|~~~~|
---------------------------------------------------
|    | H  | E  |    |    |    |    | H  | F  |    |
|....|****|****|****|****|****|####|####|####|~~~~|
---------------------------------------------------
|    | K  |    |    | H  | H  | K  |    |    |    |
|....|****|****|****|****|****|****|####|####|####|
---------------------------------------------------
|    | K  |    | K  |    |    | FK |    | E  | T  |
|****|****|****|****|****|~~~~|****|****|~~~~|~~~~|
---------------------------------------------------
|    |    |    | F  |    |    | P  | P  |    |    |
|....|....|****|****|~~~~|~~~~|~~~~|****|****|....|
---------------------------------------------------
|    |    | H  | H  |    |    | PP |    |    |    |
|~~~~|....|****|****|****|~~~~|****|****|****|....|
---------------------------------------------------
[6002, 5000, 8007, 3, 2008, 7003, 5000, 7001, 2000, 4007, 5004, 4007, 2002, 9006, 2004, 9, 8001, 9000, 3001, 9008, 2006, 8008, 5005, 5002, 2, 7006, 9000, 1002, 5000, 2, 3005, 8008]
bad
[6002, 5000, 8007, 3, 2008, 7003, 5000, 7001, 2000, 4007, 5004, 4007, 2002, 9006, 2004, 9, 8001, 9000, 3001, 9008, 2006, 8008, 5005, 5002, 2, 7006, 9000, 1002, 5000, 2, 3005, 8008, 1006]
[6002, 5000, 8007, 3, 2008, 7003, 5000, 7001, 2000, 4007, 5004, 4007, 2002, 9006, 2004, 9, 8001, 9000, 3001, 9008, 2006, 8008, 5005, 5002, 2, 7006, 9000, 1002, 5000, 2, 3005, 8008, 1006, 1005]
[6002, 5000, 8007, 3, 2008, 7003, 5000, 7001, 2000, 4007, 5004, 4007, 2002, 9006, 2004, 9, 8001, 9000, 3001, 9008, 2006, 8008, 5005, 5002, 2, 7006, 9000, 1002, 5000, 2, 3005, 8008, 1006, 1005, 3007]
[6002, 5000, 8007, 3, 2008, 7003, 5000, 7001, 2000, 4007, 5004, 4007, 2002, 9006, 2004, 9, 8001, 9000, 3001, 9008, 2006, 8008, 5005, 5002, 2, 7006, 9000, 1002, 5000, 2, 3005, 8008, 1006, 1005, 3007, 3008]
[6002, 5000, 8007, 3, 2008, 7003, 5000, 7001, 2000, 4007, 5004, 4007, 2002, 9006, 2004, 9, 8001, 9000, 3001, 9008, 2006, 8008, 5005, 5002, 2, 7006, 9000, 1002, 5000, 2, 3005, 8008, 1006, 1005, 3007, 3008, 4003]
bad
[6002, 5000, 8007, 3, 2008, 7003, 5000, 7001, 2000, 4007, 5004, 4007, 2002, 9006, 2004, 9, 8001, 9000, 3001, 9008, 2006, 8008, 5005, 5002, 2, 7006, 9000, 1002, 5000, 2, 3005, 8008, 1006, 1005, 3007, 3008, 4003, 9002]
bad
---------------------------------------------------
|    |    |@PP | E  |    | H  | H  |    |    | K  |
|~~~~|~~~~|....|....|....|~~~~|^^^^|^^^^|^^^^|^^^^|
---------------------------------------------------
|    |    | P  |    |    |    |    |    |    |    |
|~~~~|####|^^^^|^^^^|^^^^|^^^^|^^^^|^^^^|^^^^|^^^^|
---------------------------------------------------
| F  |    | F  |    | K  | H  | K  |    | T  |    |
|####|####|####|####|^^^^|^^^^|^^^^|^^^^|^^^^|~~~~|
---------------------------------------------------
|    | K  |    |    |    | P  |    |    |    |    |
|....|####|####|####|****|****|^^^^|....|~~~~|~~~~|
---------------------------------------------------
|    |    |    |    |    |    |    | FF |    |    |
|....|^^^^|^^^^|^^^^|****|****|^^^^|....|~~~~|~~~~|
---------------------------------------------------
| PTE|    | K  |    | F  | K  | H  |    |    |    |
|....|****|****|****|****|****|####|####|####|~~~~|
---------------------------------------------------
|    | HH | E  |    |    |    |    |    |    |    |
|....|****|****|****|****|****|****|####|####|####|
---------------------------------------------------
|    | T  |    | T  |    |    | P  |    |    |    |
|****|****|****|****|****|~~~~|****|****|~~~~|~~~~|
---------------------------------------------------
|    | K  |    |    |    |    |    | E  | K  |    |
|....|....|****|****|~~~~|~~~~|~~~~|****|****|....|
---------------------------------------------------
| KP |    |    |    |    |    | F  | H  | K  |    |
|~~~~|....|****|****|****|~~~~|****|****|****|....|
---------------------------------------------------
[6007, 8003, 3003, 8009, 2002, 1006, 9002, 3006, 8009, 3001, 3001, 7004, 6006, 7007, 1003, 4005, 6009, 5005, 7001, 5003, 1006, 3000, 3008, 6009, 9007, 8002, 4005, 7007, 9002, 5006, 7003, 4007]
[6007, 8003, 3003, 8009, 2002, 1006, 9002, 3006, 8009, 3001, 3001, 7004, 6006, 7007, 1003, 4005, 6009, 5005, 7001, 5003, 1006, 3000, 3008, 6009, 9007, 8002, 4005, 7007, 9002, 5006, 7003, 4007, 6003]
[6007, 8003, 3003, 8009, 2002, 1006, 9002, 3006, 8009, 3001, 3001, 7004, 6006, 7007, 1003, 4005, 6009, 5005, 7001, 5003, 1006, 3000, 3008, 6009, 9007, 8002, 4005, 7007, 9002, 5006, 7003, 4007, 6003, 8008]
[6007, 8003, 3003, 8009, 2002, 1006, 9002, 3006, 8009, 3001, 3001, 7004, 6006, 7007, 1003, 4005, 6009, 5005, 7001, 5003, 1006, 3000, 3008, 6009, 9007, 8002, 4005, 7007, 9002, 5006, 7003, 4007, 6003, 8008, 7009]
bad
[6007, 8003, 3003, 8009, 2002, 1006, 9002, 3006, 8009, 3001, 3001, 7004, 6006, 7007, 1003, 4005, 6009, 5005, 7001, 5003, 1006, 3000, 3008, 6009, 9007, 8002, 4005, 7007, 9002, 5006, 7003, 4007, 6003, 8008, 7009, 3008]
bad
[6007, 8003, 3003, 8009, 2002, 1006, 9002, 3006, 8009, 3001, 3001, 7004, 6006, 7007, 1003, 4005, 6009, 5005, 7001, 5003, 1006, 3000, 3008, 6009, 9007, 8002, 4005, 7007, 9002, 5006, 7003, 4007, 6003, 8008, 7009, 3008, 5000]
bad
bad
[6007, 8003, 3003, 8009, 2002, 1006, 9002, 3006, 8009, 3001, 3001, 7004, 6006, 7007, 1003, 4005, 6009, 5005, 7001, 5003, 1006, 3000, 3008, 6009, 9007, 8002, 4005, 7007, 9002, 5006, 7003, 4007, 6003, 8008, 7009, 3008, 5000, 9004]
---------------------------------------------------
| H  |    |@   |    |    |    |    |    |    |    |
|~~~~|~~~~|....|....|....|~~~~|^^^^|^^^^|^^^^|^^^^|
---------------------------------------------------
|    |    |    | K  |    |    | KT |    |    |    |
|~~~~|####|^^^^|^^^^|^^^^|^^^^|^^^^|^^^^|^^^^|^^^^|
---------------------------------------------------
|    |    | T  | H  | H  |    |    |    |    |    |
|####|####|####|####|^^^^|^^^^|^^^^|^^^^|^^^^|~~~~|
---------------------------------------------------
| K  | FF |    | E  |    |    | T  |    | K  |    |
|....|####|####|####|****|****|^^^^|....|~~~~|~~~~|
---------------------------------------------------
|    |    |    |    |    | PK |    |    |    |    |
|....|^^^^|^^^^|^^^^|****|****|^^^^|....|~~~~|~~~~|
---------------------------------------------------
|    |    | H  | K  |    | K  | P  |    |    |    |
|....|****|****|****|****|****|####|####|####|~~~~|
---------------------------------------------------
|    |    |    |    |    |    | F  | E  |    | KK |
|....|****|****|****|****|****|****|####|####|####|
---------------------------------------------------
|    | K  |    | P  | F  |    |    | PF |    |    |
|****|****|****|****|****|~~~~|****|****|~~~~|~~~~|
---------------------------------------------------
|    | H  | P  | E  |    | H  |    |    |    | EF |
|....|....|****|****|~~~~|~~~~|~~~~|****|****|....|
---------------------------------------------------
|    |    | PT |    | H  |    |    | P  |    |    |
|~~~~|....|****|****|****|~~~~|****|****|****|....|
---------------------------------------------------
[1006, 1000, 5001, 2008, 1001, 8005, 1006, 3008, 7000, 5008, 9003, 9009, 1007, 9003, 1007, 5008, 5004, 8002, 1004, 1, 8002, 9002, 8000, 4006, 9000, 2002, 9000, 7001, 8008, 8002, 6002, 1]
bad
[1006, 1000, 5001, 2008, 1001, 8005, 1006, 3008, 7000, 5008, 9003, 9009, 1007, 9003, 1007, 5008, 5004, 8002, 1004, 1, 8002, 9002, 8000, 4006, 9000, 2002, 9000, 7001, 8008, 8002, 6002, 1, 3]
[1006, 1000, 5001, 2008, 1001, 8005, 1006, 3008, 7000, 5008, 9003, 9009, 1007, 9003, 1007, 5008, 5004, 8002, 1004, 1, 8002, 9002, 8000, 4006, 9000, 2002, 9000, 7001, 8008, 8002, 6002, 1, 3, 5005]
[1006, 1000, 5001, 2008, 1001, 8005, 1006, 3008, 7000, 5008, 9003, 9009, 1007, 9003, 1007, 5008, 5004, 8002, 1004, 1, 8002, 9002, 8000, 4006, 9000, 2002, 9000, 7001, 8008, 8002, 6002, 1, 3, 5005, 9001]
[1006, 1000, 5001, 2008, 1001, 8005, 1006, 3008, 7000, 5008, 9003, 9009, 1007, 9003, 1007, 5008, 5004, 8002, 1004, 1, 8002, 9002, 8000, 4006, 9000, 2002, 9000, 7001, 8008, 8002, 6002, 1, 3, 5005, 9001, 1003]
[1006, 1000, 5001, 2008, 1001, 8005, 1006, 3008, 7000, 5008, 9003, 9009, 1007, 9003, 1007, 5008, 5004, 8002, 1004, 1, 8002, 9002, 8000, 4006, 9000, 2002, 9000, 7001, 8008, 8002, 6002, 1, 3, 5005, 9001, 1003, 4000]
[1006, 1000, 5001, 2008, 1001, 8005, 1006, 3008, 7000, 5008, 9003, 9009, 1007, 9003, 1007, 5008, 5004, 8002, 1004, 1, 8002, 9002, 8000, 4006, 9000, 2002, 9000, 7001, 8008, 8002, 6002, 1, 3, 5005, 9001, 1003, 4000, 9001]
---------------------------------------------------
|    | K  |@   |    |    | H  |    |    |    |    |
|~~~~|~~~~|....|....|....|~~~~|^^^^|^^^^|^^^^|^^^^|
---------------------------------------------------
| E  | T  |    |    | K  |    | TE | KF |    |    |
|~~~~|####|^^^^|^^^^|^^^^|^^^^|^^^^|^^^^|^^^^|^^^^|
---------------------------------------------------
|    |    | P  |    | H  |    | H  |    | E  |    |
|####|####|####|####|^^^^|^^^^|^^^^|^^^^|^^^^|~~~~|
---------------------------------------------------
|    |    |    |    |    |    |    |    | T  |    |
|....|####|####|####|****|****|^^^^|....|~~~~|~~~~|
---------------------------------------------------
| H  |    |    |    |    |    | K  |    |    |    |
|....|^^^^|^^^^|^^^^|****|****|^^^^|....|~~~~|~~~~|
---------------------------------------------------
|    | E  |    |    | K  |    |    | H  | FK |    |
|....|****|****|****|****|****|####|####|####|~~~~|
---------------------------------------------------
|    | H  | P  |    |    |    |    |    |    |    |
|....|****|****|****|****|****|****|####|####|####|
---------------------------------------------------
| F  | P  |    |    |    |    |    |    |    |    |
|****|****|****|****|****|~~~~|****|****|~~~~|~~~~|
---------------------------------------------------
| K  |    | KKP|    |    | T  |    | H  | P  |    |
|....|....|****|****|~~~~|~~~~|~~~~|****|****|....|
---------------------------------------------------
| PP |    | K  | FF |    |    |    |    |    | F  |
|~~~~|....|****|****|****|~~~~|****|****|****|....|
---------------------------------------------------
[2008, 8009, 9002, 9, 1007, 7, 6, 8009, 8004, 3004, 1001, 1003, 5, 7009, 1009, 5004, 3007, 9004, 9001, 1, 5006, 8003, 4006, 7001, 5003, 2000, 9002, 1002, 9002, 8003, 0, 6002]
bad
bad
[2008, 8009, 9002, 9, 1007, 7, 6, 8009, 8004, 3004, 1001, 1003, 5, 7009, 1009, 5004, 3007, 9004, 9001, 1, 5006, 8003, 4006, 7001, 5003, 2000, 9002, 1002, 9002, 8003, 0, 6002, 7002]
[2008, 8009, 9002, 9, 1007, 7, 6, 8009, 8004, 3004, 1001, 1003, 5, 7009, 1009, 5004, 3007, 9004, 9001, 1, 5006, 8003, 4006, 7001, 5003, 2000, 9002, 1002, 9002, 8003, 0, 6002, 7002, 6001]
bad
[2008, 8009, 9002, 9, 1007, 7, 6, 8009, 8004, 3004, 1001, 1003, 5, 7009, 1009, 5004, 3007, 9004, 9001, 1, 5006, 8003, 4006, 7001, 5003, 2000, 9002, 1002, 9002, 8003, 0, 6002, 7002, 6001, 4007]
[2008, 8009, 9002, 9, 1007, 7, 6, 8009, 8004, 3004, 1001, 1003, 5, 7009, 1009, 5004, 3007, 9004, 9001, 1, 5006, 8003, 4006, 7001, 5003, 2000, 9002, 1002, 9002, 8003, 0, 6002, 7002, 6001, 4007, 5004]
[2008, 8009, 9002, 9, 1007, 7, 6, 8009, 8004, 3004, 1001, 1003, 5, 7009, 1009, 5004, 3007, 9004, 9001, 1, 5006, 8003, 4006, 7001, 5003, 2000, 9002, 1002, 9002, 8003, 0, 6002, 7002, 6001, 4007, 5004, 4001]
[2008, 8009, 9002, 9, 1007, 7, 6, 8009, 8004, 3004, 1001, 1003, 5, 7009, 1009, 5004, 3007, 9004, 9001, 1, 5006, 8003, 4006, 7001, 5003, 2000, 9002, 1002, 9002, 8003, 0, 6002, 7002, 6001, 4007, 5004, 4001, 1003]
---------------------------------------------------
| P  | K  |@   |    | H  | F  | T  | T  |    | E  |
|~~~~|~~~~|....|....|....|~~~~|^^^^|^^^^|^^^^|^^^^|
---------------------------------------------------
|    | F  | P  | F  |    |    |    | T  | H  | K  |
|~~~~|####|^^^^|^^^^|^^^^|^^^^|^^^^|^^^^|^^^^|^^^^|
---------------------------------------------------
| P  |    |    |    | H  |    |    |    | E  |    |
|####|####|####|####|^^^^|^^^^|^^^^|^^^^|^^^^|~~~~|
---------------------------------------------------
|    |    |    |    | F  |    |    | K  |    |    |
|....|####|####|####|****|****|^^^^|....|~~~~|~~~~|
---------------------------------------------------
|    |    |    |    |    |    | K  |    |    |    |
|....|^^^^|^^^^|^^^^|****|****|^^^^|....|~~~~|~~~~|
---------------------------------------------------
|    |    |    | P  | K  |    | K  |    |    | H  |
|....|****|****|****|****|****|####|####|####|~~~~|
---------------------------------------------------
| H  |    |    |    |    |    |    |    | H  |    |
|....|****|****|****|****|****|****|####|####|####|
---------------------------------------------------
| H  | K  |    |    |    |    |    |    |    | F  |
|****|****|****|****|****|~~~~|****|****|~~~~|~~~~|
---------------------------------------------------
|    |    |    | KP | F  |    |    |    |    | ET |
|....|....|****|****|~~~~|~~~~|~~~~|****|****|....|
---------------------------------------------------
|    | K  | EPP|    | K  |    |    |    |    |    |
|~~~~|....|****|****|****|~~~~|****|****|****|....|
---------------------------------------------------
[0, 9006, 8006, 9009, 8001, 3007, 5006, 9000, 6005, 1006, 3008, 8005, 7003, 8008, 1009, 9003, 7007, 1006, 8003, 8000, 9008, 3004, 2008, 4003, 2006, 2000, 8, 8, 5, 5004, 9001, 6008]
[0, 9006, 8006, 9009, 8001, 3007, 5006, 9000, 6005, 1006, 3008, 8005, 7003, 8008, 1009, 9003, 7007, 1006, 8003, 8000, 9008, 3004, 2008, 4003, 2006, 2000, 8, 8, 5, 5004, 9001, 6008, 5002]
[0, 9006, 8006, 9009, 8001, 3007, 5006, 9000, 6005, 1006, 3008, 8005, 7003, 8008, 1009, 9003, 7007, 1006, 8003, 8000, 9008, 3004, 2008, 4003, 2006, 2000, 8, 8, 5, 5004, 9001, 6008, 5002, 3004]
bad
[0, 9006, 8006, 9009, 8001, 3007, 5006, 9000, 6005, 1006, 3008, 8005, 7003, 8008, 1009, 9003, 7007, 1006, 8003, 8000, 9008, 3004, 2008, 4003, 2006, 2000, 8, 8, 5, 5004, 9001, 6008, 5002, 3004, 4007]
[0, 9006, 8006, 9009, 8001, 3007, 5006, 9000, 6005, 1006, 3008, 8005, 7003, 8008, 1009, 9003, 7007, 1006, 8003, 8000, 9008, 3004, 2008, 4003, 2006, 2000, 8, 8, 5, 5004, 9001, 6008, 5002, 3004, 4007, 9004]
bad
[0, 9006, 8006, 9009, 8001, 3007, 5006, 9000, 6005, 1006, 3008, 8005, 7003, 8008, 1009, 9003, 7007, 1006, 8003, 8000, 9008, 3004, 2008, 4003, 2006, 2000, 8, 8, 5, 5004, 9001, 6008, 5002, 3004, 4007, 9004, 0]
bad
[0, 9006, 8006, 9009, 8001, 3007, 5006, 9000, 6005, 1006, 3008, 8005, 7003, 8008, 1009, 9003, 7007, 1006, 8003, 8000, 9008, 3004, 2008, 4003, 2006, 2000, 8, 8, 5, 5004, 9001, 6008, 5002, 3004, 4007, 9004, 0, 3007]
---------------------------------------------------
| E  |    |@   |    |    | P  |    |    | PP |    |
|~~~~|~~~~|....|....|....|~~~~|^^^^|^^^^|^^^^|^^^^|
---------------------------------------------------
|    |    |    | H  |    | H  | FK | H  |    | K  |
|~~~~|####|^^^^|^^^^|^^^^|^^^^|^^^^|^^^^|^^^^|^^^^|
---------------------------------------------------
| P  |    |    |    |    |    | P  |    | K  |    |
|####|####|####|####|^^^^|^^^^|^^^^|^^^^|^^^^|~~~~|
---------------------------------------------------
|    |    |    |    | K  |    |    | T  | F  |    |
|....|####|####|####|****|****|^^^^|....|~~~~|~~~~|
---------------------------------------------------
|    | H  |    | K  |    |    |    |    |    | H  |
|....|^^^^|^^^^|^^^^|****|****|^^^^|....|~~~~|~~~~|
---------------------------------------------------
|    |    |    |    | P  |    | T  |    |    | H  |
|....|****|****|****|****|****|####|####|####|~~~~|
---------------------------------------------------
|    |    |    |    |    | F  |    |    |    |    |
|....|****|****|****|****|****|****|####|####|####|
---------------------------------------------------
|    |    |    | F  |    |    |    | K  |    |    |
|****|****|****|****|****|~~~~|****|****|~~~~|~~~~|
---------------------------------------------------
| K  | T  |    | K  |    | F  | E  |    | F  |    |
|....|....|****|****|~~~~|~~~~|~~~~|****|****|....|
---------------------------------------------------
| T  | P  |    | K  |    |    | E  | H  | K  | E  |
|~~~~|....|****|****|****|~~~~|****|****|****|....|
---------------------------------------------------
[1009, 5003, 3008, 8005, 5008, 6006, 6001, 3003, 3003, 9, 7006, 3002, 2005, 7000, 5007, 1000, 2006, 7008, 4003, 7007, 4007, 5, 3009, 4009, 6009, 9007, 2009, 6009, 5008, 9007, 4, 2000]
[1009, 5003, 3008, 8005, 5008, 6006, 6001, 3003, 3003, 9, 7006, 3002, 2005, 7000, 5007, 1000, 2006, 7008, 4003, 7007, 4007, 5, 3009, 4009, 6009, 9007, 2009, 6009, 5008, 9007, 4, 2000, 9005]
bad
bad
bad
[1009, 5003, 3008, 8005, 5008, 6006, 6001, 3003, 3003, 9, 7006, 3002, 2005, 7000, 5007, 1000, 2006, 7008, 4003, 7007, 4007, 5, 3009, 4009, 6009, 9007, 2009, 6009, 5008, 9007, 4, 2000, 9005, 7003]
[1009, 5003, 3008, 8005, 5008, 6006, 6001, 3003, 3003, 9, 7006, 3002, 2005, 7000, 5007, 1000, 2006, 7008, 4003, 7007, 4007, 5, 3009, 4009, 6009, 9007, 2009, 6009, 5008, 9007, 4, 2000, 9005, 7003, 9001]
[1009, 5003, 3008, 8005, 5008, 6006, 6001, 3003, 3003, 9, 7006, 3002, 2005, 7000, 5007, 1000, 2006, 7008, 4003, 7007, 4007, 5, 3009, 4009, 6009, 9007, 2009, 6009, 5008, 9007, 4, 2000, 9005, 7003, 9001, 1005]
bad
bad
[1009, 5003, 3008, 8005, 5008, 6006, 6001, 3003, 3003, 9, 7006, 3002, 2005, 7000, 5007, 1000, 2006, 7008, 4003, 7007, 4007, 5, 3009, 4009, 6009, 9007, 2009, 6009, 5008, 9007, 4, 2000, 9005, 7003, 9001, 1005, 3007]
[1009, 5003, 3008, 8005, 5008, 6006, 6001, 3003, 3003, 9, 7006, 3002, 2005, 7000, 5007, 1000, 2006, 7008, 4003, 7007, 4007, 5, 3009, 4009, 6009, 9007, 2009, 6009, 5008, 9007, 4, 2000, 9005, 7003, 9001, 1005, 3007, 1005]
---------------------------------------------------
|    |    |@   |    | P  | K  |    |    |    | F  |
|~~~~|~~~~|....|....|....|~~~~|^^^^|^^^^|^^^^|^^^^|
---------------------------------------------------
| K  |    |    |    |    |    |    |    |    | E  |
|~~~~|####|^^^^|^^^^|^^^^|^^^^|^^^^|^^^^|^^^^|^^^^|
---------------------------------------------------
|    |    | H  |    | H  | F  | K  |    |    | P  |
|####|####|####|####|^^^^|^^^^|^^^^|^^^^|^^^^|~~~~|
---------------------------------------------------
|    |    | F  | TF |    |    |    |    | E  | K  |
|....|####|####|####|****|****|^^^^|....|~~~~|~~~~|
---------------------------------------------------
|    |    | H  | K  |    |    |    | K  |    | K  |
|....|^^^^|^^^^|^^^^|****|****|^^^^|....|~~~~|~~~~|
---------------------------------------------------
|    |    | H  | E  |    |    |    | K  | PT |    |
|....|****|****|****|****|****|####|####|####|~~~~|
---------------------------------------------------
|    | T  |    |    |    |    | T  |    |    | PP |
|....|****|****|****|****|****|****|####|####|####|
---------------------------------------------------
| F  | H  |    |    |    |    | F  | K  | K  | H  |
|****|****|****|****|****|~~~~|****|****|~~~~|~~~~|
---------------------------------------------------
|    |    |    | H  |    | E  |    |    |    |    |
|....|....|****|****|~~~~|~~~~|~~~~|****|****|....|
---------------------------------------------------
|    |    |    |    |    |    |    | PP |    |    |
|~~~~|....|****|****|****|~~~~|****|****|****|....|
---------------------------------------------------
[1007, 1005, 1001, 5006, 1009, 2002, 7, 4002, 3004, 6008, 5005, 2002, 4007, 3006, 6001, 8003, 4000, 6003, 7004, 1003, 8007, 1001, 4004, 7, 4002, 8009, 7000, 6009, 2009, 2003, 5004, 8]
bad
[1007, 1005, 1001, 5006, 1009, 2002, 7, 4002, 3004, 6008, 5005, 2002, 4007, 3006, 6001, 8003, 4000, 6003, 7004, 1003, 8007, 1001, 4004, 7, 4002, 8009, 7000, 6009, 2009, 2003, 5004, 8, 5004]
bad
[1007, 1005, 1001, 5006, 1009, 2002, 7, 4002, 3004, 6008, 5005, 2002, 4007, 3006, 6001, 8003, 4000, 6003, 7004, 1003, 8007, 1001, 4004, 7, 4002, 8009, 7000, 6009, 2009, 2003, 5004, 8, 5004, 0]
[1007, 1005, 1001, 5006, 1009, 2002, 7, 4002, 3004, 6008, 5005, 2002, 4007, 3006, 6001, 8003, 4000, 6003, 7004, 1003, 8007, 1001, 4004, 7, 4002, 8009, 7000, 6009, 2009, 2003, 5004, 8, 5004, 0, 1]
[1007, 1005, 1001, 5006, 1009, 2002, 7, 4002, 3004, 6008, 5005, 2002, 4007, 3006, 6001, 8003, 4000, 6003, 7004, 1003, 8007, 1001, 4004, 7, 4002, 8009, 7000, 6009, 2009, 2003, 5004, 8, 5004, 0, 1, 9003]
[1007, 1005, 1001, 5006, 1009, 2002, 7, 4002, 3004, 6008, 5005, 2002, 4007, 3006, 6001, 8003, 4000, 6003, 7004, 1003, 8007, 1001, 4004, 7, 4002, 8009, 7000, 6009, 2009, 2003, 5004, 8, 5004, 0, 1, 9003, 5009]
[1007, 1005, 1001, 5006, 1009, 2002, 7, 4002, 3004, 6008, 5005, 2002, 4007, 3006, 6001, 8003, 4000, 6003, 7004, 1003, 8007, 1001, 4004, 7, 4002, 8009, 7000, 6009, 2009, 2003, 5004, 8, 5004, 0, 1, 9003, 5009, 3004]
bad
---------------------------------------------------
|    |    |@   |    | HH |    | H  | TK |    |    |
|~~~~|~~~~|....|....|....|~~~~|^^^^|^^^^|^^^^|^^^^|
---------------------------------------------------
|    | EK | H  | K  |    | E  |    | E  |    | T  |
|~~~~|####|^^^^|^^^^|^^^^|^^^^|^^^^|^^^^|^^^^|^^^^|
---------------------------------------------------
|    |    | TF | P  |    |    |    |    |    | P  |
|####|####|####|####|^^^^|^^^^|^^^^|^^^^|^^^^|~~~~|
---------------------------------------------------
|    |    |    |    | F  |    | F  |    | H  |    |
|....|####|####|####|****|****|^^^^|....|~~~~|~~~~|
---------------------------------------------------
| K  |    | TP |    | K  |    |    | F  |    |    |
|....|^^^^|^^^^|^^^^|****|****|^^^^|....|~~~~|~~~~|
---------------------------------------------------
|    |    |    |    | P  | F  | E  |    |    |    |
|....|****|****|****|****|****|####|####|####|~~~~|
---------------------------------------------------
|    | K  |    | K  |    |    |    |    | F  | P  |
|....|****|****|****|****|****|****|####|####|####|
---------------------------------------------------
| P  |    |    |    | K  |    |    |    | H  |    |
|****|****|****|****|****|~~~~|****|****|~~~~|~~~~|
---------------------------------------------------
|    |    |    | K  |    |    |    | K  | H  | P  |
|....|....|****|****|~~~~|~~~~|~~~~|****|****|....|
---------------------------------------------------
|    |    |    |    |    |    |    |    |    |    |
|~~~~|....|****|****|****|~~~~|****|****|****|....|
---------------------------------------------------
[3004, 2000, 2004, 6001, 2003, 5007, 5009, 1004, 5002, 7002, 7009, 3005, 1006, 9002, 6002, 6009, 2006, 7, 4002, 8000, 8008, 7009, 4003, 3002, 4003, 7001, 7007, 6007, 5, 8003, 9003, 8005]
bad
[3004, 2000, 2004, 6001, 2003, 5007, 5009, 1004, 5002, 7002, 7009, 3005, 1006, 9002, 6002, 6009, 2006, 7, 4002, 8000, 8008, 7009, 4003, 3002, 4003, 7001, 7007, 6007, 5, 8003, 9003, 8005, 5007]
[3004, 2000, 2004, 6001, 2003, 5007, 5009, 1004, 5002, 7002, 7009, 3005, 1006, 9002, 6002, 6009, 2006, 7, 4002, 8000, 8008, 7009, 4003, 3002, 4003, 7001, 7007, 6007, 5, 8003, 9003, 8005, 5007, 1008]
[3004, 2000, 2004, 6001, 2003, 5007, 5009, 1004, 5002, 7002, 7009, 3005, 1006, 9002, 6002, 6009, 2006, 7, 4002, 8000, 8008, 7009, 4003, 3002, 4003, 7001, 7007, 6007, 5, 8003, 9003, 8005, 5007, 1008, 9006]
bad
[3004, 2000, 2004, 6001, 2003, 5007, 5009, 1004, 5002, 7002, 7009, 3005, 1006, 9002, 6002, 6009, 2006, 7, 4002, 8000, 8008, 7009, 4003, 3002, 4003, 7001, 7007, 6007, 5, 8003, 9003, 8005, 5007, 1008, 9006, 8009]
bad
[3004, 2000, 2004, 6001, 2003, 5007, 5009, 1004, 5002, 7002, 7009, 3005, 1006, 9002, 6002, 6009, 2006, 7, 4002, 8000, 8008, 7009, 4003, 3002, 4003, 7001, 7007, 6007, 5, 8003, 9003, 8005, 5007, 1008, 9006, 8009, 7008]
bad
[3004, 2000, 2004, 6001, 2003, 5007, 5009, 1004, 5002, 7002, 7009, 3005, 1006, 9002, 6002, 6009, 2006, 7, 4002, 8000, 8008, 7009, 4003, 3002, 4003, 7001, 7007, 6007, 5, 8003, 9003, 8005, 5007, 1008, 9006, 8009, 7008, 3003]
---------------------------------------------------
|    |    |@   |    |    | P  |    | K  |    |    |
|~~~~|~~~~|....|....|....|~~~~|^^^^|^^^^|^^^^|^^^^|
---------------------------------------------------
|    |    |    | H  | T  | H  | F  |    |    |    |
|~~~~|####|^^^^|^^^^|^^^^|^^^^|^^^^|^^^^|^^^^|^^^^|
---------------------------------------------------
| E  | H  |    | T  | E  |    | K  |    |    |    |
|####|####|####|####|^^^^|^^^^|^^^^|^^^^|^^^^|~~~~|
---------------------------------------------------
|    |    | K  |    | E  | F  | H  |    |    | H  |
|....|####|####|####|****|****|^^^^|....|~~~~|~~~~|
---------------------------------------------------
|    |    | K  | PK |    |    |    |    |    |    |
|....|^^^^|^^^^|^^^^|****|****|^^^^|....|~~~~|~~~~|
---------------------------------------------------
| H  |    | F  |    |    |    |    | T  |    | T  |
|....|****|****|****|****|****|####|####|####|~~~~|
---------------------------------------------------
|    | E  | K  |    |    |    |    | P  |    | K  |
|....|****|****|****|****|****|****|####|####|####|
---------------------------------------------------
|    | P  | F  |    |    |    |    | P  |    | FK |
|****|****|****|****|****|~~~~|****|****|~~~~|~~~~|
---------------------------------------------------
| K  |    |    | P  |    |    |    |    | K  |    |
|....|....|****|****|~~~~|~~~~|~~~~|****|****|....|
---------------------------------------------------
|    |    | F  | P  |    |    |    |    | H  |    |
|~~~~|....|****|****|****|~~~~|****|****|****|....|
---------------------------------------------------
[4000, 8003, 2002, 3001, 3006, 9001, 9003, 6002, 2002, 8004, 1004, 6, 7008, 5001, 6006, 3007, 1005, 7003, 9005, 2002, 6006, 5008, 3008, 8000, 7, 6007, 3008, 1005, 5007, 7003, 6003, 7004]
bad
[4000, 8003, 2002, 3001, 3006, 9001, 9003, 6002, 2002, 8004, 1004, 6, 7008, 5001, 6006, 3007, 1005, 7003, 9005, 2002, 6006, 5008, 3008, 8000, 7, 6007, 3008, 1005, 5007, 7003, 6003, 7004, 2009]
[4000, 8003, 2002, 3001, 3006, 9001, 9003, 6002, 2002, 8004, 1004, 6, 7008, 5001, 6006, 3007, 1005, 7003, 9005, 2002, 6006, 5008, 3008, 8000, 7, 6007, 3008, 1005, 5007, 7003, 6003, 7004, 2009, 3004]
[4000, 8003, 2002, 3001, 3006, 9001, 9003, 6002, 2002, 8004, 1004, 6, 7008, 5001, 6006, 3007, 1005, 7003, 9005, 2002, 6006, 5008, 3008, 8000, 7, 6007, 3008, 1005, 5007, 7003, 6003, 7004, 2009, 3004, 5004]
[4000, 8003, 2002, 3001, 3006, 9001, 9003, 6002, 2002, 8004, 1004, 6, 7008, 5001, 6006, 3007, 1005, 7003, 9005, 2002, 6006, 5008, 3008, 8000, 7, 6007, 3008, 1005, 5007, 7003, 6003, 7004, 2009, 3004, 5004, 4007]
[4000, 8003, 2002, 3001, 3006, 9001, 9003, 6002, 2002, 8004, 1004, 6, 7008, 5001, 6006, 3007, 1005, 7003, 9005, 2002, 6006, 5008, 3008, 8000, 7, 6007, 3008, 1005, 5007, 7003, 6003, 7004, 2009, 3004, 5004, 4007, 2003]
bad
[4000, 8003, 2002, 3001, 3006, 9001, 9003, 6002, 2002, 8004, 1004, 6, 7008, 5001, 6006, 3007, 1005, 7003, 9005, 2002, 6006, 5008, 3008, 8000, 7, 6007, 3008, 1005, 5007, 7003, 6003, 7004, 2009, 3004, 5004, 4007, 2003, 1001]
---------------------------------------------------
| H  |    |@   |    |    |    | F  | P  |    |    |
|~~~~|~~~~|....|....|....|~~~~|^^^^|^^^^|^^^^|^^^^|
---------------------------------------------------
| H  |    |    |    | F  | PK |    |    |    |    |
|~~~~|####|^^^^|^^^^|^^^^|^^^^|^^^^|^^^^|^^^^|^^^^|
---------------------------------------------------
|    |    | KFE|    |    |    |    |    |    |    |
|####|####|####|####|^^^^|^^^^|^^^^|^^^^|^^^^|~~~~|
---------------------------------------------------
|    | E  |    |    |    |    | T  | K  | PK |    |
|....|####|####|####|****|****|^^^^|....|~~~~|~~~~|
---------------------------------------------------
| E  |    |    | H  |    |    |    |    |    |    |
|....|^^^^|^^^^|^^^^|****|****|^^^^|....|~~~~|~~~~|
---------------------------------------------------
|    | F  |    |    |    |    |    | P  | K  |    |
|....|****|****|****|****|****|####|####|####|~~~~|
---------------------------------------------------
|    |    | T  | P  | H  | HH | KK | P  |    |    |
|....|****|****|****|****|****|****|####|####|####|
---------------------------------------------------
|    |    |    | KP |    |    |    |    | F  |    |
|****|****|****|****|****|~~~~|****|****|~~~~|~~~~|
---------------------------------------------------
| K  |    |    | E  | F  |    |    |    |    |    |
|....|....|****|****|~~~~|~~~~|~~~~|****|****|....|
---------------------------------------------------
| H  | T  |    | T  |    | K  |    |    |    |    |
|~~~~|....|****|****|****|~~~~|****|****|****|....|
---------------------------------------------------
]]></system-out>
  <system-err><![CDATA[]]></system-err>
</testsuite>
